[2022-06-06T17:30:09.734Z] La validación encontró GIT en: git
[2022-06-06T17:30:09.827Z] Usando GIT 2.36.1 de git
[2022-06-06T17:30:10.940Z] > git rev-parse --show-toplevel [1091ms]
[2022-06-06T17:30:11.250Z] > git rev-parse --git-dir --git-common-dir [283ms]
[2022-06-06T17:30:11.262Z] Open repository: /home/jose/github/Docker
[2022-06-06T17:30:11.306Z] > git status -z -uall [16ms]
[2022-06-06T17:30:11.343Z] > git symbolic-ref --short HEAD [21ms]
[2022-06-06T17:30:11.395Z] > git for-each-ref --format=%(refname)%00%(upstream:short)%00%(objectname)%00%(upstream:track)%00%(upstream:remotename)%00%(upstream:remoteref) refs/heads/master refs/remotes/master [15ms]
[2022-06-06T17:30:11.449Z] > git for-each-ref --sort -committerdate --format %(refname) %(objectname) %(*objectname) [30ms]
[2022-06-06T17:30:11.590Z] > git remote --verbose [147ms]
[2022-06-06T17:30:11.675Z] > git config --get commit.template [5ms]
[2022-06-06T17:30:12.438Z] > git check-ignore -v -z --stdin [10ms]
[2022-06-06T17:30:13.334Z] > git show --textconv :README.md [22ms]
[2022-06-06T17:30:13.337Z] > git ls-files --stage -- /home/jose/github/Docker/README.md [9ms]
[2022-06-06T17:30:13.402Z] > git cat-file -s aab9ee2ea03c56ac6cd7f52341c699cf60295431 [2ms]
[2022-06-06T17:30:16.838Z] > git status -z -uall [4ms]
[2022-06-06T17:30:16.853Z] > git symbolic-ref --short HEAD [4ms]
[2022-06-06T17:30:16.869Z] > git for-each-ref --format=%(refname)%00%(upstream:short)%00%(objectname)%00%(upstream:track)%00%(upstream:remotename)%00%(upstream:remoteref) refs/heads/master refs/remotes/master [6ms]
[2022-06-06T17:30:16.899Z] > git for-each-ref --sort -committerdate --format %(refname) %(objectname) %(*objectname) [17ms]
[2022-06-06T17:30:16.901Z] > git remote --verbose [5ms]
[2022-06-06T17:30:16.929Z] > git config --get commit.template [6ms]
