[2022-06-06T10:12:01.797Z] La validación encontró GIT en: git
[2022-06-06T10:12:01.952Z] Usando GIT 2.36.1 de git
[2022-06-06T10:12:10.604Z] > git rev-parse --show-toplevel [8639ms]
[2022-06-06T10:12:10.604Z] fatal: not a git repository (or any parent up to mount point /)
Stopping at filesystem boundary (GIT_DISCOVERY_ACROSS_FILESYSTEM not set).
[2022-06-06T10:12:10.891Z] > git rev-parse --show-toplevel [279ms]
[2022-06-06T10:12:10.904Z] > git rev-parse --git-dir --git-common-dir [7ms]
[2022-06-06T10:12:10.907Z] Open repository: /home/jose/github/Docker
[2022-06-06T10:12:10.925Z] > git rev-parse --show-toplevel [4ms]
[2022-06-06T10:12:10.925Z] fatal: not a git repository (or any parent up to mount point /)
Stopping at filesystem boundary (GIT_DISCOVERY_ACROSS_FILESYSTEM not set).
[2022-06-06T10:12:10.937Z] > git rev-parse --show-toplevel [4ms]
[2022-06-06T10:12:10.937Z] fatal: not a git repository (or any parent up to mount point /)
Stopping at filesystem boundary (GIT_DISCOVERY_ACROSS_FILESYSTEM not set).
[2022-06-06T10:12:10.952Z] > git rev-parse --show-toplevel [3ms]
[2022-06-06T10:12:10.952Z] fatal: not a git repository (or any parent up to mount point /)
Stopping at filesystem boundary (GIT_DISCOVERY_ACROSS_FILESYSTEM not set).
[2022-06-06T10:12:10.958Z] > git rev-parse --show-toplevel [1ms]
[2022-06-06T10:12:10.958Z] fatal: not a git repository (or any parent up to mount point /)
Stopping at filesystem boundary (GIT_DISCOVERY_ACROSS_FILESYSTEM not set).
[2022-06-06T10:12:10.966Z] > git rev-parse --show-toplevel [1ms]
[2022-06-06T10:12:10.966Z] fatal: not a git repository (or any parent up to mount point /)
Stopping at filesystem boundary (GIT_DISCOVERY_ACROSS_FILESYSTEM not set).
[2022-06-06T10:12:10.979Z] > git rev-parse --show-toplevel [7ms]
[2022-06-06T10:12:10.979Z] fatal: not a git repository (or any parent up to mount point /)
Stopping at filesystem boundary (GIT_DISCOVERY_ACROSS_FILESYSTEM not set).
[2022-06-06T10:12:10.991Z] > git rev-parse --show-toplevel [5ms]
[2022-06-06T10:12:10.991Z] fatal: not a git repository (or any parent up to mount point /)
Stopping at filesystem boundary (GIT_DISCOVERY_ACROSS_FILESYSTEM not set).
[2022-06-06T10:12:11.000Z] > git rev-parse --show-toplevel [0ms]
[2022-06-06T10:12:11.000Z] fatal: not a git repository (or any parent up to mount point /)
Stopping at filesystem boundary (GIT_DISCOVERY_ACROSS_FILESYSTEM not set).
[2022-06-06T10:12:11.006Z] > git rev-parse --show-toplevel [1ms]
[2022-06-06T10:12:11.006Z] fatal: not a git repository (or any parent up to mount point /)
Stopping at filesystem boundary (GIT_DISCOVERY_ACROSS_FILESYSTEM not set).
[2022-06-06T10:12:11.014Z] > git rev-parse --show-toplevel [3ms]
[2022-06-06T10:12:11.015Z] fatal: not a git repository (or any parent up to mount point /)
Stopping at filesystem boundary (GIT_DISCOVERY_ACROSS_FILESYSTEM not set).
[2022-06-06T10:12:11.021Z] > git rev-parse --show-toplevel [1ms]
[2022-06-06T10:12:11.021Z] fatal: not a git repository (or any parent up to mount point /)
Stopping at filesystem boundary (GIT_DISCOVERY_ACROSS_FILESYSTEM not set).
[2022-06-06T10:12:11.027Z] > git rev-parse --show-toplevel [1ms]
[2022-06-06T10:12:11.027Z] fatal: not a git repository (or any parent up to mount point /)
Stopping at filesystem boundary (GIT_DISCOVERY_ACROSS_FILESYSTEM not set).
[2022-06-06T10:12:11.033Z] > git rev-parse --show-toplevel [1ms]
[2022-06-06T10:12:11.033Z] fatal: not a git repository (or any parent up to mount point /)
Stopping at filesystem boundary (GIT_DISCOVERY_ACROSS_FILESYSTEM not set).
[2022-06-06T10:12:11.039Z] > git rev-parse --show-toplevel [1ms]
[2022-06-06T10:12:11.039Z] fatal: not a git repository (or any parent up to mount point /)
Stopping at filesystem boundary (GIT_DISCOVERY_ACROSS_FILESYSTEM not set).
[2022-06-06T10:12:11.224Z] > git rev-parse --show-toplevel [179ms]
[2022-06-06T10:12:11.237Z] > git rev-parse --git-dir --git-common-dir [2ms]
[2022-06-06T10:12:11.241Z] Open repository: /home/jose/.powerlevel10k
[2022-06-06T10:12:11.264Z] > git rev-parse --show-toplevel [5ms]
[2022-06-06T10:12:11.264Z] fatal: not a git repository (or any parent up to mount point /)
Stopping at filesystem boundary (GIT_DISCOVERY_ACROSS_FILESYSTEM not set).
[2022-06-06T10:12:11.278Z] > git rev-parse --show-toplevel [5ms]
[2022-06-06T10:12:11.278Z] fatal: not a git repository (or any parent up to mount point /)
Stopping at filesystem boundary (GIT_DISCOVERY_ACROSS_FILESYSTEM not set).
[2022-06-06T10:12:11.289Z] > git rev-parse --show-toplevel [2ms]
[2022-06-06T10:12:11.289Z] fatal: not a git repository (or any parent up to mount point /)
Stopping at filesystem boundary (GIT_DISCOVERY_ACROSS_FILESYSTEM not set).
[2022-06-06T10:12:11.298Z] > git rev-parse --show-toplevel [1ms]
[2022-06-06T10:12:11.298Z] fatal: not a git repository (or any parent up to mount point /)
Stopping at filesystem boundary (GIT_DISCOVERY_ACROSS_FILESYSTEM not set).
[2022-06-06T10:12:11.318Z] > git rev-parse --show-toplevel [12ms]
[2022-06-06T10:12:11.318Z] fatal: not a git repository (or any parent up to mount point /)
Stopping at filesystem boundary (GIT_DISCOVERY_ACROSS_FILESYSTEM not set).
[2022-06-06T10:12:11.325Z] > git rev-parse --show-toplevel [1ms]
[2022-06-06T10:12:11.325Z] fatal: not a git repository (or any parent up to mount point /)
Stopping at filesystem boundary (GIT_DISCOVERY_ACROSS_FILESYSTEM not set).
[2022-06-06T10:12:11.334Z] > git rev-parse --show-toplevel [1ms]
[2022-06-06T10:12:11.334Z] fatal: not a git repository (or any parent up to mount point /)
Stopping at filesystem boundary (GIT_DISCOVERY_ACROSS_FILESYSTEM not set).
[2022-06-06T10:12:11.340Z] > git rev-parse --show-toplevel [1ms]
[2022-06-06T10:12:11.340Z] fatal: not a git repository (or any parent up to mount point /)
Stopping at filesystem boundary (GIT_DISCOVERY_ACROSS_FILESYSTEM not set).
[2022-06-06T10:12:11.346Z] > git rev-parse --show-toplevel [0ms]
[2022-06-06T10:12:11.346Z] fatal: not a git repository (or any parent up to mount point /)
Stopping at filesystem boundary (GIT_DISCOVERY_ACROSS_FILESYSTEM not set).
[2022-06-06T10:12:11.352Z] > git rev-parse --show-toplevel [1ms]
[2022-06-06T10:12:11.352Z] fatal: not a git repository (or any parent up to mount point /)
Stopping at filesystem boundary (GIT_DISCOVERY_ACROSS_FILESYSTEM not set).
[2022-06-06T10:12:11.358Z] > git rev-parse --show-toplevel [1ms]
[2022-06-06T10:12:11.359Z] fatal: not a git repository (or any parent up to mount point /)
Stopping at filesystem boundary (GIT_DISCOVERY_ACROSS_FILESYSTEM not set).
[2022-06-06T10:12:11.364Z] > git rev-parse --show-toplevel [1ms]
[2022-06-06T10:12:11.364Z] fatal: not a git repository (or any parent up to mount point /)
Stopping at filesystem boundary (GIT_DISCOVERY_ACROSS_FILESYSTEM not set).
[2022-06-06T10:12:11.373Z] > git rev-parse --show-toplevel [1ms]
[2022-06-06T10:12:11.373Z] fatal: not a git repository (or any parent up to mount point /)
Stopping at filesystem boundary (GIT_DISCOVERY_ACROSS_FILESYSTEM not set).
[2022-06-06T10:12:11.379Z] > git rev-parse --show-toplevel [1ms]
[2022-06-06T10:12:11.379Z] fatal: not a git repository (or any parent up to mount point /)
Stopping at filesystem boundary (GIT_DISCOVERY_ACROSS_FILESYSTEM not set).
[2022-06-06T10:12:11.675Z] > git ls-files --stage -- /home/jose/github/Docker/README.md [286ms]
[2022-06-06T10:12:11.873Z] > git show --textconv :README.md [489ms]
[2022-06-06T10:12:12.010Z] > git check-ignore -v -z --stdin [554ms]
[2022-06-06T10:12:12.011Z] > git cat-file -s 07499007f1d29a1bd1050f1539619c4f8fe44313 [327ms]
[2022-06-06T10:12:12.221Z] > git status -z -uall [1307ms]
[2022-06-06T10:12:12.296Z] > git symbolic-ref --short HEAD [67ms]
[2022-06-06T10:12:12.406Z] > git for-each-ref --format=%(refname)%00%(upstream:short)%00%(objectname)%00%(upstream:track)%00%(upstream:remotename)%00%(upstream:remoteref) refs/heads/master refs/remotes/master [103ms]
[2022-06-06T10:12:12.425Z] > git remote --verbose [2ms]
[2022-06-06T10:12:12.429Z] > git for-each-ref --sort -committerdate --format %(refname) %(objectname) %(*objectname) [13ms]
[2022-06-06T10:12:12.438Z] > git config --get commit.template [1ms]
[2022-06-06T10:12:12.646Z] > git status -z -uall [1395ms]
[2022-06-06T10:12:12.658Z] > git symbolic-ref --short HEAD [2ms]
[2022-06-06T10:12:12.673Z] > git for-each-ref --format=%(refname)%00%(upstream:short)%00%(objectname)%00%(upstream:track)%00%(upstream:remotename)%00%(upstream:remoteref) refs/heads/master refs/remotes/master [7ms]
[2022-06-06T10:12:12.690Z] > git remote --verbose [2ms]
[2022-06-06T10:12:12.700Z] > git for-each-ref --sort -committerdate --format %(refname) %(objectname) %(*objectname) [19ms]
[2022-06-06T10:12:12.713Z] > git config --get commit.template [2ms]
[2022-06-06T10:13:28.140Z] > git status -z -uall [17ms]
[2022-06-06T10:13:28.149Z] > git symbolic-ref --short HEAD [2ms]
[2022-06-06T10:13:28.159Z] > git for-each-ref --format=%(refname)%00%(upstream:short)%00%(objectname)%00%(upstream:track)%00%(upstream:remotename)%00%(upstream:remoteref) refs/heads/master refs/remotes/master [2ms]
[2022-06-06T10:13:28.175Z] > git for-each-ref --sort -committerdate --format %(refname) %(objectname) %(*objectname) [8ms]
[2022-06-06T10:13:28.177Z] > git remote --verbose [4ms]
[2022-06-06T10:13:28.192Z] > git config --get commit.template [2ms]
[2022-06-06T10:13:33.207Z] > git status -z -uall [3ms]
[2022-06-06T10:13:33.217Z] > git symbolic-ref --short HEAD [1ms]
[2022-06-06T10:13:33.226Z] > git for-each-ref --format=%(refname)%00%(upstream:short)%00%(objectname)%00%(upstream:track)%00%(upstream:remotename)%00%(upstream:remoteref) refs/heads/master refs/remotes/master [1ms]
[2022-06-06T10:13:33.242Z] > git for-each-ref --sort -committerdate --format %(refname) %(objectname) %(*objectname) [9ms]
[2022-06-06T10:13:33.243Z] > git remote --verbose [3ms]
[2022-06-06T10:13:33.253Z] > git config --get commit.template [1ms]
[2022-06-06T10:13:38.292Z] > git status -z -uall [8ms]
[2022-06-06T10:13:38.318Z] > git symbolic-ref --short HEAD [2ms]
[2022-06-06T10:13:38.344Z] > git for-each-ref --format=%(refname)%00%(upstream:short)%00%(objectname)%00%(upstream:track)%00%(upstream:remotename)%00%(upstream:remoteref) refs/heads/master refs/remotes/master [9ms]
[2022-06-06T10:13:38.380Z] > git for-each-ref --sort -committerdate --format %(refname) %(objectname) %(*objectname) [18ms]
[2022-06-06T10:13:38.381Z] > git remote --verbose [2ms]
[2022-06-06T10:13:38.422Z] > git config --get commit.template [11ms]
[2022-06-06T10:13:44.383Z] > git status -z -uall [2ms]
[2022-06-06T10:13:44.399Z] > git symbolic-ref --short HEAD [4ms]
[2022-06-06T10:13:44.412Z] > git for-each-ref --format=%(refname)%00%(upstream:short)%00%(objectname)%00%(upstream:track)%00%(upstream:remotename)%00%(upstream:remoteref) refs/heads/master refs/remotes/master [2ms]
[2022-06-06T10:13:44.432Z] > git for-each-ref --sort -committerdate --format %(refname) %(objectname) %(*objectname) [9ms]
[2022-06-06T10:13:44.433Z] > git remote --verbose [2ms]
[2022-06-06T10:13:44.444Z] > git config --get commit.template [1ms]
[2022-06-06T10:13:49.462Z] > git status -z -uall [2ms]
[2022-06-06T10:13:49.475Z] > git symbolic-ref --short HEAD [2ms]
[2022-06-06T10:13:49.490Z] > git for-each-ref --format=%(refname)%00%(upstream:short)%00%(objectname)%00%(upstream:track)%00%(upstream:remotename)%00%(upstream:remoteref) refs/heads/master refs/remotes/master [2ms]
[2022-06-06T10:13:49.519Z] > git for-each-ref --sort -committerdate --format %(refname) %(objectname) %(*objectname) [16ms]
[2022-06-06T10:13:49.520Z] > git remote --verbose [7ms]
[2022-06-06T10:13:49.532Z] > git config --get commit.template [1ms]
[2022-06-06T10:13:54.549Z] > git status -z -uall [3ms]
[2022-06-06T10:13:54.562Z] > git symbolic-ref --short HEAD [1ms]
[2022-06-06T10:13:54.575Z] > git for-each-ref --format=%(refname)%00%(upstream:short)%00%(objectname)%00%(upstream:track)%00%(upstream:remotename)%00%(upstream:remoteref) refs/heads/master refs/remotes/master [2ms]
[2022-06-06T10:13:54.597Z] > git for-each-ref --sort -committerdate --format %(refname) %(objectname) %(*objectname) [11ms]
[2022-06-06T10:13:54.599Z] > git remote --verbose [3ms]
[2022-06-06T10:13:54.615Z] > git config --get commit.template [2ms]
[2022-06-06T10:13:59.637Z] > git status -z -uall [4ms]
[2022-06-06T10:13:59.650Z] > git symbolic-ref --short HEAD [1ms]
[2022-06-06T10:13:59.664Z] > git for-each-ref --format=%(refname)%00%(upstream:short)%00%(objectname)%00%(upstream:track)%00%(upstream:remotename)%00%(upstream:remoteref) refs/heads/master refs/remotes/master [2ms]
[2022-06-06T10:13:59.688Z] > git for-each-ref --sort -committerdate --format %(refname) %(objectname) %(*objectname) [12ms]
[2022-06-06T10:13:59.688Z] > git remote --verbose [2ms]
[2022-06-06T10:13:59.705Z] > git config --get commit.template [2ms]
[2022-06-06T10:14:04.723Z] > git status -z -uall [3ms]
[2022-06-06T10:14:04.736Z] > git symbolic-ref --short HEAD [2ms]
[2022-06-06T10:14:04.745Z] > git for-each-ref --format=%(refname)%00%(upstream:short)%00%(objectname)%00%(upstream:track)%00%(upstream:remotename)%00%(upstream:remoteref) refs/heads/master refs/remotes/master [1ms]
[2022-06-06T10:14:04.762Z] > git for-each-ref --sort -committerdate --format %(refname) %(objectname) %(*objectname) [9ms]
[2022-06-06T10:14:04.763Z] > git remote --verbose [2ms]
[2022-06-06T10:14:04.774Z] > git config --get commit.template [1ms]
[2022-06-06T10:14:09.788Z] > git status -z -uall [3ms]
[2022-06-06T10:14:09.801Z] > git symbolic-ref --short HEAD [2ms]
[2022-06-06T10:14:09.813Z] > git for-each-ref --format=%(refname)%00%(upstream:short)%00%(objectname)%00%(upstream:track)%00%(upstream:remotename)%00%(upstream:remoteref) refs/heads/master refs/remotes/master [3ms]
[2022-06-06T10:14:09.829Z] > git for-each-ref --sort -committerdate --format %(refname) %(objectname) %(*objectname) [8ms]
[2022-06-06T10:14:09.830Z] > git remote --verbose [2ms]
[2022-06-06T10:14:09.840Z] > git config --get commit.template [2ms]
[2022-06-06T10:16:15.451Z] > git status -z -uall [8ms]
[2022-06-06T10:16:15.507Z] > git symbolic-ref --short HEAD [35ms]
[2022-06-06T10:16:15.539Z] > git ls-files --stage -- /home/jose/github/Docker/README.md [37ms]
[2022-06-06T10:16:15.600Z] > git for-each-ref --format=%(refname)%00%(upstream:short)%00%(objectname)%00%(upstream:track)%00%(upstream:remotename)%00%(upstream:remoteref) refs/heads/master refs/remotes/master [71ms]
[2022-06-06T10:16:15.629Z] > git for-each-ref --sort -committerdate --format %(refname) %(objectname) %(*objectname) [18ms]
[2022-06-06T10:16:15.630Z] > git cat-file -s 5e6a0b92321c0e530133900fdd51a2bd3a5a2cf5 [32ms]
[2022-06-06T10:16:15.632Z] > git remote --verbose [9ms]
[2022-06-06T10:16:15.674Z] > git show --textconv :README.md [19ms]
[2022-06-06T10:16:15.679Z] > git config --get commit.template [6ms]
[2022-06-06T10:17:10.462Z] > git status -z -uall [6ms]
[2022-06-06T10:17:10.525Z] > git symbolic-ref --short HEAD [33ms]
[2022-06-06T10:17:10.551Z] > git ls-files --stage -- /home/jose/github/Docker/README.md [28ms]
[2022-06-06T10:17:10.560Z] > git for-each-ref --format=%(refname)%00%(upstream:short)%00%(objectname)%00%(upstream:track)%00%(upstream:remotename)%00%(upstream:remoteref) refs/heads/master refs/remotes/master [11ms]
[2022-06-06T10:17:10.595Z] > git for-each-ref --sort -committerdate --format %(refname) %(objectname) %(*objectname) [26ms]
[2022-06-06T10:17:10.595Z] > git cat-file -s 5e6a0b92321c0e530133900fdd51a2bd3a5a2cf5 [37ms]
[2022-06-06T10:17:10.596Z] > git remote --verbose [7ms]
[2022-06-06T10:17:10.624Z] > git show --textconv :README.md [14ms]
[2022-06-06T10:17:10.624Z] > git config --get commit.template [2ms]
[2022-06-06T10:17:15.640Z] > git status -z -uall [3ms]
[2022-06-06T10:17:15.652Z] > git symbolic-ref --short HEAD [1ms]
[2022-06-06T10:17:15.664Z] > git for-each-ref --format=%(refname)%00%(upstream:short)%00%(objectname)%00%(upstream:track)%00%(upstream:remotename)%00%(upstream:remoteref) refs/heads/master refs/remotes/master [3ms]
[2022-06-06T10:17:15.682Z] > git for-each-ref --sort -committerdate --format %(refname) %(objectname) %(*objectname) [9ms]
[2022-06-06T10:17:15.683Z] > git remote --verbose [2ms]
[2022-06-06T10:17:15.698Z] > git config --get commit.template [1ms]
[2022-06-06T10:17:23.970Z] > git status -z -uall [10ms]
[2022-06-06T10:17:24.016Z] > git symbolic-ref --short HEAD [6ms]
[2022-06-06T10:17:24.041Z] > git for-each-ref --format=%(refname)%00%(upstream:short)%00%(objectname)%00%(upstream:track)%00%(upstream:remotename)%00%(upstream:remoteref) refs/heads/master refs/remotes/master [2ms]
[2022-06-06T10:17:24.073Z] > git remote --verbose [3ms]
[2022-06-06T10:17:24.074Z] > git for-each-ref --sort -committerdate --format %(refname) %(objectname) %(*objectname) [14ms]
[2022-06-06T10:17:24.088Z] > git config --get commit.template [2ms]
[2022-06-06T10:17:29.103Z] > git status -z -uall [2ms]
[2022-06-06T10:17:29.114Z] > git symbolic-ref --short HEAD [1ms]
[2022-06-06T10:17:29.123Z] > git for-each-ref --format=%(refname)%00%(upstream:short)%00%(objectname)%00%(upstream:track)%00%(upstream:remotename)%00%(upstream:remoteref) refs/heads/master refs/remotes/master [2ms]
[2022-06-06T10:17:29.138Z] > git for-each-ref --sort -committerdate --format %(refname) %(objectname) %(*objectname) [9ms]
[2022-06-06T10:17:29.138Z] > git remote --verbose [2ms]
[2022-06-06T10:17:29.149Z] > git config --get commit.template [1ms]
[2022-06-06T10:17:34.910Z] > git status -z -uall [3ms]
[2022-06-06T10:17:34.921Z] > git symbolic-ref --short HEAD [2ms]
[2022-06-06T10:17:34.932Z] > git for-each-ref --format=%(refname)%00%(upstream:short)%00%(objectname)%00%(upstream:track)%00%(upstream:remotename)%00%(upstream:remoteref) refs/heads/master refs/remotes/master [2ms]
[2022-06-06T10:17:34.946Z] > git for-each-ref --sort -committerdate --format %(refname) %(objectname) %(*objectname) [7ms]
[2022-06-06T10:17:34.947Z] > git remote --verbose [2ms]
[2022-06-06T10:17:34.957Z] > git config --get commit.template [1ms]
[2022-06-06T10:19:31.176Z] > git status -z -uall [19ms]
[2022-06-06T10:19:31.192Z] > git symbolic-ref --short HEAD [2ms]
[2022-06-06T10:19:31.210Z] > git for-each-ref --format=%(refname)%00%(upstream:short)%00%(objectname)%00%(upstream:track)%00%(upstream:remotename)%00%(upstream:remoteref) refs/heads/master refs/remotes/master [2ms]
[2022-06-06T10:19:31.238Z] > git for-each-ref --sort -committerdate --format %(refname) %(objectname) %(*objectname) [17ms]
[2022-06-06T10:19:31.239Z] > git remote --verbose [2ms]
[2022-06-06T10:19:31.258Z] > git config --get commit.template [1ms]
[2022-06-06T10:19:36.274Z] > git status -z -uall [3ms]
[2022-06-06T10:19:36.284Z] > git symbolic-ref --short HEAD [1ms]
[2022-06-06T10:19:36.294Z] > git for-each-ref --format=%(refname)%00%(upstream:short)%00%(objectname)%00%(upstream:track)%00%(upstream:remotename)%00%(upstream:remoteref) refs/heads/master refs/remotes/master [2ms]
[2022-06-06T10:19:36.307Z] > git for-each-ref --sort -committerdate --format %(refname) %(objectname) %(*objectname) [7ms]
[2022-06-06T10:19:36.308Z] > git remote --verbose [2ms]
[2022-06-06T10:19:36.320Z] > git config --get commit.template [2ms]
[2022-06-06T10:19:41.334Z] > git status -z -uall [3ms]
[2022-06-06T10:19:41.346Z] > git symbolic-ref --short HEAD [2ms]
[2022-06-06T10:19:41.356Z] > git for-each-ref --format=%(refname)%00%(upstream:short)%00%(objectname)%00%(upstream:track)%00%(upstream:remotename)%00%(upstream:remoteref) refs/heads/master refs/remotes/master [1ms]
[2022-06-06T10:19:41.371Z] > git for-each-ref --sort -committerdate --format %(refname) %(objectname) %(*objectname) [7ms]
[2022-06-06T10:19:41.371Z] > git remote --verbose [1ms]
[2022-06-06T10:19:41.382Z] > git config --get commit.template [2ms]
[2022-06-06T10:19:46.400Z] > git status -z -uall [2ms]
[2022-06-06T10:19:46.412Z] > git symbolic-ref --short HEAD [2ms]
[2022-06-06T10:19:46.423Z] > git for-each-ref --format=%(refname)%00%(upstream:short)%00%(objectname)%00%(upstream:track)%00%(upstream:remotename)%00%(upstream:remoteref) refs/heads/master refs/remotes/master [2ms]
[2022-06-06T10:19:46.441Z] > git for-each-ref --sort -committerdate --format %(refname) %(objectname) %(*objectname) [9ms]
[2022-06-06T10:19:46.442Z] > git remote --verbose [3ms]
[2022-06-06T10:19:46.454Z] > git config --get commit.template [1ms]
[2022-06-06T10:19:52.304Z] > git status -z -uall [3ms]
[2022-06-06T10:19:52.314Z] > git symbolic-ref --short HEAD [1ms]
[2022-06-06T10:19:52.325Z] > git for-each-ref --format=%(refname)%00%(upstream:short)%00%(objectname)%00%(upstream:track)%00%(upstream:remotename)%00%(upstream:remoteref) refs/heads/master refs/remotes/master [2ms]
[2022-06-06T10:19:52.342Z] > git for-each-ref --sort -committerdate --format %(refname) %(objectname) %(*objectname) [9ms]
[2022-06-06T10:19:52.343Z] > git remote --verbose [2ms]
[2022-06-06T10:19:52.356Z] > git config --get commit.template [1ms]
[2022-06-06T10:19:57.371Z] > git status -z -uall [3ms]
[2022-06-06T10:19:57.381Z] > git symbolic-ref --short HEAD [1ms]
[2022-06-06T10:19:57.393Z] > git for-each-ref --format=%(refname)%00%(upstream:short)%00%(objectname)%00%(upstream:track)%00%(upstream:remotename)%00%(upstream:remoteref) refs/heads/master refs/remotes/master [2ms]
[2022-06-06T10:19:57.415Z] > git remote --verbose [1ms]
[2022-06-06T10:19:57.415Z] > git for-each-ref --sort -committerdate --format %(refname) %(objectname) %(*objectname) [12ms]
[2022-06-06T10:19:57.430Z] > git config --get commit.template [2ms]
[2022-06-06T10:20:49.147Z] > git status -z -uall [8ms]
[2022-06-06T10:20:49.207Z] > git symbolic-ref --short HEAD [30ms]
[2022-06-06T10:20:49.229Z] > git ls-files --stage -- /home/jose/github/Docker/README.md [25ms]
[2022-06-06T10:20:49.240Z] > git for-each-ref --format=%(refname)%00%(upstream:short)%00%(objectname)%00%(upstream:track)%00%(upstream:remotename)%00%(upstream:remoteref) refs/heads/master refs/remotes/master [14ms]
[2022-06-06T10:20:49.268Z] > git for-each-ref --sort -committerdate --format %(refname) %(objectname) %(*objectname) [14ms]
[2022-06-06T10:20:49.269Z] > git cat-file -s 86f0b597f8e40a593039054b480fdab0b8ff992d [30ms]
[2022-06-06T10:20:49.270Z] > git remote --verbose [6ms]
[2022-06-06T10:20:49.303Z] > git config --get commit.template [21ms]
[2022-06-06T10:20:49.304Z] > git show --textconv :README.md [2ms]
[2022-06-06T10:20:52.279Z] > git rev-parse --show-toplevel [25ms]
[2022-06-06T10:20:52.321Z] > git rev-parse --git-dir --git-common-dir [6ms]
[2022-06-06T10:20:52.333Z] Open repository: /home/jose/github/dotfiles
[2022-06-06T10:20:53.009Z] > git check-ignore -v -z --stdin [2ms]
[2022-06-06T10:20:53.165Z] > git ls-files --stage -- /home/jose/github/dotfiles/README.md [510ms]
[2022-06-06T10:20:53.419Z] > git cat-file -s 008e72670532cd23272c247a5a52af782a2e62e3 [231ms]
[2022-06-06T10:20:53.421Z] > git show --textconv :README.md [774ms]
[2022-06-06T10:20:53.819Z] > git check-ignore -v -z --stdin [820ms]
[2022-06-06T10:20:54.315Z] > git status -z -uall [2ms]
[2022-06-06T10:20:54.326Z] > git symbolic-ref --short HEAD [1ms]
[2022-06-06T10:20:54.335Z] > git for-each-ref --format=%(refname)%00%(upstream:short)%00%(objectname)%00%(upstream:track)%00%(upstream:remotename)%00%(upstream:remoteref) refs/heads/master refs/remotes/master [1ms]
[2022-06-06T10:20:54.352Z] > git for-each-ref --sort -committerdate --format %(refname) %(objectname) %(*objectname) [8ms]
[2022-06-06T10:20:54.353Z] > git remote --verbose [1ms]
[2022-06-06T10:20:54.364Z] > git config --get commit.template [1ms]
[2022-06-06T10:20:54.399Z] > git status -z -uall [2050ms]
[2022-06-06T10:20:54.409Z] > git symbolic-ref --short HEAD [2ms]
[2022-06-06T10:20:54.434Z] > git for-each-ref --format=%(refname)%00%(upstream:short)%00%(objectname)%00%(upstream:track)%00%(upstream:remotename)%00%(upstream:remoteref) refs/heads/master refs/remotes/master [17ms]
[2022-06-06T10:20:54.451Z] > git remote --verbose [1ms]
[2022-06-06T10:20:54.457Z] > git for-each-ref --sort -committerdate --format %(refname) %(objectname) %(*objectname) [15ms]
[2022-06-06T10:20:54.473Z] > git config --get commit.template [2ms]
[2022-06-06T10:21:00.324Z] > git show --textconv :README.md [8ms]
[2022-06-06T10:21:00.326Z] > git ls-files --stage -- /home/jose/github/Docker/README.md [1ms]
[2022-06-06T10:21:00.334Z] > git cat-file -s 86f0b597f8e40a593039054b480fdab0b8ff992d [2ms]
[2022-06-06T10:21:00.665Z] > git check-ignore -v -z --stdin [2ms]
[2022-06-06T10:22:02.191Z] > git status -z -uall [5ms]
[2022-06-06T10:22:02.259Z] > git symbolic-ref --short HEAD [35ms]
[2022-06-06T10:22:02.270Z] > git ls-files --stage -- /home/jose/github/Docker/README.md [14ms]
[2022-06-06T10:22:02.285Z] > git for-each-ref --format=%(refname)%00%(upstream:short)%00%(objectname)%00%(upstream:track)%00%(upstream:remotename)%00%(upstream:remoteref) refs/heads/master refs/remotes/master [15ms]
[2022-06-06T10:22:02.321Z] > git for-each-ref --sort -committerdate --format %(refname) %(objectname) %(*objectname) [20ms]
[2022-06-06T10:22:02.321Z] > git cat-file -s 23c7c83998a9a94cf21f6b7bd706ad9979ad8077 [38ms]
[2022-06-06T10:22:02.322Z] > git remote --verbose [4ms]
[2022-06-06T10:22:02.360Z] > git show --textconv :README.md [19ms]
[2022-06-06T10:22:02.363Z] > git config --get commit.template [6ms]
[2022-06-06T10:22:03.670Z] > git show --textconv :README.md [18ms]
[2022-06-06T10:22:03.686Z] > git ls-files --stage -- /home/jose/github/dotfiles/README.md [18ms]
[2022-06-06T10:22:03.694Z] > git cat-file -s 008e72670532cd23272c247a5a52af782a2e62e3 [1ms]
[2022-06-06T10:22:05.731Z] > git show --textconv :README.md [11ms]
[2022-06-06T10:22:05.733Z] > git ls-files --stage -- /home/jose/github/Docker/README.md [3ms]
[2022-06-06T10:22:05.743Z] > git cat-file -s 23c7c83998a9a94cf21f6b7bd706ad9979ad8077 [1ms]
[2022-06-06T10:22:07.381Z] > git status -z -uall [4ms]
[2022-06-06T10:22:07.391Z] > git symbolic-ref --short HEAD [1ms]
[2022-06-06T10:22:07.401Z] > git for-each-ref --format=%(refname)%00%(upstream:short)%00%(objectname)%00%(upstream:track)%00%(upstream:remotename)%00%(upstream:remoteref) refs/heads/master refs/remotes/master [1ms]
[2022-06-06T10:22:07.418Z] > git for-each-ref --sort -committerdate --format %(refname) %(objectname) %(*objectname) [8ms]
[2022-06-06T10:22:07.419Z] > git remote --verbose [2ms]
[2022-06-06T10:22:07.432Z] > git config --get commit.template [2ms]
[2022-06-06T10:22:08.261Z] > git show --textconv :README.md [14ms]
[2022-06-06T10:22:08.274Z] > git ls-files --stage -- /home/jose/github/dotfiles/README.md [14ms]
[2022-06-06T10:22:08.283Z] > git cat-file -s 008e72670532cd23272c247a5a52af782a2e62e3 [2ms]
[2022-06-06T10:22:09.420Z] > git show --textconv :README.md [8ms]
[2022-06-06T10:22:09.423Z] > git ls-files --stage -- /home/jose/github/Docker/README.md [4ms]
[2022-06-06T10:22:09.431Z] > git cat-file -s 23c7c83998a9a94cf21f6b7bd706ad9979ad8077 [1ms]
[2022-06-06T10:22:13.641Z] > git status -z -uall [2ms]
[2022-06-06T10:22:13.654Z] > git symbolic-ref --short HEAD [1ms]
[2022-06-06T10:22:13.664Z] > git for-each-ref --format=%(refname)%00%(upstream:short)%00%(objectname)%00%(upstream:track)%00%(upstream:remotename)%00%(upstream:remoteref) refs/heads/master refs/remotes/master [2ms]
[2022-06-06T10:22:13.680Z] > git for-each-ref --sort -committerdate --format %(refname) %(objectname) %(*objectname) [8ms]
[2022-06-06T10:22:13.681Z] > git remote --verbose [2ms]
[2022-06-06T10:22:13.693Z] > git config --get commit.template [1ms]
[2022-06-06T10:22:18.165Z] > git show --textconv :README.md [11ms]
[2022-06-06T10:22:18.177Z] > git ls-files --stage -- /home/jose/github/dotfiles/README.md [13ms]
[2022-06-06T10:22:18.185Z] > git cat-file -s 008e72670532cd23272c247a5a52af782a2e62e3 [1ms]
[2022-06-06T10:22:18.711Z] > git status -z -uall [3ms]
[2022-06-06T10:22:18.726Z] > git symbolic-ref --short HEAD [1ms]
[2022-06-06T10:22:18.737Z] > git for-each-ref --format=%(refname)%00%(upstream:short)%00%(objectname)%00%(upstream:track)%00%(upstream:remotename)%00%(upstream:remoteref) refs/heads/master refs/remotes/master [4ms]
[2022-06-06T10:22:18.760Z] > git for-each-ref --sort -committerdate --format %(refname) %(objectname) %(*objectname) [13ms]
[2022-06-06T10:22:18.760Z] > git remote --verbose [2ms]
[2022-06-06T10:22:18.776Z] > git config --get commit.template [2ms]
[2022-06-06T10:22:20.742Z] > git show --textconv :README.md [17ms]
[2022-06-06T10:22:20.742Z] > git ls-files --stage -- /home/jose/github/Docker/README.md [2ms]
[2022-06-06T10:22:20.752Z] > git cat-file -s 23c7c83998a9a94cf21f6b7bd706ad9979ad8077 [2ms]
[2022-06-06T10:26:39.706Z] > git status -z -uall [10ms]
[2022-06-06T10:26:39.774Z] > git symbolic-ref --short HEAD [34ms]
[2022-06-06T10:26:39.802Z] > git ls-files --stage -- /home/jose/github/Docker/README.md [31ms]
[2022-06-06T10:26:39.829Z] > git for-each-ref --format=%(refname)%00%(upstream:short)%00%(objectname)%00%(upstream:track)%00%(upstream:remotename)%00%(upstream:remoteref) refs/heads/master refs/remotes/master [28ms]
[2022-06-06T10:26:39.872Z] > git remote --verbose [8ms]
[2022-06-06T10:26:39.872Z] > git for-each-ref --sort -committerdate --format %(refname) %(objectname) %(*objectname) [23ms]
[2022-06-06T10:26:39.879Z] > git cat-file -s 9d3cc2d88d1942d4337b0bb1b18f05ab4ad4dcc5 [51ms]
[2022-06-06T10:26:39.914Z] > git config --get commit.template [14ms]
[2022-06-06T10:26:39.915Z] > git show --textconv :README.md [2ms]
[2022-06-06T10:26:52.156Z] > git show --textconv :README.md [16ms]
[2022-06-06T10:26:52.167Z] > git ls-files --stage -- /home/jose/github/dotfiles/README.md [15ms]
[2022-06-06T10:26:52.174Z] > git cat-file -s 008e72670532cd23272c247a5a52af782a2e62e3 [1ms]
[2022-06-06T10:26:54.530Z] > git show --textconv :README.md [10ms]
[2022-06-06T10:26:54.531Z] > git ls-files --stage -- /home/jose/github/Docker/README.md [2ms]
[2022-06-06T10:26:54.541Z] > git cat-file -s 9d3cc2d88d1942d4337b0bb1b18f05ab4ad4dcc5 [1ms]
[2022-06-06T10:26:58.100Z] > git show --textconv :README.md [11ms]
[2022-06-06T10:26:58.113Z] > git ls-files --stage -- /home/jose/github/dotfiles/README.md [14ms]
[2022-06-06T10:26:58.123Z] > git cat-file -s 008e72670532cd23272c247a5a52af782a2e62e3 [0ms]
[2022-06-06T10:26:59.026Z] > git show --textconv :README.md [8ms]
[2022-06-06T10:26:59.028Z] > git ls-files --stage -- /home/jose/github/Docker/README.md [2ms]
[2022-06-06T10:26:59.038Z] > git cat-file -s 9d3cc2d88d1942d4337b0bb1b18f05ab4ad4dcc5 [1ms]
[2022-06-06T10:27:34.272Z] > git status -z -uall [6ms]
[2022-06-06T10:27:34.316Z] > git symbolic-ref --short HEAD [7ms]
[2022-06-06T10:27:34.333Z] > git for-each-ref --format=%(refname)%00%(upstream:short)%00%(objectname)%00%(upstream:track)%00%(upstream:remotename)%00%(upstream:remoteref) refs/heads/master refs/remotes/master [4ms]
[2022-06-06T10:27:34.354Z] > git for-each-ref --sort -committerdate --format %(refname) %(objectname) %(*objectname) [13ms]
[2022-06-06T10:27:34.355Z] > git remote --verbose [3ms]
[2022-06-06T10:27:34.374Z] > git config --get commit.template [5ms]
[2022-06-06T10:29:18.330Z] > git status -z -uall [3ms]
[2022-06-06T10:29:18.342Z] > git symbolic-ref --short HEAD [2ms]
[2022-06-06T10:29:18.354Z] > git for-each-ref --format=%(refname)%00%(upstream:short)%00%(objectname)%00%(upstream:track)%00%(upstream:remotename)%00%(upstream:remoteref) refs/heads/master refs/remotes/master [2ms]
[2022-06-06T10:29:18.382Z] > git for-each-ref --sort -committerdate --format %(refname) %(objectname) %(*objectname) [15ms]
[2022-06-06T10:29:18.383Z] > git remote --verbose [3ms]
[2022-06-06T10:29:18.416Z] > git config --get commit.template [5ms]
[2022-06-06T10:29:23.431Z] > git status -z -uall [2ms]
[2022-06-06T10:29:23.443Z] > git symbolic-ref --short HEAD [2ms]
[2022-06-06T10:29:23.451Z] > git for-each-ref --format=%(refname)%00%(upstream:short)%00%(objectname)%00%(upstream:track)%00%(upstream:remotename)%00%(upstream:remoteref) refs/heads/master refs/remotes/master [2ms]
[2022-06-06T10:29:23.465Z] > git for-each-ref --sort -committerdate --format %(refname) %(objectname) %(*objectname) [7ms]
[2022-06-06T10:29:23.465Z] > git remote --verbose [1ms]
[2022-06-06T10:29:23.476Z] > git config --get commit.template [2ms]
[2022-06-06T10:29:28.490Z] > git status -z -uall [2ms]
[2022-06-06T10:29:28.503Z] > git symbolic-ref --short HEAD [2ms]
[2022-06-06T10:29:28.514Z] > git for-each-ref --format=%(refname)%00%(upstream:short)%00%(objectname)%00%(upstream:track)%00%(upstream:remotename)%00%(upstream:remoteref) refs/heads/master refs/remotes/master [2ms]
[2022-06-06T10:29:28.533Z] > git for-each-ref --sort -committerdate --format %(refname) %(objectname) %(*objectname) [10ms]
[2022-06-06T10:29:28.534Z] > git remote --verbose [2ms]
[2022-06-06T10:29:28.546Z] > git config --get commit.template [1ms]
[2022-06-06T10:29:33.561Z] > git status -z -uall [3ms]
[2022-06-06T10:29:33.576Z] > git symbolic-ref --short HEAD [2ms]
[2022-06-06T10:29:33.585Z] > git for-each-ref --format=%(refname)%00%(upstream:short)%00%(objectname)%00%(upstream:track)%00%(upstream:remotename)%00%(upstream:remoteref) refs/heads/master refs/remotes/master [2ms]
[2022-06-06T10:29:33.602Z] > git for-each-ref --sort -committerdate --format %(refname) %(objectname) %(*objectname) [8ms]
[2022-06-06T10:29:33.602Z] > git remote --verbose [1ms]
[2022-06-06T10:29:33.613Z] > git config --get commit.template [1ms]
[2022-06-06T10:29:38.628Z] > git status -z -uall [3ms]
[2022-06-06T10:29:38.638Z] > git symbolic-ref --short HEAD [1ms]
[2022-06-06T10:29:38.650Z] > git for-each-ref --format=%(refname)%00%(upstream:short)%00%(objectname)%00%(upstream:track)%00%(upstream:remotename)%00%(upstream:remoteref) refs/heads/master refs/remotes/master [2ms]
[2022-06-06T10:29:38.668Z] > git for-each-ref --sort -committerdate --format %(refname) %(objectname) %(*objectname) [8ms]
[2022-06-06T10:29:38.669Z] > git remote --verbose [2ms]
[2022-06-06T10:29:38.682Z] > git config --get commit.template [1ms]
[2022-06-06T10:30:49.281Z] > git status -z -uall [51ms]
[2022-06-06T10:30:49.303Z] > git ls-files --stage -- /home/jose/github/Docker/README.md [23ms]
[2022-06-06T10:30:49.323Z] > git cat-file -s 02e199c00967576f13bfd6f441426c124fff202d [1ms]
[2022-06-06T10:30:49.323Z] > git symbolic-ref --short HEAD [22ms]
[2022-06-06T10:30:49.335Z] > git for-each-ref --format=%(refname)%00%(upstream:short)%00%(objectname)%00%(upstream:track)%00%(upstream:remotename)%00%(upstream:remoteref) refs/heads/master refs/remotes/master [2ms]
[2022-06-06T10:30:49.367Z] > git for-each-ref --sort -committerdate --format %(refname) %(objectname) %(*objectname) [22ms]
[2022-06-06T10:30:49.370Z] > git remote --verbose [15ms]
[2022-06-06T10:30:49.384Z] > git show --textconv :README.md [18ms]
[2022-06-06T10:30:49.385Z] > git config --get commit.template [1ms]
[2022-06-06T10:30:54.401Z] > git status -z -uall [2ms]
[2022-06-06T10:30:54.411Z] > git symbolic-ref --short HEAD [1ms]
[2022-06-06T10:30:54.422Z] > git for-each-ref --format=%(refname)%00%(upstream:short)%00%(objectname)%00%(upstream:track)%00%(upstream:remotename)%00%(upstream:remoteref) refs/heads/master refs/remotes/master [1ms]
[2022-06-06T10:30:54.439Z] > git for-each-ref --sort -committerdate --format %(refname) %(objectname) %(*objectname) [7ms]
[2022-06-06T10:30:54.440Z] > git remote --verbose [2ms]
[2022-06-06T10:30:54.453Z] > git config --get commit.template [4ms]
[2022-06-06T10:30:59.467Z] > git status -z -uall [3ms]
[2022-06-06T10:30:59.478Z] > git symbolic-ref --short HEAD [2ms]
[2022-06-06T10:30:59.490Z] > git for-each-ref --format=%(refname)%00%(upstream:short)%00%(objectname)%00%(upstream:track)%00%(upstream:remotename)%00%(upstream:remoteref) refs/heads/master refs/remotes/master [2ms]
[2022-06-06T10:30:59.508Z] > git for-each-ref --sort -committerdate --format %(refname) %(objectname) %(*objectname) [9ms]
[2022-06-06T10:30:59.509Z] > git remote --verbose [2ms]
[2022-06-06T10:30:59.522Z] > git config --get commit.template [2ms]
[2022-06-06T10:40:02.157Z] > git status -z -uall [2ms]
[2022-06-06T10:40:02.216Z] > git symbolic-ref --short HEAD [34ms]
[2022-06-06T10:40:02.256Z] > git ls-files --stage -- /home/jose/github/Docker/README.md [44ms]
[2022-06-06T10:40:02.273Z] > git for-each-ref --format=%(refname)%00%(upstream:short)%00%(objectname)%00%(upstream:track)%00%(upstream:remotename)%00%(upstream:remoteref) refs/heads/master refs/remotes/master [21ms]
[2022-06-06T10:40:02.304Z] > git for-each-ref --sort -committerdate --format %(refname) %(objectname) %(*objectname) [11ms]
[2022-06-06T10:40:02.304Z] > git cat-file -s a6a4466591c6b4ad47ffdf4bfd727840257cd4b3 [31ms]
[2022-06-06T10:40:02.305Z] > git remote --verbose [2ms]
[2022-06-06T10:40:02.322Z] > git config --get commit.template [5ms]
[2022-06-06T10:40:02.345Z] > git show --textconv :README.md [6ms]
[2022-06-06T10:40:07.339Z] > git status -z -uall [2ms]
[2022-06-06T10:40:07.351Z] > git symbolic-ref --short HEAD [1ms]
[2022-06-06T10:40:07.360Z] > git for-each-ref --format=%(refname)%00%(upstream:short)%00%(objectname)%00%(upstream:track)%00%(upstream:remotename)%00%(upstream:remoteref) refs/heads/master refs/remotes/master [2ms]
[2022-06-06T10:40:07.375Z] > git for-each-ref --sort -committerdate --format %(refname) %(objectname) %(*objectname) [9ms]
[2022-06-06T10:40:07.375Z] > git remote --verbose [1ms]
[2022-06-06T10:40:07.385Z] > git config --get commit.template [2ms]
[2022-06-06T10:40:13.097Z] > git status -z -uall [3ms]
[2022-06-06T10:40:13.107Z] > git symbolic-ref --short HEAD [1ms]
[2022-06-06T10:40:13.119Z] > git for-each-ref --format=%(refname)%00%(upstream:short)%00%(objectname)%00%(upstream:track)%00%(upstream:remotename)%00%(upstream:remoteref) refs/heads/master refs/remotes/master [2ms]
[2022-06-06T10:40:13.138Z] > git for-each-ref --sort -committerdate --format %(refname) %(objectname) %(*objectname) [9ms]
[2022-06-06T10:40:13.139Z] > git remote --verbose [2ms]
[2022-06-06T10:40:13.152Z] > git config --get commit.template [2ms]
