[2022-06-06T17:31:55.361Z] La validación encontró GIT en: git
[2022-06-06T17:31:55.683Z] Usando GIT 2.36.1 de git
[2022-06-06T17:31:55.763Z] > git rev-parse --show-toplevel [33ms]
[2022-06-06T17:31:55.764Z] fatal: not a git repository (or any parent up to mount point /)
Stopping at filesystem boundary (GIT_DISCOVERY_ACROSS_FILESYSTEM not set).
[2022-06-06T17:31:55.849Z] > git rev-parse --show-toplevel [52ms]
[2022-06-06T17:31:55.890Z] > git rev-parse --git-dir --git-common-dir [16ms]
[2022-06-06T17:31:55.923Z] Open repository: /home/jose/github/Docker
[2022-06-06T17:31:55.995Z] > git status -z -uall [54ms]
[2022-06-06T17:31:56.018Z] > git rev-parse --show-toplevel [34ms]
[2022-06-06T17:31:56.019Z] fatal: not a git repository (or any parent up to mount point /)
Stopping at filesystem boundary (GIT_DISCOVERY_ACROSS_FILESYSTEM not set).
[2022-06-06T17:31:57.227Z] > git rev-parse --show-toplevel [1185ms]
[2022-06-06T17:31:57.227Z] fatal: not a git repository (or any parent up to mount point /)
Stopping at filesystem boundary (GIT_DISCOVERY_ACROSS_FILESYSTEM not set).
[2022-06-06T17:31:57.254Z] > git symbolic-ref --short HEAD [1242ms]
[2022-06-06T17:31:57.276Z] > git rev-parse --show-toplevel [23ms]
[2022-06-06T17:31:57.276Z] fatal: not a git repository (or any parent up to mount point /)
Stopping at filesystem boundary (GIT_DISCOVERY_ACROSS_FILESYSTEM not set).
[2022-06-06T17:31:57.298Z] > git for-each-ref --format=%(refname)%00%(upstream:short)%00%(objectname)%00%(upstream:track)%00%(upstream:remotename)%00%(upstream:remoteref) refs/heads/master refs/remotes/master [27ms]
[2022-06-06T17:31:57.346Z] > git for-each-ref --sort -committerdate --format %(refname) %(objectname) %(*objectname) [26ms]
[2022-06-06T17:31:57.348Z] > git rev-parse --show-toplevel [55ms]
[2022-06-06T17:31:57.369Z] fatal: not a git repository (or any parent up to mount point /)
Stopping at filesystem boundary (GIT_DISCOVERY_ACROSS_FILESYSTEM not set).
[2022-06-06T17:31:57.427Z] > git remote --verbose [86ms]
[2022-06-06T17:31:57.500Z] > git rev-parse --show-toplevel [76ms]
[2022-06-06T17:31:57.500Z] fatal: not a git repository (or any parent up to mount point /)
Stopping at filesystem boundary (GIT_DISCOVERY_ACROSS_FILESYSTEM not set).
[2022-06-06T17:31:57.545Z] > git config --get commit.template [47ms]
[2022-06-06T17:31:57.584Z] > git rev-parse --show-toplevel [41ms]
[2022-06-06T17:31:57.584Z] fatal: not a git repository (or any parent up to mount point /)
Stopping at filesystem boundary (GIT_DISCOVERY_ACROSS_FILESYSTEM not set).
[2022-06-06T17:31:57.649Z] > git rev-parse --show-toplevel [31ms]
[2022-06-06T17:31:57.649Z] fatal: not a git repository (or any parent up to mount point /)
Stopping at filesystem boundary (GIT_DISCOVERY_ACROSS_FILESYSTEM not set).
[2022-06-06T17:31:57.679Z] > git rev-parse --show-toplevel [15ms]
[2022-06-06T17:31:57.679Z] fatal: not a git repository (or any parent up to mount point /)
Stopping at filesystem boundary (GIT_DISCOVERY_ACROSS_FILESYSTEM not set).
[2022-06-06T17:31:57.725Z] > git rev-parse --show-toplevel [32ms]
[2022-06-06T17:31:57.725Z] fatal: not a git repository (or any parent up to mount point /)
Stopping at filesystem boundary (GIT_DISCOVERY_ACROSS_FILESYSTEM not set).
[2022-06-06T17:31:57.750Z] > git rev-parse --show-toplevel [5ms]
[2022-06-06T17:31:57.750Z] fatal: not a git repository (or any parent up to mount point /)
Stopping at filesystem boundary (GIT_DISCOVERY_ACROSS_FILESYSTEM not set).
[2022-06-06T17:31:57.807Z] > git rev-parse --show-toplevel [35ms]
[2022-06-06T17:31:57.807Z] fatal: not a git repository (or any parent up to mount point /)
Stopping at filesystem boundary (GIT_DISCOVERY_ACROSS_FILESYSTEM not set).
[2022-06-06T17:31:57.847Z] > git rev-parse --show-toplevel [23ms]
[2022-06-06T17:31:57.847Z] fatal: not a git repository (or any parent up to mount point /)
Stopping at filesystem boundary (GIT_DISCOVERY_ACROSS_FILESYSTEM not set).
[2022-06-06T17:31:57.886Z] > git rev-parse --show-toplevel [19ms]
[2022-06-06T17:31:57.886Z] fatal: not a git repository (or any parent up to mount point /)
Stopping at filesystem boundary (GIT_DISCOVERY_ACROSS_FILESYSTEM not set).
[2022-06-06T17:31:57.943Z] > git rev-parse --show-toplevel [29ms]
[2022-06-06T17:31:57.944Z] fatal: not a git repository (or any parent up to mount point /)
Stopping at filesystem boundary (GIT_DISCOVERY_ACROSS_FILESYSTEM not set).
[2022-06-06T17:31:58.005Z] > git rev-parse --show-toplevel [39ms]
[2022-06-06T17:31:58.057Z] > git rev-parse --git-dir --git-common-dir [12ms]
[2022-06-06T17:31:58.069Z] Open repository: /home/jose/.powerlevel10k
[2022-06-06T17:31:58.426Z] > git rev-parse --show-toplevel [313ms]
[2022-06-06T17:31:58.426Z] fatal: not a git repository (or any parent up to mount point /)
Stopping at filesystem boundary (GIT_DISCOVERY_ACROSS_FILESYSTEM not set).
[2022-06-06T17:31:58.446Z] > git rev-parse --show-toplevel [4ms]
[2022-06-06T17:31:58.446Z] fatal: not a git repository (or any parent up to mount point /)
Stopping at filesystem boundary (GIT_DISCOVERY_ACROSS_FILESYSTEM not set).
[2022-06-06T17:31:58.470Z] > git rev-parse --show-toplevel [7ms]
[2022-06-06T17:31:58.470Z] fatal: not a git repository (or any parent up to mount point /)
Stopping at filesystem boundary (GIT_DISCOVERY_ACROSS_FILESYSTEM not set).
[2022-06-06T17:31:58.620Z] > git rev-parse --show-toplevel [127ms]
[2022-06-06T17:31:58.620Z] fatal: not a git repository (or any parent up to mount point /)
Stopping at filesystem boundary (GIT_DISCOVERY_ACROSS_FILESYSTEM not set).
[2022-06-06T17:31:58.794Z] > git rev-parse --show-toplevel [158ms]
[2022-06-06T17:31:58.794Z] fatal: not a git repository (or any parent up to mount point /)
Stopping at filesystem boundary (GIT_DISCOVERY_ACROSS_FILESYSTEM not set).
[2022-06-06T17:31:58.915Z] > git rev-parse --show-toplevel [68ms]
[2022-06-06T17:31:58.915Z] fatal: not a git repository (or any parent up to mount point /)
Stopping at filesystem boundary (GIT_DISCOVERY_ACROSS_FILESYSTEM not set).
[2022-06-06T17:31:59.009Z] > git rev-parse --show-toplevel [58ms]
[2022-06-06T17:31:59.009Z] fatal: not a git repository (or any parent up to mount point /)
Stopping at filesystem boundary (GIT_DISCOVERY_ACROSS_FILESYSTEM not set).
[2022-06-06T17:31:59.042Z] > git rev-parse --show-toplevel [10ms]
[2022-06-06T17:31:59.042Z] fatal: not a git repository (or any parent up to mount point /)
Stopping at filesystem boundary (GIT_DISCOVERY_ACROSS_FILESYSTEM not set).
[2022-06-06T17:31:59.082Z] > git rev-parse --show-toplevel [27ms]
[2022-06-06T17:31:59.082Z] fatal: not a git repository (or any parent up to mount point /)
Stopping at filesystem boundary (GIT_DISCOVERY_ACROSS_FILESYSTEM not set).
[2022-06-06T17:31:59.142Z] > git rev-parse --show-toplevel [15ms]
[2022-06-06T17:31:59.142Z] fatal: not a git repository (or any parent up to mount point /)
Stopping at filesystem boundary (GIT_DISCOVERY_ACROSS_FILESYSTEM not set).
[2022-06-06T17:31:59.175Z] > git rev-parse --show-toplevel [7ms]
[2022-06-06T17:31:59.175Z] fatal: not a git repository (or any parent up to mount point /)
Stopping at filesystem boundary (GIT_DISCOVERY_ACROSS_FILESYSTEM not set).
[2022-06-06T17:31:59.201Z] > git rev-parse --show-toplevel [10ms]
[2022-06-06T17:31:59.201Z] fatal: not a git repository (or any parent up to mount point /)
Stopping at filesystem boundary (GIT_DISCOVERY_ACROSS_FILESYSTEM not set).
[2022-06-06T17:31:59.257Z] > git rev-parse --show-toplevel [38ms]
[2022-06-06T17:31:59.257Z] fatal: not a git repository (or any parent up to mount point /)
Stopping at filesystem boundary (GIT_DISCOVERY_ACROSS_FILESYSTEM not set).
[2022-06-06T17:31:59.295Z] > git rev-parse --show-toplevel [5ms]
[2022-06-06T17:31:59.295Z] fatal: not a git repository (or any parent up to mount point /)
Stopping at filesystem boundary (GIT_DISCOVERY_ACROSS_FILESYSTEM not set).
[2022-06-06T17:31:59.382Z] > git rev-parse --show-toplevel [58ms]
[2022-06-06T17:31:59.397Z] > git rev-parse --git-dir --git-common-dir [4ms]
[2022-06-06T17:31:59.407Z] Open repository: /home/jose/github/dotfiles
[2022-06-06T17:31:59.626Z] > git status -z -uall [1537ms]
[2022-06-06T17:31:59.666Z] > git rev-parse --show-toplevel [89ms]
[2022-06-06T17:31:59.666Z] fatal: not a git repository (or any parent up to mount point /)
Stopping at filesystem boundary (GIT_DISCOVERY_ACROSS_FILESYSTEM not set).
[2022-06-06T17:31:59.777Z] > git symbolic-ref --short HEAD [112ms]
[2022-06-06T17:31:59.936Z] > git for-each-ref --format=%(refname)%00%(upstream:short)%00%(objectname)%00%(upstream:track)%00%(upstream:remotename)%00%(upstream:remoteref) refs/heads/master refs/remotes/master [103ms]
[2022-06-06T17:31:59.989Z] > git for-each-ref --sort -committerdate --format %(refname) %(objectname) %(*objectname) [32ms]
[2022-06-06T17:31:59.992Z] > git remote --verbose [14ms]
[2022-06-06T17:32:00.028Z] > git config --get commit.template [3ms]
[2022-06-06T17:32:00.742Z] > git ls-files --stage -- /home/jose/github/dotfiles/README.md [971ms]
[2022-06-06T17:32:00.800Z] > git check-ignore -v -z --stdin [692ms]
[2022-06-06T17:32:03.260Z] > git cat-file -s 008e72670532cd23272c247a5a52af782a2e62e3 [2492ms]
[2022-06-06T17:32:03.262Z] > git show --textconv :README.md [3530ms]
[2022-06-06T17:32:07.070Z] > git status -z -uall [7643ms]
[2022-06-06T17:32:07.085Z] > git symbolic-ref --short HEAD [3ms]
[2022-06-06T17:32:07.141Z] > git for-each-ref --format=%(refname)%00%(upstream:short)%00%(objectname)%00%(upstream:track)%00%(upstream:remotename)%00%(upstream:remoteref) refs/heads/master refs/remotes/master [43ms]
[2022-06-06T17:32:07.170Z] > git remote --verbose [4ms]
[2022-06-06T17:32:07.174Z] > git for-each-ref --sort -committerdate --format %(refname) %(objectname) %(*objectname) [20ms]
[2022-06-06T17:32:07.215Z] > git config --get commit.template [10ms]
[2022-06-06T17:46:37.918Z] > git status -z -uall [1115ms]
[2022-06-06T17:46:37.953Z] > git symbolic-ref --short HEAD [3ms]
[2022-06-06T17:46:37.979Z] > git for-each-ref --format=%(refname)%00%(upstream:short)%00%(objectname)%00%(upstream:track)%00%(upstream:remotename)%00%(upstream:remoteref) refs/heads/master refs/remotes/master [16ms]
[2022-06-06T17:46:38.004Z] > git remote --verbose [3ms]
[2022-06-06T17:46:38.010Z] > git for-each-ref --sort -committerdate --format %(refname) %(objectname) %(*objectname) [21ms]
[2022-06-06T17:46:38.032Z] > git config --get commit.template [3ms]
[2022-06-06T17:49:50.539Z] > git status -z -uall [569ms]
[2022-06-06T17:49:50.557Z] > git symbolic-ref --short HEAD [5ms]
[2022-06-06T17:49:50.576Z] > git for-each-ref --format=%(refname)%00%(upstream:short)%00%(objectname)%00%(upstream:track)%00%(upstream:remotename)%00%(upstream:remoteref) refs/heads/master refs/remotes/master [4ms]
[2022-06-06T17:49:50.603Z] > git for-each-ref --sort -committerdate --format %(refname) %(objectname) %(*objectname) [15ms]
[2022-06-06T17:49:50.604Z] > git remote --verbose [4ms]
[2022-06-06T17:49:50.626Z] > git config --get commit.template [4ms]
