[2022-05-31 12:46:32.606] [exthost] [info] Extension host with pid 9613 started
[2022-05-31 12:46:32.606] [exthost] [info] Skipping acquiring lock for /home/jose/.config/Code/User/workspaceStorage/fb39603852ef45c087863e2e81a9b86b.
[2022-05-31 12:46:33.567] [exthost] [info] ExtensionService#_doActivateExtension vscode.extension-editing, startup: false, activationEvent: 'onLanguage:markdown'
[2022-05-31 12:46:33.742] [exthost] [info] ExtensionService#_doActivateExtension vscode.markdown-language-features, startup: false, activationEvent: 'onLanguage:markdown'
[2022-05-31 12:46:34.109] [exthost] [info] ExtensionService#_doActivateExtension vscode.microsoft-authentication, startup: false, activationEvent: 'onAuthenticationRequest:microsoft'
[2022-05-31 12:46:35.148] [exthost] [info] ExtensionService#_doActivateExtension vscode.debug-auto-launch, startup: true, activationEvent: '*'
[2022-05-31 12:46:35.245] [exthost] [info] ExtensionService#_doActivateExtension vscode.git-base, startup: true, activationEvent: '*', root cause: vscode.git
[2022-05-31 12:46:35.512] [exthost] [info] ExtensionService#_doActivateExtension vscode.ipynb, startup: true, activationEvent: '*'
[2022-05-31 12:46:35.640] [exthost] [info] ExtensionService#_doActivateExtension naumovs.color-highlight, startup: true, activationEvent: '*'
[2022-05-31 12:46:36.715] [exthost] [info] ExtensionService#_doActivateExtension vscode.git, startup: true, activationEvent: '*'
[2022-05-31 12:46:36.829] [exthost] [info] ExtensionService#_doActivateExtension vscode.github, startup: true, activationEvent: '*'
[2022-05-31 12:46:37.087] [exthost] [info] ExtensionService#_doActivateExtension vscode.markdown-math, startup: false, activationEvent: 'api', root cause: vscode.markdown-language-features
[2022-05-31 12:46:37.406] [exthost] [info] Eager extensions activated
[2022-05-31 12:46:37.593] [exthost] [info] ExtensionService#_doActivateExtension vscode.emmet, startup: false, activationEvent: 'onStartupFinished'
[2022-05-31 12:46:38.123] [exthost] [info] ExtensionService#_doActivateExtension vscode.merge-conflict, startup: false, activationEvent: 'onStartupFinished'
[2022-05-31 12:46:38.344] [exthost] [info] ExtensionService#_doActivateExtension ritwickdey.LiveServer, startup: false, activationEvent: 'onStartupFinished'
[2022-05-31 12:46:48.864] [exthost] [info] ExtensionService#_doActivateExtension vscode.github-authentication, startup: false, activationEvent: 'onAuthenticationRequest:github'
[2022-05-31 13:07:22.047] [exthost] [info] ExtensionService#_doActivateExtension PKief.material-icon-theme, startup: false, activationEvent: 'onStartupFinished'
[2022-05-31 13:07:25.271] [exthost] [info] ExtensionService#_doActivateExtension vscode.configuration-editing, startup: false, activationEvent: 'onLanguage:jsonc'
[2022-05-31 13:07:25.811] [exthost] [info] ExtensionService#_doActivateExtension vscode.json-language-features, startup: false, activationEvent: 'onLanguage:jsonc'
[2022-05-31 13:07:27.994] [exthost] [info] ExtensionService#_doActivateExtension vscode.typescript-language-features, startup: false, activationEvent: 'onLanguage:jsonc'
[2022-05-31 13:17:04.566] [exthost] [info] ExtensionService#_doActivateExtension ms-python.python, startup: false, activationEvent: 'onLanguage:python'
[2022-05-31 13:17:06.241] [exthost] [info] ExtensionService#_doActivateExtension ms-python.vscode-pylance, startup: false, activationEvent: 'onLanguage:python'
[2022-05-31 13:27:15.770] [exthost] [info] Extension host terminating: renderer closed the socket
[2022-05-31 13:27:16.068] [exthost] [info] Extension host with pid 9613 exiting with code 0
