[2022-06-06T21:47:05.473Z] La validación encontró GIT en: git
[2022-06-06T21:47:05.727Z] Usando GIT 2.36.1 de git
[2022-06-06T21:47:05.820Z] > git rev-parse --show-toplevel [22ms]
[2022-06-06T21:47:05.848Z] > git rev-parse --git-dir --git-common-dir [7ms]
[2022-06-06T21:47:05.884Z] Open repository: /home/jose/github/JavaScript
[2022-06-06T21:47:06.041Z] > git status -z -uall [96ms]
[2022-06-06T21:47:06.147Z] > git symbolic-ref --short HEAD [54ms]
[2022-06-06T21:47:06.183Z] > git for-each-ref --format=%(refname)%00%(upstream:short)%00%(objectname)%00%(upstream:track)%00%(upstream:remotename)%00%(upstream:remoteref) refs/heads/master refs/remotes/master [18ms]
[2022-06-06T21:47:06.225Z] > git for-each-ref --sort -committerdate --format %(refname) %(objectname) %(*objectname) [28ms]
[2022-06-06T21:47:06.233Z] > git remote --verbose [13ms]
[2022-06-06T21:47:06.279Z] > git config --get commit.template [7ms]
[2022-06-06T21:47:08.672Z] > git show --textconv :README.md [151ms]
[2022-06-06T21:47:08.673Z] > git ls-files --stage -- /home/jose/github/JavaScript/README.md [133ms]
[2022-06-06T21:47:08.707Z] > git cat-file -s 52258b50987aa2d823609a03d39ad6ff09976353 [10ms]
[2022-06-06T21:47:08.881Z] > git check-ignore -v -z --stdin [3ms]
[2022-06-06T21:59:58.482Z] > git check-ignore -v -z --stdin [1ms]
[2022-06-06T22:00:23.551Z] > git check-ignore -v -z --stdin [2ms]
[2022-06-06T22:01:29.914Z] > git status -z -uall [4ms]
[2022-06-06T22:01:29.987Z] > git symbolic-ref --short HEAD [41ms]
[2022-06-06T22:01:30.010Z] > git ls-files --stage -- /home/jose/github/JavaScript/README.md [30ms]
[2022-06-06T22:01:30.020Z] > git for-each-ref --format=%(refname)%00%(upstream:short)%00%(objectname)%00%(upstream:track)%00%(upstream:remotename)%00%(upstream:remoteref) refs/heads/master refs/remotes/master [13ms]
[2022-06-06T22:01:30.040Z] > git remote --verbose [4ms]
[2022-06-06T22:01:30.041Z] > git for-each-ref --sort -committerdate --format %(refname) %(objectname) %(*objectname) [13ms]
[2022-06-06T22:01:30.047Z] > git cat-file -s 52258b50987aa2d823609a03d39ad6ff09976353 [28ms]
[2022-06-06T22:01:30.059Z] > git config --get commit.template [3ms]
[2022-06-06T22:01:30.087Z] > git show --textconv :README.md [8ms]
[2022-06-06T22:02:00.074Z] > git status -z -uall [11ms]
[2022-06-06T22:02:00.108Z] > git symbolic-ref --short HEAD [7ms]
[2022-06-06T22:02:00.131Z] > git for-each-ref --format=%(refname)%00%(upstream:short)%00%(objectname)%00%(upstream:track)%00%(upstream:remotename)%00%(upstream:remoteref) refs/heads/master refs/remotes/master [5ms]
[2022-06-06T22:02:00.158Z] > git for-each-ref --sort -committerdate --format %(refname) %(objectname) %(*objectname) [18ms]
[2022-06-06T22:02:00.159Z] > git remote --verbose [2ms]
[2022-06-06T22:02:00.186Z] > git config --get commit.template [9ms]
[2022-06-06T22:02:05.197Z] > git status -z -uall [2ms]
[2022-06-06T22:02:05.203Z] > git symbolic-ref --short HEAD [1ms]
[2022-06-06T22:02:05.211Z] > git for-each-ref --format=%(refname)%00%(upstream:short)%00%(objectname)%00%(upstream:track)%00%(upstream:remotename)%00%(upstream:remoteref) refs/heads/master refs/remotes/master [2ms]
[2022-06-06T22:02:05.221Z] > git for-each-ref --sort -committerdate --format %(refname) %(objectname) %(*objectname) [6ms]
[2022-06-06T22:02:05.221Z] > git remote --verbose [1ms]
[2022-06-06T22:02:05.232Z] > git config --get commit.template [2ms]
[2022-06-06T22:02:10.241Z] > git status -z -uall [2ms]
[2022-06-06T22:02:10.250Z] > git symbolic-ref --short HEAD [2ms]
[2022-06-06T22:02:10.256Z] > git for-each-ref --format=%(refname)%00%(upstream:short)%00%(objectname)%00%(upstream:track)%00%(upstream:remotename)%00%(upstream:remoteref) refs/heads/master refs/remotes/master [2ms]
[2022-06-06T22:02:10.268Z] > git for-each-ref --sort -committerdate --format %(refname) %(objectname) %(*objectname) [6ms]
[2022-06-06T22:02:10.269Z] > git remote --verbose [2ms]
[2022-06-06T22:02:10.280Z] > git config --get commit.template [2ms]
[2022-06-06T22:02:15.288Z] > git status -z -uall [2ms]
[2022-06-06T22:02:15.297Z] > git symbolic-ref --short HEAD [1ms]
[2022-06-06T22:02:15.305Z] > git for-each-ref --format=%(refname)%00%(upstream:short)%00%(objectname)%00%(upstream:track)%00%(upstream:remotename)%00%(upstream:remoteref) refs/heads/master refs/remotes/master [3ms]
[2022-06-06T22:02:15.316Z] > git for-each-ref --sort -committerdate --format %(refname) %(objectname) %(*objectname) [6ms]
[2022-06-06T22:02:15.316Z] > git remote --verbose [2ms]
[2022-06-06T22:02:15.326Z] > git config --get commit.template [1ms]
