[2022-06-06T11:01:44.159Z] La validación encontró GIT en: git
[2022-06-06T11:01:44.234Z] Usando GIT 2.36.1 de git
[2022-06-06T11:01:44.354Z] > git rev-parse --show-toplevel [109ms]
[2022-06-06T11:01:46.652Z] > git rev-parse --git-dir --git-common-dir [2290ms]
[2022-06-06T11:01:46.658Z] Open repository: /home/jose/github/Docker
[2022-06-06T11:01:46.710Z] > git status -z -uall [47ms]
[2022-06-06T11:01:46.723Z] > git symbolic-ref --short HEAD [8ms]
[2022-06-06T11:01:46.729Z] > git for-each-ref --format=%(refname)%00%(upstream:short)%00%(objectname)%00%(upstream:track)%00%(upstream:remotename)%00%(upstream:remoteref) refs/heads/master refs/remotes/master [1ms]
[2022-06-06T11:01:46.741Z] > git remote --verbose [2ms]
[2022-06-06T11:01:46.741Z] > git for-each-ref --sort -committerdate --format %(refname) %(objectname) %(*objectname) [7ms]
[2022-06-06T11:01:46.753Z] > git config --get commit.template [2ms]
[2022-06-06T11:01:47.228Z] > git check-ignore -v -z --stdin [1ms]
[2022-06-06T11:02:12.680Z] > git check-ignore -v -z --stdin [2ms]
[2022-06-06T11:02:36.572Z] > git show --textconv :docker-compose.yaml [10ms]
[2022-06-06T11:02:36.573Z] > git ls-files --stage -- /home/jose/github/Docker/docker-compose.yaml [2ms]
[2022-06-06T11:02:36.879Z] > git status -z -uall [2ms]
[2022-06-06T11:02:36.885Z] > git symbolic-ref --short HEAD [1ms]
[2022-06-06T11:02:36.892Z] > git for-each-ref --format=%(refname)%00%(upstream:short)%00%(objectname)%00%(upstream:track)%00%(upstream:remotename)%00%(upstream:remoteref) refs/heads/master refs/remotes/master [2ms]
[2022-06-06T11:02:36.902Z] > git for-each-ref --sort -committerdate --format %(refname) %(objectname) %(*objectname) [6ms]
[2022-06-06T11:02:36.902Z] > git remote --verbose [2ms]
[2022-06-06T11:02:36.911Z] > git config --get commit.template [2ms]
[2022-06-06T11:02:37.019Z] > git check-ignore -v -z --stdin [2ms]
[2022-06-06T11:02:53.628Z] > git show --textconv :docker [21ms]
[2022-06-06T11:02:53.630Z] > git ls-files --stage -- /home/jose/github/Docker/docker [3ms]
[2022-06-06T11:02:53.824Z] > git check-ignore -v -z --stdin [2ms]
[2022-06-06T11:03:01.665Z] > git status -z -uall [2ms]
[2022-06-06T11:03:01.673Z] > git symbolic-ref --short HEAD [3ms]
[2022-06-06T11:03:01.682Z] > git for-each-ref --format=%(refname)%00%(upstream:short)%00%(objectname)%00%(upstream:track)%00%(upstream:remotename)%00%(upstream:remoteref) refs/heads/master refs/remotes/master [2ms]
[2022-06-06T11:03:01.695Z] > git for-each-ref --sort -committerdate --format %(refname) %(objectname) %(*objectname) [8ms]
[2022-06-06T11:03:01.695Z] > git remote --verbose [1ms]
[2022-06-06T11:03:01.707Z] > git config --get commit.template [2ms]
[2022-06-06T11:03:13.842Z] > git show --textconv :Dockerfile [5ms]
[2022-06-06T11:03:13.844Z] > git ls-files --stage -- /home/jose/github/Docker/Dockerfile [3ms]
[2022-06-06T11:03:14.172Z] > git check-ignore -v -z --stdin [2ms]
[2022-06-06T11:03:14.668Z] > git status -z -uall [2ms]
[2022-06-06T11:03:14.677Z] > git symbolic-ref --short HEAD [2ms]
[2022-06-06T11:03:14.684Z] > git for-each-ref --format=%(refname)%00%(upstream:short)%00%(objectname)%00%(upstream:track)%00%(upstream:remotename)%00%(upstream:remoteref) refs/heads/master refs/remotes/master [2ms]
[2022-06-06T11:03:14.696Z] > git for-each-ref --sort -committerdate --format %(refname) %(objectname) %(*objectname) [5ms]
[2022-06-06T11:03:14.697Z] > git remote --verbose [2ms]
[2022-06-06T11:03:14.710Z] > git config --get commit.template [2ms]
[2022-06-06T11:03:23.461Z] > git show --textconv :docker-compose.yaml [7ms]
[2022-06-06T11:03:23.463Z] > git ls-files --stage -- /home/jose/github/Docker/docker-compose.yaml [3ms]
[2022-06-06T11:03:36.338Z] > git status -z -uall [3ms]
[2022-06-06T11:03:36.346Z] > git symbolic-ref --short HEAD [1ms]
[2022-06-06T11:03:36.357Z] > git for-each-ref --format=%(refname)%00%(upstream:short)%00%(objectname)%00%(upstream:track)%00%(upstream:remotename)%00%(upstream:remoteref) refs/heads/master refs/remotes/master [3ms]
[2022-06-06T11:03:36.369Z] > git for-each-ref --sort -committerdate --format %(refname) %(objectname) %(*objectname) [6ms]
[2022-06-06T11:03:36.370Z] > git remote --verbose [3ms]
[2022-06-06T11:03:36.383Z] > git config --get commit.template [1ms]
[2022-06-06T11:03:41.396Z] > git status -z -uall [3ms]
[2022-06-06T11:03:41.407Z] > git symbolic-ref --short HEAD [2ms]
[2022-06-06T11:03:41.417Z] > git for-each-ref --format=%(refname)%00%(upstream:short)%00%(objectname)%00%(upstream:track)%00%(upstream:remotename)%00%(upstream:remoteref) refs/heads/master refs/remotes/master [2ms]
[2022-06-06T11:03:41.432Z] > git for-each-ref --sort -committerdate --format %(refname) %(objectname) %(*objectname) [6ms]
[2022-06-06T11:03:41.433Z] > git remote --verbose [2ms]
[2022-06-06T11:03:41.445Z] > git config --get commit.template [2ms]
[2022-06-06T11:03:46.458Z] > git status -z -uall [2ms]
[2022-06-06T11:03:46.467Z] > git symbolic-ref --short HEAD [2ms]
[2022-06-06T11:03:46.476Z] > git for-each-ref --format=%(refname)%00%(upstream:short)%00%(objectname)%00%(upstream:track)%00%(upstream:remotename)%00%(upstream:remoteref) refs/heads/master refs/remotes/master [2ms]
[2022-06-06T11:03:46.489Z] > git for-each-ref --sort -committerdate --format %(refname) %(objectname) %(*objectname) [6ms]
[2022-06-06T11:03:46.490Z] > git remote --verbose [3ms]
[2022-06-06T11:03:46.502Z] > git config --get commit.template [1ms]
[2022-06-06T11:03:52.926Z] > git status -z -uall [3ms]
[2022-06-06T11:03:52.934Z] > git symbolic-ref --short HEAD [2ms]
[2022-06-06T11:03:52.943Z] > git for-each-ref --format=%(refname)%00%(upstream:short)%00%(objectname)%00%(upstream:track)%00%(upstream:remotename)%00%(upstream:remoteref) refs/heads/master refs/remotes/master [2ms]
[2022-06-06T11:03:52.954Z] > git for-each-ref --sort -committerdate --format %(refname) %(objectname) %(*objectname) [5ms]
[2022-06-06T11:03:52.955Z] > git remote --verbose [2ms]
[2022-06-06T11:03:52.966Z] > git config --get commit.template [1ms]
[2022-06-06T11:03:57.978Z] > git status -z -uall [3ms]
[2022-06-06T11:03:57.987Z] > git symbolic-ref --short HEAD [1ms]
[2022-06-06T11:03:57.994Z] > git for-each-ref --format=%(refname)%00%(upstream:short)%00%(objectname)%00%(upstream:track)%00%(upstream:remotename)%00%(upstream:remoteref) refs/heads/master refs/remotes/master [2ms]
[2022-06-06T11:03:58.004Z] > git for-each-ref --sort -committerdate --format %(refname) %(objectname) %(*objectname) [6ms]
[2022-06-06T11:03:58.005Z] > git remote --verbose [2ms]
[2022-06-06T11:03:58.013Z] > git config --get commit.template [2ms]
[2022-06-06T11:04:22.876Z] > git status -z -uall [7ms]
[2022-06-06T11:04:22.893Z] > git symbolic-ref --short HEAD [4ms]
[2022-06-06T11:04:22.917Z] > git for-each-ref --format=%(refname)%00%(upstream:short)%00%(objectname)%00%(upstream:track)%00%(upstream:remotename)%00%(upstream:remoteref) refs/heads/master refs/remotes/master [7ms]
[2022-06-06T11:04:22.954Z] > git remote --verbose [6ms]
[2022-06-06T11:04:22.957Z] > git for-each-ref --sort -committerdate --format %(refname) %(objectname) %(*objectname) [25ms]
[2022-06-06T11:04:22.976Z] > git config --get commit.template [2ms]
[2022-06-06T11:04:32.846Z] > git status -z -uall [3ms]
[2022-06-06T11:04:32.855Z] > git symbolic-ref --short HEAD [2ms]
[2022-06-06T11:04:32.863Z] > git for-each-ref --format=%(refname)%00%(upstream:short)%00%(objectname)%00%(upstream:track)%00%(upstream:remotename)%00%(upstream:remoteref) refs/heads/master refs/remotes/master [2ms]
[2022-06-06T11:04:32.876Z] > git for-each-ref --sort -committerdate --format %(refname) %(objectname) %(*objectname) [9ms]
[2022-06-06T11:04:32.876Z] > git remote --verbose [3ms]
[2022-06-06T11:04:32.887Z] > git config --get commit.template [1ms]
[2022-06-06T11:04:46.934Z] > git status -z -uall [6ms]
[2022-06-06T11:04:46.951Z] > git symbolic-ref --short HEAD [4ms]
[2022-06-06T11:04:46.974Z] > git for-each-ref --format=%(refname)%00%(upstream:short)%00%(objectname)%00%(upstream:track)%00%(upstream:remotename)%00%(upstream:remoteref) refs/heads/master refs/remotes/master [2ms]
[2022-06-06T11:04:47.021Z] > git for-each-ref --sort -committerdate --format %(refname) %(objectname) %(*objectname) [27ms]
[2022-06-06T11:04:47.023Z] > git remote --verbose [6ms]
[2022-06-06T11:04:47.073Z] > git config --get commit.template [12ms]
[2022-06-06T11:04:54.160Z] > git status -z -uall [3ms]
[2022-06-06T11:04:54.169Z] > git symbolic-ref --short HEAD [2ms]
[2022-06-06T11:04:54.178Z] > git for-each-ref --format=%(refname)%00%(upstream:short)%00%(objectname)%00%(upstream:track)%00%(upstream:remotename)%00%(upstream:remoteref) refs/heads/master refs/remotes/master [2ms]
[2022-06-06T11:04:54.191Z] > git for-each-ref --sort -committerdate --format %(refname) %(objectname) %(*objectname) [6ms]
[2022-06-06T11:04:54.192Z] > git remote --verbose [2ms]
[2022-06-06T11:04:54.202Z] > git config --get commit.template [1ms]
[2022-06-06T11:04:59.215Z] > git status -z -uall [2ms]
[2022-06-06T11:04:59.223Z] > git symbolic-ref --short HEAD [2ms]
[2022-06-06T11:04:59.232Z] > git for-each-ref --format=%(refname)%00%(upstream:short)%00%(objectname)%00%(upstream:track)%00%(upstream:remotename)%00%(upstream:remoteref) refs/heads/master refs/remotes/master [3ms]
[2022-06-06T11:04:59.250Z] > git for-each-ref --sort -committerdate --format %(refname) %(objectname) %(*objectname) [10ms]
[2022-06-06T11:04:59.250Z] > git remote --verbose [2ms]
[2022-06-06T11:04:59.262Z] > git config --get commit.template [2ms]
[2022-06-06T11:05:04.275Z] > git status -z -uall [3ms]
[2022-06-06T11:05:04.284Z] > git symbolic-ref --short HEAD [2ms]
[2022-06-06T11:05:04.294Z] > git for-each-ref --format=%(refname)%00%(upstream:short)%00%(objectname)%00%(upstream:track)%00%(upstream:remotename)%00%(upstream:remoteref) refs/heads/master refs/remotes/master [2ms]
[2022-06-06T11:05:04.306Z] > git for-each-ref --sort -committerdate --format %(refname) %(objectname) %(*objectname) [6ms]
[2022-06-06T11:05:04.307Z] > git remote --verbose [2ms]
[2022-06-06T11:05:04.315Z] > git config --get commit.template [2ms]
[2022-06-06T11:05:09.327Z] > git status -z -uall [3ms]
[2022-06-06T11:05:09.336Z] > git symbolic-ref --short HEAD [2ms]
[2022-06-06T11:05:09.344Z] > git for-each-ref --format=%(refname)%00%(upstream:short)%00%(objectname)%00%(upstream:track)%00%(upstream:remotename)%00%(upstream:remoteref) refs/heads/master refs/remotes/master [1ms]
[2022-06-06T11:05:09.356Z] > git for-each-ref --sort -committerdate --format %(refname) %(objectname) %(*objectname) [6ms]
[2022-06-06T11:05:09.357Z] > git remote --verbose [2ms]
[2022-06-06T11:05:09.365Z] > git config --get commit.template [1ms]
[2022-06-06T11:05:21.915Z] > git status -z -uall [2ms]
[2022-06-06T11:05:21.924Z] > git symbolic-ref --short HEAD [1ms]
[2022-06-06T11:05:21.933Z] > git for-each-ref --format=%(refname)%00%(upstream:short)%00%(objectname)%00%(upstream:track)%00%(upstream:remotename)%00%(upstream:remoteref) refs/heads/master refs/remotes/master [2ms]
[2022-06-06T11:05:21.947Z] > git for-each-ref --sort -committerdate --format %(refname) %(objectname) %(*objectname) [7ms]
[2022-06-06T11:05:21.948Z] > git remote --verbose [2ms]
[2022-06-06T11:05:21.959Z] > git config --get commit.template [2ms]
[2022-06-06T11:05:26.972Z] > git status -z -uall [3ms]
[2022-06-06T11:05:26.980Z] > git symbolic-ref --short HEAD [2ms]
[2022-06-06T11:05:26.988Z] > git for-each-ref --format=%(refname)%00%(upstream:short)%00%(objectname)%00%(upstream:track)%00%(upstream:remotename)%00%(upstream:remoteref) refs/heads/master refs/remotes/master [2ms]
[2022-06-06T11:05:27.002Z] > git for-each-ref --sort -committerdate --format %(refname) %(objectname) %(*objectname) [6ms]
[2022-06-06T11:05:27.003Z] > git remote --verbose [2ms]
[2022-06-06T11:05:27.014Z] > git config --get commit.template [1ms]
[2022-06-06T11:05:32.026Z] > git status -z -uall [3ms]
[2022-06-06T11:05:32.034Z] > git symbolic-ref --short HEAD [2ms]
[2022-06-06T11:05:32.044Z] > git for-each-ref --format=%(refname)%00%(upstream:short)%00%(objectname)%00%(upstream:track)%00%(upstream:remotename)%00%(upstream:remoteref) refs/heads/master refs/remotes/master [2ms]
[2022-06-06T11:05:32.057Z] > git for-each-ref --sort -committerdate --format %(refname) %(objectname) %(*objectname) [7ms]
[2022-06-06T11:05:32.058Z] > git remote --verbose [2ms]
[2022-06-06T11:05:32.068Z] > git config --get commit.template [1ms]
[2022-06-06T11:05:56.896Z] > git status -z -uall [12ms]
[2022-06-06T11:05:56.923Z] > git symbolic-ref --short HEAD [7ms]
[2022-06-06T11:05:56.950Z] > git for-each-ref --format=%(refname)%00%(upstream:short)%00%(objectname)%00%(upstream:track)%00%(upstream:remotename)%00%(upstream:remoteref) refs/heads/master refs/remotes/master [12ms]
[2022-06-06T11:05:56.983Z] > git for-each-ref --sort -committerdate --format %(refname) %(objectname) %(*objectname) [18ms]
[2022-06-06T11:05:56.984Z] > git remote --verbose [5ms]
[2022-06-06T11:05:57.011Z] > git config --get commit.template [5ms]
[2022-06-06T11:06:02.027Z] > git status -z -uall [3ms]
[2022-06-06T11:06:02.037Z] > git symbolic-ref --short HEAD [1ms]
[2022-06-06T11:06:02.046Z] > git for-each-ref --format=%(refname)%00%(upstream:short)%00%(objectname)%00%(upstream:track)%00%(upstream:remotename)%00%(upstream:remoteref) refs/heads/master refs/remotes/master [2ms]
[2022-06-06T11:06:02.059Z] > git for-each-ref --sort -committerdate --format %(refname) %(objectname) %(*objectname) [7ms]
[2022-06-06T11:06:02.059Z] > git remote --verbose [2ms]
[2022-06-06T11:06:02.070Z] > git config --get commit.template [2ms]
[2022-06-06T11:06:07.083Z] > git status -z -uall [3ms]
[2022-06-06T11:06:07.092Z] > git symbolic-ref --short HEAD [1ms]
[2022-06-06T11:06:07.100Z] > git for-each-ref --format=%(refname)%00%(upstream:short)%00%(objectname)%00%(upstream:track)%00%(upstream:remotename)%00%(upstream:remoteref) refs/heads/master refs/remotes/master [2ms]
[2022-06-06T11:06:07.112Z] > git for-each-ref --sort -committerdate --format %(refname) %(objectname) %(*objectname) [6ms]
[2022-06-06T11:06:07.113Z] > git remote --verbose [2ms]
[2022-06-06T11:06:07.123Z] > git config --get commit.template [1ms]
[2022-06-06T11:07:16.630Z] > git status -z -uall [3ms]
[2022-06-06T11:07:16.650Z] > git symbolic-ref --short HEAD [5ms]
[2022-06-06T11:07:16.676Z] > git for-each-ref --format=%(refname)%00%(upstream:short)%00%(objectname)%00%(upstream:track)%00%(upstream:remotename)%00%(upstream:remoteref) refs/heads/master refs/remotes/master [8ms]
[2022-06-06T11:07:16.711Z] > git remote --verbose [5ms]
[2022-06-06T11:07:16.712Z] > git for-each-ref --sort -committerdate --format %(refname) %(objectname) %(*objectname) [19ms]
[2022-06-06T11:07:16.731Z] > git config --get commit.template [2ms]
[2022-06-06T11:07:23.093Z] > git status -z -uall [7ms]
[2022-06-06T11:07:23.111Z] > git symbolic-ref --short HEAD [1ms]
[2022-06-06T11:07:23.125Z] > git for-each-ref --format=%(refname)%00%(upstream:short)%00%(objectname)%00%(upstream:track)%00%(upstream:remotename)%00%(upstream:remoteref) refs/heads/master refs/remotes/master [5ms]
[2022-06-06T11:07:23.155Z] > git for-each-ref --sort -committerdate --format %(refname) %(objectname) %(*objectname) [18ms]
[2022-06-06T11:07:23.158Z] > git remote --verbose [7ms]
[2022-06-06T11:07:23.183Z] > git config --get commit.template [2ms]
[2022-06-06T11:07:28.198Z] > git status -z -uall [3ms]
[2022-06-06T11:07:28.206Z] > git symbolic-ref --short HEAD [1ms]
[2022-06-06T11:07:28.215Z] > git for-each-ref --format=%(refname)%00%(upstream:short)%00%(objectname)%00%(upstream:track)%00%(upstream:remotename)%00%(upstream:remoteref) refs/heads/master refs/remotes/master [2ms]
[2022-06-06T11:07:28.226Z] > git for-each-ref --sort -committerdate --format %(refname) %(objectname) %(*objectname) [5ms]
[2022-06-06T11:07:28.228Z] > git remote --verbose [3ms]
[2022-06-06T11:07:28.237Z] > git config --get commit.template [1ms]
[2022-06-06T11:07:33.252Z] > git status -z -uall [3ms]
[2022-06-06T11:07:33.261Z] > git symbolic-ref --short HEAD [2ms]
[2022-06-06T11:07:33.269Z] > git for-each-ref --format=%(refname)%00%(upstream:short)%00%(objectname)%00%(upstream:track)%00%(upstream:remotename)%00%(upstream:remoteref) refs/heads/master refs/remotes/master [2ms]
[2022-06-06T11:07:33.283Z] > git for-each-ref --sort -committerdate --format %(refname) %(objectname) %(*objectname) [7ms]
[2022-06-06T11:07:33.284Z] > git remote --verbose [3ms]
[2022-06-06T11:07:33.295Z] > git config --get commit.template [2ms]
[2022-06-06T11:07:39.396Z] > git status -z -uall [3ms]
[2022-06-06T11:07:39.412Z] > git symbolic-ref --short HEAD [4ms]
[2022-06-06T11:07:39.435Z] > git for-each-ref --format=%(refname)%00%(upstream:short)%00%(objectname)%00%(upstream:track)%00%(upstream:remotename)%00%(upstream:remoteref) refs/heads/master refs/remotes/master [6ms]
[2022-06-06T11:07:39.473Z] > git for-each-ref --sort -committerdate --format %(refname) %(objectname) %(*objectname) [22ms]
[2022-06-06T11:07:39.474Z] > git remote --verbose [3ms]
[2022-06-06T11:07:39.506Z] > git config --get commit.template [4ms]
[2022-06-06T11:07:46.772Z] > git status -z -uall [5ms]
[2022-06-06T11:07:46.789Z] > git symbolic-ref --short HEAD [4ms]
[2022-06-06T11:07:46.806Z] > git for-each-ref --format=%(refname)%00%(upstream:short)%00%(objectname)%00%(upstream:track)%00%(upstream:remotename)%00%(upstream:remoteref) refs/heads/master refs/remotes/master [5ms]
[2022-06-06T11:07:46.843Z] > git for-each-ref --sort -committerdate --format %(refname) %(objectname) %(*objectname) [20ms]
[2022-06-06T11:07:46.845Z] > git remote --verbose [4ms]
[2022-06-06T11:07:46.874Z] > git config --get commit.template [2ms]
[2022-06-06T11:07:51.886Z] > git status -z -uall [3ms]
[2022-06-06T11:07:51.895Z] > git symbolic-ref --short HEAD [2ms]
[2022-06-06T11:07:51.904Z] > git for-each-ref --format=%(refname)%00%(upstream:short)%00%(objectname)%00%(upstream:track)%00%(upstream:remotename)%00%(upstream:remoteref) refs/heads/master refs/remotes/master [2ms]
[2022-06-06T11:07:51.917Z] > git for-each-ref --sort -committerdate --format %(refname) %(objectname) %(*objectname) [8ms]
[2022-06-06T11:07:51.918Z] > git remote --verbose [3ms]
[2022-06-06T11:07:51.931Z] > git config --get commit.template [2ms]
[2022-06-06T11:08:17.772Z] > git status -z -uall [7ms]
[2022-06-06T11:08:17.789Z] > git symbolic-ref --short HEAD [3ms]
[2022-06-06T11:08:17.797Z] > git for-each-ref --format=%(refname)%00%(upstream:short)%00%(objectname)%00%(upstream:track)%00%(upstream:remotename)%00%(upstream:remoteref) refs/heads/master refs/remotes/master [2ms]
[2022-06-06T11:08:17.818Z] > git for-each-ref --sort -committerdate --format %(refname) %(objectname) %(*objectname) [12ms]
[2022-06-06T11:08:17.820Z] > git remote --verbose [5ms]
[2022-06-06T11:08:17.844Z] > git config --get commit.template [2ms]
[2022-06-06T11:08:32.539Z] > git status -z -uall [7ms]
[2022-06-06T11:08:32.558Z] > git symbolic-ref --short HEAD [3ms]
[2022-06-06T11:08:32.576Z] > git for-each-ref --format=%(refname)%00%(upstream:short)%00%(objectname)%00%(upstream:track)%00%(upstream:remotename)%00%(upstream:remoteref) refs/heads/master refs/remotes/master [4ms]
[2022-06-06T11:08:32.612Z] > git for-each-ref --sort -committerdate --format %(refname) %(objectname) %(*objectname) [20ms]
[2022-06-06T11:08:32.614Z] > git remote --verbose [6ms]
[2022-06-06T11:08:32.649Z] > git config --get commit.template [4ms]
[2022-06-06T11:08:46.681Z] > git status -z -uall [7ms]
[2022-06-06T11:08:46.690Z] > git symbolic-ref --short HEAD [2ms]
[2022-06-06T11:08:46.703Z] > git for-each-ref --format=%(refname)%00%(upstream:short)%00%(objectname)%00%(upstream:track)%00%(upstream:remotename)%00%(upstream:remoteref) refs/heads/master refs/remotes/master [5ms]
[2022-06-06T11:08:46.721Z] > git for-each-ref --sort -committerdate --format %(refname) %(objectname) %(*objectname) [11ms]
[2022-06-06T11:08:46.722Z] > git remote --verbose [2ms]
[2022-06-06T11:08:46.743Z] > git config --get commit.template [5ms]
[2022-06-06T11:08:51.759Z] > git status -z -uall [4ms]
[2022-06-06T11:08:51.767Z] > git symbolic-ref --short HEAD [2ms]
[2022-06-06T11:08:51.775Z] > git for-each-ref --format=%(refname)%00%(upstream:short)%00%(objectname)%00%(upstream:track)%00%(upstream:remotename)%00%(upstream:remoteref) refs/heads/master refs/remotes/master [2ms]
[2022-06-06T11:08:51.786Z] > git for-each-ref --sort -committerdate --format %(refname) %(objectname) %(*objectname) [5ms]
[2022-06-06T11:08:51.787Z] > git remote --verbose [2ms]
[2022-06-06T11:08:51.796Z] > git config --get commit.template [1ms]
[2022-06-06T11:08:58.258Z] > git status -z -uall [3ms]
[2022-06-06T11:08:58.275Z] > git symbolic-ref --short HEAD [3ms]
[2022-06-06T11:08:58.297Z] > git for-each-ref --format=%(refname)%00%(upstream:short)%00%(objectname)%00%(upstream:track)%00%(upstream:remotename)%00%(upstream:remoteref) refs/heads/master refs/remotes/master [4ms]
[2022-06-06T11:08:58.333Z] > git for-each-ref --sort -committerdate --format %(refname) %(objectname) %(*objectname) [20ms]
[2022-06-06T11:08:58.336Z] > git remote --verbose [6ms]
[2022-06-06T11:08:58.358Z] > git config --get commit.template [2ms]
[2022-06-06T11:09:03.371Z] > git status -z -uall [3ms]
[2022-06-06T11:09:03.379Z] > git symbolic-ref --short HEAD [1ms]
[2022-06-06T11:09:03.387Z] > git for-each-ref --format=%(refname)%00%(upstream:short)%00%(objectname)%00%(upstream:track)%00%(upstream:remotename)%00%(upstream:remoteref) refs/heads/master refs/remotes/master [2ms]
[2022-06-06T11:09:03.397Z] > git for-each-ref --sort -committerdate --format %(refname) %(objectname) %(*objectname) [6ms]
[2022-06-06T11:09:03.398Z] > git remote --verbose [2ms]
[2022-06-06T11:09:03.405Z] > git config --get commit.template [1ms]
[2022-06-06T11:09:08.417Z] > git status -z -uall [2ms]
[2022-06-06T11:09:08.424Z] > git symbolic-ref --short HEAD [1ms]
[2022-06-06T11:09:08.431Z] > git for-each-ref --format=%(refname)%00%(upstream:short)%00%(objectname)%00%(upstream:track)%00%(upstream:remotename)%00%(upstream:remoteref) refs/heads/master refs/remotes/master [2ms]
[2022-06-06T11:09:08.441Z] > git for-each-ref --sort -committerdate --format %(refname) %(objectname) %(*objectname) [6ms]
[2022-06-06T11:09:08.441Z] > git remote --verbose [1ms]
[2022-06-06T11:09:08.452Z] > git config --get commit.template [2ms]
[2022-06-06T11:09:13.463Z] > git status -z -uall [2ms]
[2022-06-06T11:09:13.472Z] > git symbolic-ref --short HEAD [1ms]
[2022-06-06T11:09:13.479Z] > git for-each-ref --format=%(refname)%00%(upstream:short)%00%(objectname)%00%(upstream:track)%00%(upstream:remotename)%00%(upstream:remoteref) refs/heads/master refs/remotes/master [2ms]
[2022-06-06T11:09:13.491Z] > git for-each-ref --sort -committerdate --format %(refname) %(objectname) %(*objectname) [6ms]
[2022-06-06T11:09:13.491Z] > git remote --verbose [1ms]
[2022-06-06T11:09:13.503Z] > git config --get commit.template [2ms]
[2022-06-06T11:09:18.515Z] > git status -z -uall [3ms]
[2022-06-06T11:09:18.523Z] > git symbolic-ref --short HEAD [1ms]
[2022-06-06T11:09:18.532Z] > git for-each-ref --format=%(refname)%00%(upstream:short)%00%(objectname)%00%(upstream:track)%00%(upstream:remotename)%00%(upstream:remoteref) refs/heads/master refs/remotes/master [2ms]
[2022-06-06T11:09:18.546Z] > git for-each-ref --sort -committerdate --format %(refname) %(objectname) %(*objectname) [7ms]
[2022-06-06T11:09:18.547Z] > git remote --verbose [2ms]
[2022-06-06T11:09:18.554Z] > git config --get commit.template [1ms]
[2022-06-06T11:09:23.914Z] > git status -z -uall [6ms]
[2022-06-06T11:09:23.933Z] > git symbolic-ref --short HEAD [3ms]
[2022-06-06T11:09:23.947Z] > git for-each-ref --format=%(refname)%00%(upstream:short)%00%(objectname)%00%(upstream:track)%00%(upstream:remotename)%00%(upstream:remoteref) refs/heads/master refs/remotes/master [2ms]
[2022-06-06T11:09:23.979Z] > git for-each-ref --sort -committerdate --format %(refname) %(objectname) %(*objectname) [17ms]
[2022-06-06T11:09:23.980Z] > git remote --verbose [3ms]
[2022-06-06T11:09:24.000Z] > git config --get commit.template [4ms]
[2022-06-06T11:09:30.019Z] > git status -z -uall [3ms]
[2022-06-06T11:09:30.029Z] > git symbolic-ref --short HEAD [2ms]
[2022-06-06T11:09:30.037Z] > git for-each-ref --format=%(refname)%00%(upstream:short)%00%(objectname)%00%(upstream:track)%00%(upstream:remotename)%00%(upstream:remoteref) refs/heads/master refs/remotes/master [2ms]
[2022-06-06T11:09:30.050Z] > git for-each-ref --sort -committerdate --format %(refname) %(objectname) %(*objectname) [6ms]
[2022-06-06T11:09:30.051Z] > git remote --verbose [2ms]
[2022-06-06T11:09:30.059Z] > git config --get commit.template [2ms]
[2022-06-06T11:09:35.071Z] > git status -z -uall [3ms]
[2022-06-06T11:09:35.080Z] > git symbolic-ref --short HEAD [2ms]
[2022-06-06T11:09:35.086Z] > git for-each-ref --format=%(refname)%00%(upstream:short)%00%(objectname)%00%(upstream:track)%00%(upstream:remotename)%00%(upstream:remoteref) refs/heads/master refs/remotes/master [1ms]
[2022-06-06T11:09:35.097Z] > git for-each-ref --sort -committerdate --format %(refname) %(objectname) %(*objectname) [6ms]
[2022-06-06T11:09:35.097Z] > git remote --verbose [1ms]
[2022-06-06T11:09:35.105Z] > git config --get commit.template [1ms]
[2022-06-06T11:09:44.385Z] > git status -z -uall [4ms]
[2022-06-06T11:09:44.400Z] > git symbolic-ref --short HEAD [6ms]
[2022-06-06T11:09:44.412Z] > git for-each-ref --format=%(refname)%00%(upstream:short)%00%(objectname)%00%(upstream:track)%00%(upstream:remotename)%00%(upstream:remoteref) refs/heads/master refs/remotes/master [2ms]
[2022-06-06T11:09:44.431Z] > git for-each-ref --sort -committerdate --format %(refname) %(objectname) %(*objectname) [11ms]
[2022-06-06T11:09:44.432Z] > git remote --verbose [3ms]
[2022-06-06T11:09:44.465Z] > git config --get commit.template [7ms]
[2022-06-06T11:09:50.622Z] > git status -z -uall [3ms]
[2022-06-06T11:09:50.631Z] > git symbolic-ref --short HEAD [2ms]
[2022-06-06T11:09:50.640Z] > git for-each-ref --format=%(refname)%00%(upstream:short)%00%(objectname)%00%(upstream:track)%00%(upstream:remotename)%00%(upstream:remoteref) refs/heads/master refs/remotes/master [2ms]
[2022-06-06T11:09:50.653Z] > git for-each-ref --sort -committerdate --format %(refname) %(objectname) %(*objectname) [7ms]
[2022-06-06T11:09:50.654Z] > git remote --verbose [2ms]
[2022-06-06T11:09:50.664Z] > git config --get commit.template [2ms]
[2022-06-06T11:09:55.676Z] > git status -z -uall [3ms]
[2022-06-06T11:09:55.685Z] > git symbolic-ref --short HEAD [1ms]
[2022-06-06T11:09:55.693Z] > git for-each-ref --format=%(refname)%00%(upstream:short)%00%(objectname)%00%(upstream:track)%00%(upstream:remotename)%00%(upstream:remoteref) refs/heads/master refs/remotes/master [1ms]
[2022-06-06T11:09:55.706Z] > git for-each-ref --sort -committerdate --format %(refname) %(objectname) %(*objectname) [6ms]
[2022-06-06T11:09:55.707Z] > git remote --verbose [2ms]
[2022-06-06T11:09:55.715Z] > git config --get commit.template [1ms]
[2022-06-06T11:10:11.848Z] > git status -z -uall [18ms]
[2022-06-06T11:10:11.881Z] > git symbolic-ref --short HEAD [7ms]
[2022-06-06T11:10:11.904Z] > git for-each-ref --format=%(refname)%00%(upstream:short)%00%(objectname)%00%(upstream:track)%00%(upstream:remotename)%00%(upstream:remoteref) refs/heads/master refs/remotes/master [9ms]
[2022-06-06T11:10:11.942Z] > git for-each-ref --sort -committerdate --format %(refname) %(objectname) %(*objectname) [20ms]
[2022-06-06T11:10:11.942Z] > git remote --verbose [2ms]
[2022-06-06T11:10:11.957Z] > git config --get commit.template [4ms]
[2022-06-06T11:10:21.992Z] > git status -z -uall [11ms]
[2022-06-06T11:10:22.007Z] > git symbolic-ref --short HEAD [1ms]
[2022-06-06T11:10:22.019Z] > git for-each-ref --format=%(refname)%00%(upstream:short)%00%(objectname)%00%(upstream:track)%00%(upstream:remotename)%00%(upstream:remoteref) refs/heads/master refs/remotes/master [4ms]
[2022-06-06T11:10:22.054Z] > git for-each-ref --sort -committerdate --format %(refname) %(objectname) %(*objectname) [20ms]
[2022-06-06T11:10:22.056Z] > git remote --verbose [5ms]
[2022-06-06T11:10:22.085Z] > git config --get commit.template [4ms]
[2022-06-06T11:10:27.099Z] > git status -z -uall [3ms]
[2022-06-06T11:10:27.108Z] > git symbolic-ref --short HEAD [2ms]
[2022-06-06T11:10:27.116Z] > git for-each-ref --format=%(refname)%00%(upstream:short)%00%(objectname)%00%(upstream:track)%00%(upstream:remotename)%00%(upstream:remoteref) refs/heads/master refs/remotes/master [2ms]
[2022-06-06T11:10:27.128Z] > git for-each-ref --sort -committerdate --format %(refname) %(objectname) %(*objectname) [6ms]
[2022-06-06T11:10:27.129Z] > git remote --verbose [2ms]
[2022-06-06T11:10:27.139Z] > git config --get commit.template [2ms]
[2022-06-06T11:10:51.190Z] > git status -z -uall [1ms]
[2022-06-06T11:10:51.210Z] > git symbolic-ref --short HEAD [2ms]
[2022-06-06T11:10:51.234Z] > git for-each-ref --format=%(refname)%00%(upstream:short)%00%(objectname)%00%(upstream:track)%00%(upstream:remotename)%00%(upstream:remoteref) refs/heads/master refs/remotes/master [6ms]
[2022-06-06T11:10:51.274Z] > git for-each-ref --sort -committerdate --format %(refname) %(objectname) %(*objectname) [22ms]
[2022-06-06T11:10:51.276Z] > git remote --verbose [5ms]
[2022-06-06T11:10:51.309Z] > git config --get commit.template [8ms]
[2022-06-06T11:10:56.322Z] > git status -z -uall [3ms]
[2022-06-06T11:10:56.330Z] > git symbolic-ref --short HEAD [1ms]
[2022-06-06T11:10:56.338Z] > git for-each-ref --format=%(refname)%00%(upstream:short)%00%(objectname)%00%(upstream:track)%00%(upstream:remotename)%00%(upstream:remoteref) refs/heads/master refs/remotes/master [1ms]
[2022-06-06T11:10:56.347Z] > git for-each-ref --sort -committerdate --format %(refname) %(objectname) %(*objectname) [5ms]
[2022-06-06T11:10:56.348Z] > git remote --verbose [2ms]
[2022-06-06T11:10:56.355Z] > git config --get commit.template [1ms]
[2022-06-06T11:11:01.366Z] > git status -z -uall [2ms]
[2022-06-06T11:11:01.376Z] > git symbolic-ref --short HEAD [2ms]
[2022-06-06T11:11:01.385Z] > git for-each-ref --format=%(refname)%00%(upstream:short)%00%(objectname)%00%(upstream:track)%00%(upstream:remotename)%00%(upstream:remoteref) refs/heads/master refs/remotes/master [2ms]
[2022-06-06T11:11:01.399Z] > git for-each-ref --sort -committerdate --format %(refname) %(objectname) %(*objectname) [7ms]
[2022-06-06T11:11:01.399Z] > git remote --verbose [1ms]
[2022-06-06T11:11:01.409Z] > git config --get commit.template [1ms]
[2022-06-06T11:11:06.423Z] > git status -z -uall [3ms]
[2022-06-06T11:11:06.431Z] > git symbolic-ref --short HEAD [1ms]
[2022-06-06T11:11:06.439Z] > git for-each-ref --format=%(refname)%00%(upstream:short)%00%(objectname)%00%(upstream:track)%00%(upstream:remotename)%00%(upstream:remoteref) refs/heads/master refs/remotes/master [2ms]
[2022-06-06T11:11:06.452Z] > git for-each-ref --sort -committerdate --format %(refname) %(objectname) %(*objectname) [6ms]
[2022-06-06T11:11:06.453Z] > git remote --verbose [2ms]
[2022-06-06T11:11:06.462Z] > git config --get commit.template [1ms]
[2022-06-06T11:11:11.474Z] > git status -z -uall [2ms]
[2022-06-06T11:11:11.483Z] > git symbolic-ref --short HEAD [2ms]
[2022-06-06T11:11:11.490Z] > git for-each-ref --format=%(refname)%00%(upstream:short)%00%(objectname)%00%(upstream:track)%00%(upstream:remotename)%00%(upstream:remoteref) refs/heads/master refs/remotes/master [1ms]
[2022-06-06T11:11:11.502Z] > git for-each-ref --sort -committerdate --format %(refname) %(objectname) %(*objectname) [6ms]
[2022-06-06T11:11:11.503Z] > git remote --verbose [2ms]
[2022-06-06T11:11:11.514Z] > git config --get commit.template [1ms]
[2022-06-06T11:11:18.376Z] > git status -z -uall [1ms]
[2022-06-06T11:11:18.399Z] > git symbolic-ref --short HEAD [7ms]
[2022-06-06T11:11:18.419Z] > git for-each-ref --format=%(refname)%00%(upstream:short)%00%(objectname)%00%(upstream:track)%00%(upstream:remotename)%00%(upstream:remoteref) refs/heads/master refs/remotes/master [3ms]
[2022-06-06T11:11:18.454Z] > git for-each-ref --sort -committerdate --format %(refname) %(objectname) %(*objectname) [19ms]
[2022-06-06T11:11:18.456Z] > git remote --verbose [6ms]
[2022-06-06T11:11:18.483Z] > git config --get commit.template [2ms]
[2022-06-06T11:11:23.495Z] > git status -z -uall [3ms]
[2022-06-06T11:11:23.503Z] > git symbolic-ref --short HEAD [2ms]
[2022-06-06T11:11:23.510Z] > git for-each-ref --format=%(refname)%00%(upstream:short)%00%(objectname)%00%(upstream:track)%00%(upstream:remotename)%00%(upstream:remoteref) refs/heads/master refs/remotes/master [1ms]
[2022-06-06T11:11:23.521Z] > git for-each-ref --sort -committerdate --format %(refname) %(objectname) %(*objectname) [6ms]
[2022-06-06T11:11:23.521Z] > git remote --verbose [1ms]
[2022-06-06T11:11:23.529Z] > git config --get commit.template [1ms]
[2022-06-06T11:11:32.311Z] > git status -z -uall [7ms]
[2022-06-06T11:11:32.328Z] > git symbolic-ref --short HEAD [5ms]
[2022-06-06T11:11:32.349Z] > git for-each-ref --format=%(refname)%00%(upstream:short)%00%(objectname)%00%(upstream:track)%00%(upstream:remotename)%00%(upstream:remoteref) refs/heads/master refs/remotes/master [1ms]
[2022-06-06T11:11:32.390Z] > git for-each-ref --sort -committerdate --format %(refname) %(objectname) %(*objectname) [22ms]
[2022-06-06T11:11:32.392Z] > git remote --verbose [3ms]
[2022-06-06T11:11:32.412Z] > git config --get commit.template [4ms]
[2022-06-06T11:11:37.424Z] > git status -z -uall [2ms]
[2022-06-06T11:11:37.431Z] > git symbolic-ref --short HEAD [1ms]
[2022-06-06T11:11:37.440Z] > git for-each-ref --format=%(refname)%00%(upstream:short)%00%(objectname)%00%(upstream:track)%00%(upstream:remotename)%00%(upstream:remoteref) refs/heads/master refs/remotes/master [2ms]
[2022-06-06T11:11:37.453Z] > git for-each-ref --sort -committerdate --format %(refname) %(objectname) %(*objectname) [7ms]
[2022-06-06T11:11:37.453Z] > git remote --verbose [1ms]
[2022-06-06T11:11:37.463Z] > git config --get commit.template [1ms]
[2022-06-06T11:11:42.475Z] > git status -z -uall [2ms]
[2022-06-06T11:11:42.484Z] > git symbolic-ref --short HEAD [2ms]
[2022-06-06T11:11:42.494Z] > git for-each-ref --format=%(refname)%00%(upstream:short)%00%(objectname)%00%(upstream:track)%00%(upstream:remotename)%00%(upstream:remoteref) refs/heads/master refs/remotes/master [2ms]
[2022-06-06T11:11:42.507Z] > git for-each-ref --sort -committerdate --format %(refname) %(objectname) %(*objectname) [7ms]
[2022-06-06T11:11:42.508Z] > git remote --verbose [2ms]
[2022-06-06T11:11:42.520Z] > git config --get commit.template [2ms]
[2022-06-06T11:12:00.505Z] > git status -z -uall [12ms]
[2022-06-06T11:12:00.544Z] > git symbolic-ref --short HEAD [8ms]
[2022-06-06T11:12:00.565Z] > git for-each-ref --format=%(refname)%00%(upstream:short)%00%(objectname)%00%(upstream:track)%00%(upstream:remotename)%00%(upstream:remoteref) refs/heads/master refs/remotes/master [5ms]
[2022-06-06T11:12:00.606Z] > git for-each-ref --sort -committerdate --format %(refname) %(objectname) %(*objectname) [24ms]
[2022-06-06T11:12:00.608Z] > git remote --verbose [7ms]
[2022-06-06T11:12:00.645Z] > git config --get commit.template [5ms]
[2022-06-06T11:12:05.656Z] > git status -z -uall [2ms]
[2022-06-06T11:12:05.665Z] > git symbolic-ref --short HEAD [2ms]
[2022-06-06T11:12:05.674Z] > git for-each-ref --format=%(refname)%00%(upstream:short)%00%(objectname)%00%(upstream:track)%00%(upstream:remotename)%00%(upstream:remoteref) refs/heads/master refs/remotes/master [2ms]
[2022-06-06T11:12:05.687Z] > git for-each-ref --sort -committerdate --format %(refname) %(objectname) %(*objectname) [6ms]
[2022-06-06T11:12:05.688Z] > git remote --verbose [2ms]
[2022-06-06T11:12:05.701Z] > git config --get commit.template [3ms]
[2022-06-06T11:12:12.272Z] > git status -z -uall [10ms]
[2022-06-06T11:12:12.286Z] > git symbolic-ref --short HEAD [4ms]
[2022-06-06T11:12:12.318Z] > git for-each-ref --format=%(refname)%00%(upstream:short)%00%(objectname)%00%(upstream:track)%00%(upstream:remotename)%00%(upstream:remoteref) refs/heads/master refs/remotes/master [12ms]
[2022-06-06T11:12:12.356Z] > git for-each-ref --sort -committerdate --format %(refname) %(objectname) %(*objectname) [19ms]
[2022-06-06T11:12:12.357Z] > git remote --verbose [4ms]
[2022-06-06T11:12:12.389Z] > git config --get commit.template [5ms]
[2022-06-06T11:12:17.402Z] > git status -z -uall [3ms]
[2022-06-06T11:12:17.411Z] > git symbolic-ref --short HEAD [1ms]
[2022-06-06T11:12:17.419Z] > git for-each-ref --format=%(refname)%00%(upstream:short)%00%(objectname)%00%(upstream:track)%00%(upstream:remotename)%00%(upstream:remoteref) refs/heads/master refs/remotes/master [1ms]
[2022-06-06T11:12:17.433Z] > git for-each-ref --sort -committerdate --format %(refname) %(objectname) %(*objectname) [7ms]
[2022-06-06T11:12:17.434Z] > git remote --verbose [2ms]
[2022-06-06T11:12:17.442Z] > git config --get commit.template [2ms]
[2022-06-06T11:12:38.550Z] > git show --textconv :Dockerfile [8ms]
[2022-06-06T11:12:38.551Z] > git ls-files --stage -- /home/jose/github/Docker/Dockerfile [2ms]
[2022-06-06T11:12:42.735Z] > git status -z -uall [4ms]
[2022-06-06T11:12:42.747Z] > git symbolic-ref --short HEAD [2ms]
[2022-06-06T11:12:42.755Z] > git for-each-ref --format=%(refname)%00%(upstream:short)%00%(objectname)%00%(upstream:track)%00%(upstream:remotename)%00%(upstream:remoteref) refs/heads/master refs/remotes/master [2ms]
[2022-06-06T11:12:42.771Z] > git for-each-ref --sort -committerdate --format %(refname) %(objectname) %(*objectname) [9ms]
[2022-06-06T11:12:42.772Z] > git remote --verbose [2ms]
[2022-06-06T11:12:42.782Z] > git config --get commit.template [1ms]
[2022-06-06T11:12:47.795Z] > git status -z -uall [3ms]
[2022-06-06T11:12:47.804Z] > git symbolic-ref --short HEAD [2ms]
[2022-06-06T11:12:47.812Z] > git for-each-ref --format=%(refname)%00%(upstream:short)%00%(objectname)%00%(upstream:track)%00%(upstream:remotename)%00%(upstream:remoteref) refs/heads/master refs/remotes/master [2ms]
[2022-06-06T11:12:47.825Z] > git for-each-ref --sort -committerdate --format %(refname) %(objectname) %(*objectname) [7ms]
[2022-06-06T11:12:47.826Z] > git remote --verbose [2ms]
[2022-06-06T11:12:47.836Z] > git config --get commit.template [1ms]
[2022-06-06T11:12:51.684Z] > git show --textconv :docker-compose.yaml [6ms]
[2022-06-06T11:12:51.685Z] > git ls-files --stage -- /home/jose/github/Docker/docker-compose.yaml [2ms]
[2022-06-06T11:27:16.300Z] > git status -z -uall [3ms]
[2022-06-06T11:27:16.310Z] > git symbolic-ref --short HEAD [2ms]
[2022-06-06T11:27:16.317Z] > git for-each-ref --format=%(refname)%00%(upstream:short)%00%(objectname)%00%(upstream:track)%00%(upstream:remotename)%00%(upstream:remoteref) refs/heads/master refs/remotes/master [2ms]
[2022-06-06T11:27:16.329Z] > git for-each-ref --sort -committerdate --format %(refname) %(objectname) %(*objectname) [7ms]
[2022-06-06T11:27:16.329Z] > git remote --verbose [2ms]
[2022-06-06T11:27:16.338Z] > git config --get commit.template [1ms]
[2022-06-06T11:44:47.372Z] > git status -z -uall [2116ms]
[2022-06-06T11:44:47.486Z] > git symbolic-ref --short HEAD [1ms]
[2022-06-06T11:44:47.534Z] > git for-each-ref --format=%(refname)%00%(upstream:short)%00%(objectname)%00%(upstream:track)%00%(upstream:remotename)%00%(upstream:remoteref) refs/heads/master refs/remotes/master [41ms]
[2022-06-06T11:44:47.572Z] > git remote --verbose [28ms]
[2022-06-06T11:44:47.685Z] > git for-each-ref --sort -committerdate --format %(refname) %(objectname) %(*objectname) [145ms]
[2022-06-06T11:44:47.697Z] > git config --get commit.template [2ms]
[2022-06-06T12:09:40.187Z] > git status -z -uall [338ms]
[2022-06-06T12:09:40.213Z] > git symbolic-ref --short HEAD [2ms]
[2022-06-06T12:09:40.264Z] > git for-each-ref --format=%(refname)%00%(upstream:short)%00%(objectname)%00%(upstream:track)%00%(upstream:remotename)%00%(upstream:remoteref) refs/heads/master refs/remotes/master [44ms]
[2022-06-06T12:09:40.301Z] > git for-each-ref --sort -committerdate --format %(refname) %(objectname) %(*objectname) [29ms]
[2022-06-06T12:09:40.309Z] > git remote --verbose [32ms]
[2022-06-06T12:09:40.320Z] > git config --get commit.template [2ms]
[2022-06-06T12:09:45.334Z] > git status -z -uall [3ms]
[2022-06-06T12:09:45.342Z] > git symbolic-ref --short HEAD [2ms]
[2022-06-06T12:09:45.351Z] > git for-each-ref --format=%(refname)%00%(upstream:short)%00%(objectname)%00%(upstream:track)%00%(upstream:remotename)%00%(upstream:remoteref) refs/heads/master refs/remotes/master [2ms]
[2022-06-06T12:09:45.365Z] > git for-each-ref --sort -committerdate --format %(refname) %(objectname) %(*objectname) [7ms]
[2022-06-06T12:09:45.366Z] > git remote --verbose [2ms]
[2022-06-06T12:09:45.376Z] > git config --get commit.template [2ms]
[2022-06-06T12:10:09.944Z] > git ls-files --stage -- /home/jose/github/Docker/README.md [26ms]
[2022-06-06T12:10:09.962Z] > git cat-file -s a6a4466591c6b4ad47ffdf4bfd727840257cd4b3 [7ms]
[2022-06-06T12:10:10.101Z] > git show --textconv :README.md [190ms]
[2022-06-06T13:04:21.036Z] > git status -z -uall [87ms]
[2022-06-06T13:04:21.085Z] > git symbolic-ref --short HEAD [2ms]
[2022-06-06T13:04:21.097Z] > git for-each-ref --format=%(refname)%00%(upstream:short)%00%(objectname)%00%(upstream:track)%00%(upstream:remotename)%00%(upstream:remoteref) refs/heads/master refs/remotes/master [3ms]
[2022-06-06T13:04:21.117Z] > git for-each-ref --sort -committerdate --format %(refname) %(objectname) %(*objectname) [12ms]
[2022-06-06T13:04:21.117Z] > git remote --verbose [2ms]
[2022-06-06T13:04:21.134Z] > git config --get commit.template [4ms]
[2022-06-06T13:41:16.945Z] > git status -z -uall [183ms]
[2022-06-06T13:41:17.022Z] > git ls-files --stage -- /home/jose/github/Docker/README.md [187ms]
[2022-06-06T13:41:17.031Z] > git symbolic-ref --short HEAD [8ms]
[2022-06-06T13:41:17.150Z] > git for-each-ref --format=%(refname)%00%(upstream:short)%00%(objectname)%00%(upstream:track)%00%(upstream:remotename)%00%(upstream:remoteref) refs/heads/master refs/remotes/master [116ms]
[2022-06-06T13:41:17.197Z] > git remote --verbose [29ms]
[2022-06-06T13:41:17.198Z] > git for-each-ref --sort -committerdate --format %(refname) %(objectname) %(*objectname) [35ms]
[2022-06-06T13:41:17.200Z] > git cat-file -s a6a4466591c6b4ad47ffdf4bfd727840257cd4b3 [170ms]
[2022-06-06T13:41:17.213Z] > git config --get commit.template [7ms]
[2022-06-06T13:41:17.214Z] > git show --textconv :README.md [2ms]
