[2022-06-06 19:31:51.260] [exthost] [info] Extension host with pid 22161 started
[2022-06-06 19:31:51.260] [exthost] [info] Skipping acquiring lock for /home/jose/.config/Code/User/workspaceStorage/fb39603852ef45c087863e2e81a9b86b.
[2022-06-06 19:31:52.512] [exthost] [info] ExtensionService#_doActivateExtension vscode.extension-editing, startup: false, activationEvent: 'onLanguage:markdown'
[2022-06-06 19:31:52.547] [exthost] [info] ExtensionService#_doActivateExtension vscode.markdown-language-features, startup: false, activationEvent: 'onLanguage:markdown'
[2022-06-06 19:31:52.698] [exthost] [info] ExtensionService#_doActivateExtension vscode.microsoft-authentication, startup: false, activationEvent: 'onAuthenticationRequest:microsoft'
[2022-06-06 19:31:52.765] [exthost] [info] ExtensionService#_doActivateExtension vscode.debug-auto-launch, startup: true, activationEvent: '*'
[2022-06-06 19:31:52.774] [exthost] [info] ExtensionService#_doActivateExtension vscode.git-base, startup: true, activationEvent: '*', root cause: vscode.git
[2022-06-06 19:31:52.784] [exthost] [info] ExtensionService#_doActivateExtension vscode.ipynb, startup: true, activationEvent: '*'
[2022-06-06 19:31:52.797] [exthost] [info] ExtensionService#_doActivateExtension naumovs.color-highlight, startup: true, activationEvent: '*'
[2022-06-06 19:31:53.294] [exthost] [info] ExtensionService#_doActivateExtension vscode.git, startup: true, activationEvent: '*'
[2022-06-06 19:31:53.363] [exthost] [info] ExtensionService#_doActivateExtension vscode.github, startup: true, activationEvent: '*'
[2022-06-06 19:31:55.737] [exthost] [info] Eager extensions activated
[2022-06-06 19:31:56.125] [exthost] [info] ExtensionService#_doActivateExtension vscode.markdown-math, startup: false, activationEvent: 'api', root cause: vscode.markdown-language-features
[2022-06-06 19:31:56.140] [exthost] [info] ExtensionService#_doActivateExtension vscode.emmet, startup: false, activationEvent: 'onStartupFinished'
[2022-06-06 19:31:56.176] [exthost] [info] ExtensionService#_doActivateExtension vscode.merge-conflict, startup: false, activationEvent: 'onStartupFinished'
[2022-06-06 19:31:56.185] [exthost] [info] ExtensionService#_doActivateExtension PKief.material-icon-theme, startup: false, activationEvent: 'onStartupFinished'
[2022-06-06 19:31:56.247] [exthost] [info] ExtensionService#_doActivateExtension ritwickdey.LiveServer, startup: false, activationEvent: 'onStartupFinished'
[2022-06-06 19:31:58.559] [exthost] [info] ExtensionService#_doActivateExtension vscode.github-authentication, startup: false, activationEvent: 'onAuthenticationRequest:github'
[2022-06-06 19:49:57.641] [exthost] [info] Extension host terminating: renderer closed the socket
[2022-06-06 19:49:57.771] [exthost] [info] Extension host with pid 22161 exiting with code 0
