[2022-05-31T10:46:37.177Z] La validación encontró GIT en: git
[2022-05-31T10:46:37.385Z] Usando GIT 2.36.1 de git
[2022-05-31T10:46:37.408Z] > git rev-parse --show-toplevel [5ms]
[2022-05-31T10:46:37.409Z] fatal: not a git repository (or any parent up to mount point /)
Stopping at filesystem boundary (GIT_DISCOVERY_ACROSS_FILESYSTEM not set).
[2022-05-31T10:46:37.434Z] > git rev-parse --show-toplevel [6ms]
[2022-05-31T10:46:37.446Z] > git rev-parse --git-dir --git-common-dir [3ms]
[2022-05-31T10:46:37.461Z] Open repository: /home/jose/github/dotfiles
[2022-05-31T10:46:49.074Z] > git status -z -uall [11591ms]
[2022-05-31T10:46:49.084Z] > git check-ignore -v -z --stdin [265ms]
[2022-05-31T10:46:49.085Z] > git rev-parse --show-toplevel [11587ms]
[2022-05-31T10:46:49.085Z] fatal: not a git repository (or any parent up to mount point /)
Stopping at filesystem boundary (GIT_DISCOVERY_ACROSS_FILESYSTEM not set).
[2022-05-31T10:46:49.096Z] > git rev-parse --show-toplevel [4ms]
[2022-05-31T10:46:49.096Z] fatal: not a git repository (or any parent up to mount point /)
Stopping at filesystem boundary (GIT_DISCOVERY_ACROSS_FILESYSTEM not set).
[2022-05-31T10:46:49.103Z] > git symbolic-ref --short HEAD [20ms]
[2022-05-31T10:46:49.115Z] > git rev-parse --show-toplevel [13ms]
[2022-05-31T10:46:49.115Z] fatal: not a git repository (or any parent up to mount point /)
Stopping at filesystem boundary (GIT_DISCOVERY_ACROSS_FILESYSTEM not set).
[2022-05-31T10:46:49.127Z] > git rev-parse --show-toplevel [4ms]
[2022-05-31T10:46:49.127Z] fatal: not a git repository (or any parent up to mount point /)
Stopping at filesystem boundary (GIT_DISCOVERY_ACROSS_FILESYSTEM not set).
[2022-05-31T10:46:49.167Z] > git for-each-ref --format=%(refname)%00%(upstream:short)%00%(objectname)%00%(upstream:track)%00%(upstream:remotename)%00%(upstream:remoteref) refs/heads/master refs/remotes/master [54ms]
[2022-05-31T10:46:49.181Z] > git rev-parse --show-toplevel [47ms]
[2022-05-31T10:46:49.181Z] fatal: not a git repository (or any parent up to mount point /)
Stopping at filesystem boundary (GIT_DISCOVERY_ACROSS_FILESYSTEM not set).
[2022-05-31T10:46:49.192Z] > git rev-parse --show-toplevel [5ms]
[2022-05-31T10:46:49.192Z] fatal: not a git repository (or any parent up to mount point /)
Stopping at filesystem boundary (GIT_DISCOVERY_ACROSS_FILESYSTEM not set).
[2022-05-31T10:46:49.199Z] > git remote --verbose [19ms]
[2022-05-31T10:46:49.200Z] > git for-each-ref --sort -committerdate --format %(refname) %(objectname) %(*objectname) [25ms]
[2022-05-31T10:46:49.214Z] > git rev-parse --show-toplevel [16ms]
[2022-05-31T10:46:49.214Z] fatal: not a git repository (or any parent up to mount point /)
Stopping at filesystem boundary (GIT_DISCOVERY_ACROSS_FILESYSTEM not set).
[2022-05-31T10:46:49.224Z] > git config --get commit.template [11ms]
[2022-05-31T10:46:49.231Z] > git rev-parse --show-toplevel [8ms]
[2022-05-31T10:46:49.231Z] fatal: not a git repository (or any parent up to mount point /)
Stopping at filesystem boundary (GIT_DISCOVERY_ACROSS_FILESYSTEM not set).
[2022-05-31T10:46:49.250Z] > git rev-parse --show-toplevel [3ms]
[2022-05-31T10:46:49.250Z] fatal: not a git repository (or any parent up to mount point /)
Stopping at filesystem boundary (GIT_DISCOVERY_ACROSS_FILESYSTEM not set).
[2022-05-31T10:46:49.259Z] > git rev-parse --show-toplevel [3ms]
[2022-05-31T10:46:49.259Z] fatal: not a git repository (or any parent up to mount point /)
Stopping at filesystem boundary (GIT_DISCOVERY_ACROSS_FILESYSTEM not set).
[2022-05-31T10:46:49.266Z] > git rev-parse --show-toplevel [1ms]
[2022-05-31T10:46:49.266Z] fatal: not a git repository (or any parent up to mount point /)
Stopping at filesystem boundary (GIT_DISCOVERY_ACROSS_FILESYSTEM not set).
[2022-05-31T10:46:49.297Z] > git rev-parse --show-toplevel [22ms]
[2022-05-31T10:46:49.311Z] > git rev-parse --git-dir --git-common-dir [7ms]
[2022-05-31T10:46:49.314Z] Open repository: /home/jose/.powerlevel10k
[2022-05-31T10:46:49.335Z] > git rev-parse --show-toplevel [8ms]
[2022-05-31T10:46:49.335Z] fatal: not a git repository (or any parent up to mount point /)
Stopping at filesystem boundary (GIT_DISCOVERY_ACROSS_FILESYSTEM not set).
[2022-05-31T10:46:49.369Z] > git rev-parse --show-toplevel [22ms]
[2022-05-31T10:46:49.369Z] fatal: not a git repository (or any parent up to mount point /)
Stopping at filesystem boundary (GIT_DISCOVERY_ACROSS_FILESYSTEM not set).
[2022-05-31T10:46:49.392Z] > git rev-parse --show-toplevel [3ms]
[2022-05-31T10:46:49.392Z] fatal: not a git repository (or any parent up to mount point /)
Stopping at filesystem boundary (GIT_DISCOVERY_ACROSS_FILESYSTEM not set).
[2022-05-31T10:46:49.412Z] > git rev-parse --show-toplevel [5ms]
[2022-05-31T10:46:49.412Z] fatal: not a git repository (or any parent up to mount point /)
Stopping at filesystem boundary (GIT_DISCOVERY_ACROSS_FILESYSTEM not set).
[2022-05-31T10:46:49.441Z] > git check-ignore -v -z --stdin [79ms]
[2022-05-31T10:46:49.444Z] > git rev-parse --show-toplevel [8ms]
[2022-05-31T10:46:49.444Z] fatal: not a git repository (or any parent up to mount point /)
Stopping at filesystem boundary (GIT_DISCOVERY_ACROSS_FILESYSTEM not set).
[2022-05-31T10:46:49.473Z] > git rev-parse --show-toplevel [22ms]
[2022-05-31T10:46:49.473Z] fatal: not a git repository (or any parent up to mount point /)
Stopping at filesystem boundary (GIT_DISCOVERY_ACROSS_FILESYSTEM not set).
[2022-05-31T10:46:49.488Z] > git rev-parse --show-toplevel [3ms]
[2022-05-31T10:46:49.488Z] fatal: not a git repository (or any parent up to mount point /)
Stopping at filesystem boundary (GIT_DISCOVERY_ACROSS_FILESYSTEM not set).
[2022-05-31T10:46:49.501Z] > git rev-parse --show-toplevel [4ms]
[2022-05-31T10:46:49.501Z] fatal: not a git repository (or any parent up to mount point /)
Stopping at filesystem boundary (GIT_DISCOVERY_ACROSS_FILESYSTEM not set).
[2022-05-31T10:46:49.515Z] > git rev-parse --show-toplevel [2ms]
[2022-05-31T10:46:49.516Z] fatal: not a git repository (or any parent up to mount point /)
Stopping at filesystem boundary (GIT_DISCOVERY_ACROSS_FILESYSTEM not set).
[2022-05-31T10:46:49.524Z] > git rev-parse --show-toplevel [2ms]
[2022-05-31T10:46:49.524Z] fatal: not a git repository (or any parent up to mount point /home/jose)
Stopping at filesystem boundary (GIT_DISCOVERY_ACROSS_FILESYSTEM not set).
[2022-05-31T10:46:49.532Z] > git rev-parse --show-toplevel [1ms]
[2022-05-31T10:46:49.532Z] fatal: not a git repository (or any parent up to mount point /)
Stopping at filesystem boundary (GIT_DISCOVERY_ACROSS_FILESYSTEM not set).
[2022-05-31T10:46:49.543Z] > git rev-parse --show-toplevel [1ms]
[2022-05-31T10:46:49.543Z] fatal: not a git repository (or any parent up to mount point /)
Stopping at filesystem boundary (GIT_DISCOVERY_ACROSS_FILESYSTEM not set).
[2022-05-31T10:46:49.549Z] > git rev-parse --show-toplevel [1ms]
[2022-05-31T10:46:49.549Z] fatal: not a git repository (or any parent up to mount point /)
Stopping at filesystem boundary (GIT_DISCOVERY_ACROSS_FILESYSTEM not set).
[2022-05-31T10:46:49.586Z] > git status -z -uall [266ms]
[2022-05-31T10:46:49.595Z] > git symbolic-ref --short HEAD [1ms]
[2022-05-31T10:46:49.601Z] > git rev-parse --show-toplevel [46ms]
[2022-05-31T10:46:49.610Z] > git for-each-ref --format=%(refname)%00%(upstream:short)%00%(objectname)%00%(upstream:track)%00%(upstream:remotename)%00%(upstream:remoteref) refs/heads/master refs/remotes/master [10ms]
[2022-05-31T10:46:49.621Z] > git rev-parse --git-dir --git-common-dir [12ms]
[2022-05-31T10:46:49.627Z] Open repository: /home/jose/dotfiles
[2022-05-31T10:46:49.644Z] > git for-each-ref --sort -committerdate --format %(refname) %(objectname) %(*objectname) [30ms]
[2022-05-31T10:46:49.645Z] > git remote --verbose [26ms]
[2022-05-31T10:46:49.654Z] > git rev-parse --show-toplevel [10ms]
[2022-05-31T10:46:49.654Z] fatal: not a git repository (or any parent up to mount point /)
Stopping at filesystem boundary (GIT_DISCOVERY_ACROSS_FILESYSTEM not set).
[2022-05-31T10:46:49.688Z] > git rev-parse --show-toplevel [27ms]
[2022-05-31T10:46:49.688Z] fatal: not a git repository (or any parent up to mount point /)
Stopping at filesystem boundary (GIT_DISCOVERY_ACROSS_FILESYSTEM not set).
[2022-05-31T10:46:49.688Z] > git config --get commit.template [34ms]
[2022-05-31T10:46:49.691Z] > git show --textconv :README.md [23ms]
[2022-05-31T10:46:49.704Z] > git ls-files --stage -- /home/jose/github/dotfiles/README.md [21ms]
[2022-05-31T10:46:49.715Z] > git cat-file -s d8f6b12bb40c877c5e98ab727fb6623a717fc761 [2ms]
[2022-05-31T10:46:50.215Z] > git check-ignore -v -z --stdin [13ms]
[2022-05-31T10:46:50.237Z] > git check-ignore -v -z --stdin [44ms]
[2022-05-31T10:46:51.059Z] > git status -z -uall [1425ms]
[2022-05-31T10:46:51.067Z] > git symbolic-ref --short HEAD [1ms]
[2022-05-31T10:46:51.077Z] > git for-each-ref --format=%(refname)%00%(upstream:short)%00%(objectname)%00%(upstream:track)%00%(upstream:remotename)%00%(upstream:remoteref) refs/heads/master refs/remotes/master [2ms]
[2022-05-31T10:46:51.090Z] > git remote --verbose [1ms]
[2022-05-31T10:46:51.101Z] > git for-each-ref --sort -committerdate --format %(refname) %(objectname) %(*objectname) [18ms]
[2022-05-31T10:46:51.114Z] > git config --get commit.template [2ms]
[2022-05-31T10:46:51.615Z] > git rev-parse --show-toplevel [2ms]
[2022-05-31T10:46:51.622Z] > git rev-parse --show-toplevel [1ms]
[2022-05-31T10:49:05.859Z] > git rev-parse --show-toplevel [9ms]
[2022-05-31T10:49:05.859Z] fatal: not a git repository (or any parent up to mount point /)
Stopping at filesystem boundary (GIT_DISCOVERY_ACROSS_FILESYSTEM not set).
[2022-05-31T10:54:53.518Z] > git show --textconv :README.md [12ms]
[2022-05-31T10:54:53.529Z] > git ls-files --stage -- /home/jose/github/dotfiles/README.md [15ms]
[2022-05-31T10:54:53.539Z] > git cat-file -s d8f6b12bb40c877c5e98ab727fb6623a717fc761 [2ms]
[2022-05-31T10:54:58.421Z] > git status -z -uall [465ms]
[2022-05-31T10:54:58.431Z] > git symbolic-ref --short HEAD [1ms]
[2022-05-31T10:54:58.442Z] > git for-each-ref --format=%(refname)%00%(upstream:short)%00%(objectname)%00%(upstream:track)%00%(upstream:remotename)%00%(upstream:remoteref) refs/heads/master refs/remotes/master [2ms]
[2022-05-31T10:54:58.457Z] > git for-each-ref --sort -committerdate --format %(refname) %(objectname) %(*objectname) [8ms]
[2022-05-31T10:54:58.459Z] > git remote --verbose [4ms]
[2022-05-31T10:54:58.471Z] > git config --get commit.template [1ms]
[2022-05-31T10:55:06.967Z] > git status -z -uall [137ms]
[2022-05-31T10:55:06.975Z] > git symbolic-ref --short HEAD [2ms]
[2022-05-31T10:55:06.985Z] > git for-each-ref --format=%(refname)%00%(upstream:short)%00%(objectname)%00%(upstream:track)%00%(upstream:remotename)%00%(upstream:remoteref) refs/heads/master refs/remotes/master [2ms]
[2022-05-31T10:55:06.999Z] > git for-each-ref --sort -committerdate --format %(refname) %(objectname) %(*objectname) [7ms]
[2022-05-31T10:55:07.000Z] > git remote --verbose [3ms]
[2022-05-31T10:55:07.016Z] > git config --get commit.template [2ms]
[2022-05-31T11:00:49.016Z] > git status -z -uall [320ms]
[2022-05-31T11:00:49.048Z] > git symbolic-ref --short HEAD [2ms]
[2022-05-31T11:00:49.054Z] > git for-each-ref --format=%(refname)%00%(upstream:short)%00%(objectname)%00%(upstream:track)%00%(upstream:remotename)%00%(upstream:remoteref) refs/heads/master refs/remotes/master [1ms]
[2022-05-31T11:00:49.066Z] > git for-each-ref --sort -committerdate --format %(refname) %(objectname) %(*objectname) [6ms]
[2022-05-31T11:00:49.067Z] > git remote --verbose [2ms]
[2022-05-31T11:00:49.077Z] > git config --get commit.template [1ms]
[2022-05-31T11:06:42.610Z] > git status -z -uall [439ms]
[2022-05-31T11:06:42.626Z] > git symbolic-ref --short HEAD [2ms]
[2022-05-31T11:06:42.638Z] > git for-each-ref --format=%(refname)%00%(upstream:short)%00%(objectname)%00%(upstream:track)%00%(upstream:remotename)%00%(upstream:remoteref) refs/heads/master refs/remotes/master [3ms]
[2022-05-31T11:06:42.662Z] > git for-each-ref --sort -committerdate --format %(refname) %(objectname) %(*objectname) [13ms]
[2022-05-31T11:06:42.663Z] > git remote --verbose [4ms]
[2022-05-31T11:06:42.683Z] > git config --get commit.template [3ms]
[2022-05-31T11:07:20.866Z] > git rev-parse --show-toplevel [15ms]
[2022-05-31T11:07:20.866Z] fatal: not a git repository (or any parent up to mount point /)
Stopping at filesystem boundary (GIT_DISCOVERY_ACROSS_FILESYSTEM not set).
[2022-05-31T11:07:32.177Z] > git rev-parse --show-toplevel [1097ms]
[2022-05-31T11:07:32.177Z] fatal: not a git repository (or any parent up to mount point /)
Stopping at filesystem boundary (GIT_DISCOVERY_ACROSS_FILESYSTEM not set).
[2022-05-31T11:17:03.967Z] > git ls-files --stage -- /home/jose/github/dotfiles/README.md [3291ms]
[2022-05-31T11:17:04.301Z] > git rev-parse --show-toplevel [161ms]
[2022-05-31T11:17:04.301Z] fatal: not a git repository (or any parent up to mount point /)
Stopping at filesystem boundary (GIT_DISCOVERY_ACROSS_FILESYSTEM not set).
[2022-05-31T11:17:04.381Z] > git cat-file -s d8f6b12bb40c877c5e98ab727fb6623a717fc761 [308ms]
[2022-05-31T11:17:04.385Z] > git show --textconv :README.md [3723ms]
[2022-05-31T11:18:20.973Z] > git show --textconv :README.md [26ms]
[2022-05-31T11:18:21.004Z] > git ls-files --stage -- /home/jose/github/dotfiles/README.md [35ms]
[2022-05-31T11:18:21.039Z] > git cat-file -s d8f6b12bb40c877c5e98ab727fb6623a717fc761 [5ms]
[2022-05-31T11:18:29.299Z] > git status -z -uall [573ms]
[2022-05-31T11:18:29.337Z] > git symbolic-ref --short HEAD [8ms]
[2022-05-31T11:18:29.427Z] > git for-each-ref --format=%(refname)%00%(upstream:short)%00%(objectname)%00%(upstream:track)%00%(upstream:remotename)%00%(upstream:remoteref) refs/heads/master refs/remotes/master [65ms]
[2022-05-31T11:18:29.505Z] > git for-each-ref --sort -committerdate --format %(refname) %(objectname) %(*objectname) [32ms]
[2022-05-31T11:18:29.508Z] > git remote --verbose [11ms]
[2022-05-31T11:18:29.541Z] > git config --get commit.template [3ms]
[2022-05-31T11:23:10.892Z] > git status -z -uall [1804ms]
[2022-05-31T11:23:10.910Z] > git symbolic-ref --short HEAD [2ms]
[2022-05-31T11:23:10.920Z] > git for-each-ref --format=%(refname)%00%(upstream:short)%00%(objectname)%00%(upstream:track)%00%(upstream:remotename)%00%(upstream:remoteref) refs/heads/master refs/remotes/master [2ms]
[2022-05-31T11:23:10.962Z] > git for-each-ref --sort -committerdate --format %(refname) %(objectname) %(*objectname) [35ms]
[2022-05-31T11:23:11.368Z] > git remote --verbose [434ms]
[2022-05-31T11:23:11.640Z] > git config --get commit.template [258ms]
[2022-05-31T11:26:11.304Z] > git check-ignore -v -z --stdin [1250ms]
[2022-05-31T11:26:14.887Z] > git check-ignore -v -z --stdin [9ms]
[2022-05-31T11:26:15.107Z] > git check-ignore -v -z --stdin [221ms]
[2022-05-31T11:27:00.926Z] > git rev-parse --show-toplevel [112ms]
[2022-05-31T11:27:00.926Z] fatal: not a git repository (or any parent up to mount point /)
Stopping at filesystem boundary (GIT_DISCOVERY_ACROSS_FILESYSTEM not set).
