[2022-06-07T10:35:47.498Z] La validación encontró GIT en: git
[2022-06-07T10:35:48.077Z] Usando GIT 2.36.1 de git
[2022-06-07T10:35:58.613Z] > git rev-parse --show-toplevel [10517ms]
[2022-06-07T10:35:58.613Z] fatal: not a git repository (or any parent up to mount point /)
Stopping at filesystem boundary (GIT_DISCOVERY_ACROSS_FILESYSTEM not set).
[2022-06-07T10:35:58.622Z] > git rev-parse --show-toplevel [2ms]
[2022-06-07T10:35:58.622Z] fatal: not a git repository (or any parent up to mount point /)
Stopping at filesystem boundary (GIT_DISCOVERY_ACROSS_FILESYSTEM not set).
[2022-06-07T10:35:58.631Z] > git rev-parse --show-toplevel [1ms]
[2022-06-07T10:35:58.631Z] fatal: not a git repository (or any parent up to mount point /)
Stopping at filesystem boundary (GIT_DISCOVERY_ACROSS_FILESYSTEM not set).
[2022-06-07T10:35:58.639Z] > git rev-parse --show-toplevel [1ms]
[2022-06-07T10:35:58.639Z] fatal: not a git repository (or any parent up to mount point /)
Stopping at filesystem boundary (GIT_DISCOVERY_ACROSS_FILESYSTEM not set).
[2022-06-07T10:35:58.648Z] > git rev-parse --show-toplevel [1ms]
[2022-06-07T10:35:58.648Z] fatal: not a git repository (or any parent up to mount point /)
Stopping at filesystem boundary (GIT_DISCOVERY_ACROSS_FILESYSTEM not set).
[2022-06-07T10:35:58.658Z] > git rev-parse --show-toplevel [4ms]
[2022-06-07T10:35:58.658Z] fatal: not a git repository (or any parent up to mount point /)
Stopping at filesystem boundary (GIT_DISCOVERY_ACROSS_FILESYSTEM not set).
[2022-06-07T10:35:58.717Z] > git rev-parse --show-toplevel [54ms]
[2022-06-07T10:35:58.717Z] fatal: not a git repository (or any parent up to mount point /)
Stopping at filesystem boundary (GIT_DISCOVERY_ACROSS_FILESYSTEM not set).
[2022-06-07T10:35:58.759Z] > git rev-parse --show-toplevel [35ms]
[2022-06-07T10:35:58.759Z] fatal: not a git repository (or any parent up to mount point /)
Stopping at filesystem boundary (GIT_DISCOVERY_ACROSS_FILESYSTEM not set).
[2022-06-07T10:35:58.782Z] > git rev-parse --show-toplevel [17ms]
[2022-06-07T10:35:58.782Z] fatal: not a git repository (or any parent up to mount point /)
Stopping at filesystem boundary (GIT_DISCOVERY_ACROSS_FILESYSTEM not set).
[2022-06-07T10:35:58.807Z] > git rev-parse --show-toplevel [19ms]
[2022-06-07T10:35:58.807Z] fatal: not a git repository (or any parent up to mount point /)
Stopping at filesystem boundary (GIT_DISCOVERY_ACROSS_FILESYSTEM not set).
[2022-06-07T10:35:58.816Z] > git rev-parse --show-toplevel [2ms]
[2022-06-07T10:35:58.816Z] fatal: not a git repository (or any parent up to mount point /)
Stopping at filesystem boundary (GIT_DISCOVERY_ACROSS_FILESYSTEM not set).
[2022-06-07T10:35:58.827Z] > git rev-parse --show-toplevel [6ms]
[2022-06-07T10:35:58.827Z] fatal: not a git repository (or any parent up to mount point /)
Stopping at filesystem boundary (GIT_DISCOVERY_ACROSS_FILESYSTEM not set).
[2022-06-07T10:35:58.835Z] > git rev-parse --show-toplevel [1ms]
[2022-06-07T10:35:58.835Z] fatal: not a git repository (or any parent up to mount point /)
Stopping at filesystem boundary (GIT_DISCOVERY_ACROSS_FILESYSTEM not set).
[2022-06-07T10:35:58.861Z] > git rev-parse --show-toplevel [21ms]
[2022-06-07T10:35:58.861Z] fatal: not a git repository (or any parent up to mount point /)
Stopping at filesystem boundary (GIT_DISCOVERY_ACROSS_FILESYSTEM not set).
[2022-06-07T10:35:58.871Z] > git rev-parse --show-toplevel [5ms]
[2022-06-07T10:35:58.871Z] fatal: not a git repository (or any parent up to mount point /)
Stopping at filesystem boundary (GIT_DISCOVERY_ACROSS_FILESYSTEM not set).
[2022-06-07T10:35:58.931Z] > git rev-parse --show-toplevel [23ms]
[2022-06-07T10:35:58.931Z] fatal: not a git repository (or any parent up to mount point /)
Stopping at filesystem boundary (GIT_DISCOVERY_ACROSS_FILESYSTEM not set).
[2022-06-07T10:35:58.938Z] > git rev-parse --show-toplevel [1ms]
[2022-06-07T10:35:58.938Z] fatal: not a git repository (or any parent up to mount point /)
Stopping at filesystem boundary (GIT_DISCOVERY_ACROSS_FILESYSTEM not set).
[2022-06-07T10:35:59.022Z] > git rev-parse --show-toplevel [76ms]
[2022-06-07T10:35:59.031Z] > git rev-parse --git-dir --git-common-dir [2ms]
[2022-06-07T10:35:59.038Z] Open repository: /home/jose/.powerlevel10k
[2022-06-07T10:35:59.063Z] > git rev-parse --show-toplevel [10ms]
[2022-06-07T10:35:59.063Z] fatal: not a git repository (or any parent up to mount point /)
Stopping at filesystem boundary (GIT_DISCOVERY_ACROSS_FILESYSTEM not set).
[2022-06-07T10:35:59.103Z] > git rev-parse --show-toplevel [33ms]
[2022-06-07T10:35:59.103Z] fatal: not a git repository (or any parent up to mount point /)
Stopping at filesystem boundary (GIT_DISCOVERY_ACROSS_FILESYSTEM not set).
[2022-06-07T10:35:59.129Z] > git rev-parse --show-toplevel [20ms]
[2022-06-07T10:35:59.129Z] fatal: not a git repository (or any parent up to mount point /)
Stopping at filesystem boundary (GIT_DISCOVERY_ACROSS_FILESYSTEM not set).
[2022-06-07T10:35:59.137Z] > git rev-parse --show-toplevel [1ms]
[2022-06-07T10:35:59.137Z] fatal: not a git repository (or any parent up to mount point /)
Stopping at filesystem boundary (GIT_DISCOVERY_ACROSS_FILESYSTEM not set).
[2022-06-07T10:35:59.201Z] > git rev-parse --show-toplevel [58ms]
[2022-06-07T10:35:59.201Z] fatal: not a git repository (or any parent up to mount point /)
Stopping at filesystem boundary (GIT_DISCOVERY_ACROSS_FILESYSTEM not set).
[2022-06-07T10:35:59.234Z] > git rev-parse --show-toplevel [27ms]
[2022-06-07T10:35:59.234Z] fatal: not a git repository (or any parent up to mount point /)
Stopping at filesystem boundary (GIT_DISCOVERY_ACROSS_FILESYSTEM not set).
[2022-06-07T10:35:59.283Z] > git rev-parse --show-toplevel [41ms]
[2022-06-07T10:35:59.283Z] fatal: not a git repository (or any parent up to mount point /)
Stopping at filesystem boundary (GIT_DISCOVERY_ACROSS_FILESYSTEM not set).
[2022-06-07T10:35:59.305Z] > git rev-parse --show-toplevel [15ms]
[2022-06-07T10:35:59.305Z] fatal: not a git repository (or any parent up to mount point /)
Stopping at filesystem boundary (GIT_DISCOVERY_ACROSS_FILESYSTEM not set).
[2022-06-07T10:35:59.313Z] > git rev-parse --show-toplevel [1ms]
[2022-06-07T10:35:59.313Z] fatal: not a git repository (or any parent up to mount point /)
Stopping at filesystem boundary (GIT_DISCOVERY_ACROSS_FILESYSTEM not set).
[2022-06-07T10:35:59.321Z] > git rev-parse --show-toplevel [1ms]
[2022-06-07T10:35:59.321Z] fatal: not a git repository (or any parent up to mount point /)
Stopping at filesystem boundary (GIT_DISCOVERY_ACROSS_FILESYSTEM not set).
[2022-06-07T10:35:59.329Z] > git rev-parse --show-toplevel [1ms]
[2022-06-07T10:35:59.330Z] fatal: not a git repository (or any parent up to mount point /)
Stopping at filesystem boundary (GIT_DISCOVERY_ACROSS_FILESYSTEM not set).
[2022-06-07T10:35:59.368Z] > git rev-parse --show-toplevel [32ms]
[2022-06-07T10:35:59.368Z] fatal: not a git repository (or any parent up to mount point /)
Stopping at filesystem boundary (GIT_DISCOVERY_ACROSS_FILESYSTEM not set).
[2022-06-07T10:35:59.378Z] > git rev-parse --show-toplevel [2ms]
[2022-06-07T10:35:59.378Z] fatal: not a git repository (or any parent up to mount point /)
Stopping at filesystem boundary (GIT_DISCOVERY_ACROSS_FILESYSTEM not set).
[2022-06-07T10:35:59.387Z] > git rev-parse --show-toplevel [2ms]
[2022-06-07T10:35:59.387Z] fatal: not a git repository (or any parent up to mount point /)
Stopping at filesystem boundary (GIT_DISCOVERY_ACROSS_FILESYSTEM not set).
[2022-06-07T10:35:59.396Z] > git rev-parse --show-toplevel [1ms]
[2022-06-07T10:35:59.396Z] fatal: not a git repository (or any parent up to mount point /)
Stopping at filesystem boundary (GIT_DISCOVERY_ACROSS_FILESYSTEM not set).
[2022-06-07T10:35:59.822Z] > git status -z -uall [775ms]
[2022-06-07T10:35:59.832Z] > git symbolic-ref --short HEAD [2ms]
[2022-06-07T10:35:59.888Z] > git for-each-ref --format=%(refname)%00%(upstream:short)%00%(objectname)%00%(upstream:track)%00%(upstream:remotename)%00%(upstream:remoteref) refs/heads/master refs/remotes/master [48ms]
[2022-06-07T10:35:59.898Z] > git remote --verbose [1ms]
[2022-06-07T10:35:59.912Z] > git for-each-ref --sort -committerdate --format %(refname) %(objectname) %(*objectname) [20ms]
[2022-06-07T10:35:59.925Z] > git config --get commit.template [1ms]
[2022-06-07T10:36:04.763Z] > git rev-parse --show-toplevel [45ms]
[2022-06-07T10:36:04.774Z] > git rev-parse --git-dir --git-common-dir [2ms]
[2022-06-07T10:36:04.779Z] Open repository: /home/jose/github/dotfiles
[2022-06-07T10:36:06.230Z] > git ls-files --stage -- /home/jose/github/dotfiles/.config/kitty/kitty.conf [1068ms]
[2022-06-07T10:36:06.434Z] > git check-ignore -v -z --stdin [1080ms]
[2022-06-07T10:36:07.925Z] > git cat-file -s 4ad96bf1eb3c4eff66f05982b133e43e2c54ba2a [1688ms]
[2022-06-07T10:36:07.926Z] > git show --textconv :.config/kitty/kitty.conf [2777ms]
[2022-06-07T10:36:10.068Z] > git status -z -uall [5282ms]
[2022-06-07T10:36:10.076Z] > git symbolic-ref --short HEAD [1ms]
[2022-06-07T10:36:10.111Z] > git for-each-ref --format=%(refname)%00%(upstream:short)%00%(objectname)%00%(upstream:track)%00%(upstream:remotename)%00%(upstream:remoteref) refs/heads/master refs/remotes/master [27ms]
[2022-06-07T10:36:10.126Z] > git remote --verbose [1ms]
[2022-06-07T10:36:10.133Z] > git for-each-ref --sort -committerdate --format %(refname) %(objectname) %(*objectname) [13ms]
[2022-06-07T10:36:10.144Z] > git config --get commit.template [2ms]
[2022-06-07T10:36:18.267Z] > git check-ignore -v -z --stdin [17ms]
[2022-06-07T10:36:18.615Z] > git ls-files --stage -- /home/jose/github/dotfiles/.config/kitty/color.ini [14ms]
[2022-06-07T10:36:18.726Z] > git show --textconv :.config/kitty/color.ini [134ms]
[2022-06-07T10:36:18.726Z] > git cat-file -s f99db7ccf1367891c949378779fe202312d3756f [105ms]
[2022-06-07T10:36:30.966Z] > git status -z -uall [155ms]
[2022-06-07T10:36:30.974Z] > git symbolic-ref --short HEAD [1ms]
[2022-06-07T10:36:30.981Z] > git for-each-ref --format=%(refname)%00%(upstream:short)%00%(objectname)%00%(upstream:track)%00%(upstream:remotename)%00%(upstream:remoteref) refs/heads/master refs/remotes/master [1ms]
[2022-06-07T10:36:30.991Z] > git for-each-ref --sort -committerdate --format %(refname) %(objectname) %(*objectname) [5ms]
[2022-06-07T10:36:30.992Z] > git remote --verbose [2ms]
[2022-06-07T10:36:31.002Z] > git config --get commit.template [2ms]
[2022-06-07T10:36:53.089Z] > git check-ignore -v -z --stdin [2ms]
[2022-06-07T10:37:00.805Z] > git rev-parse --show-toplevel [5ms]
[2022-06-07T10:37:00.805Z] fatal: not a git repository (or any parent up to mount point /)
Stopping at filesystem boundary (GIT_DISCOVERY_ACROSS_FILESYSTEM not set).
[2022-06-07T10:37:01.833Z] > git show --textconv :.config/kitty/color.ini [18ms]
[2022-06-07T10:37:01.843Z] > git ls-files --stage -- /home/jose/github/dotfiles/.config/kitty/color.ini [13ms]
[2022-06-07T10:37:01.851Z] > git cat-file -s f99db7ccf1367891c949378779fe202312d3756f [1ms]
[2022-06-07T10:37:02.756Z] > git rev-parse --show-toplevel [7ms]
[2022-06-07T10:37:02.756Z] fatal: not a git repository (or any parent up to mount point /)
Stopping at filesystem boundary (GIT_DISCOVERY_ACROSS_FILESYSTEM not set).
[2022-06-07T10:37:04.304Z] > git show --textconv :.config/kitty/kitty.conf [21ms]
[2022-06-07T10:37:04.313Z] > git ls-files --stage -- /home/jose/github/dotfiles/.config/kitty/kitty.conf [17ms]
[2022-06-07T10:37:04.319Z] > git cat-file -s 4ad96bf1eb3c4eff66f05982b133e43e2c54ba2a [2ms]
[2022-06-07T10:37:04.950Z] > git rev-parse --show-toplevel [7ms]
[2022-06-07T10:37:04.950Z] fatal: not a git repository (or any parent up to mount point /)
Stopping at filesystem boundary (GIT_DISCOVERY_ACROSS_FILESYSTEM not set).
[2022-06-07T10:37:06.392Z] > git rev-parse --show-toplevel [4ms]
[2022-06-07T10:37:06.392Z] fatal: not a git repository (or any parent up to mount point /)
Stopping at filesystem boundary (GIT_DISCOVERY_ACROSS_FILESYSTEM not set).
[2022-06-07T10:37:07.090Z] > git rev-parse --show-toplevel [5ms]
[2022-06-07T10:37:07.090Z] fatal: not a git repository (or any parent up to mount point /)
Stopping at filesystem boundary (GIT_DISCOVERY_ACROSS_FILESYSTEM not set).
[2022-06-07T10:38:03.385Z] > git show --textconv :README.md [86ms]
[2022-06-07T10:38:03.386Z] > git ls-files --stage -- /home/jose/github/dotfiles/README.md [68ms]
[2022-06-07T10:38:03.395Z] > git cat-file -s 008e72670532cd23272c247a5a52af782a2e62e3 [2ms]
[2022-06-07T10:38:04.236Z] > git check-ignore -v -z --stdin [49ms]
[2022-06-07T10:38:07.645Z] > git check-ignore -v -z --stdin [142ms]
[2022-06-07T10:38:15.824Z] > git rev-parse --show-toplevel [5ms]
[2022-06-07T10:38:15.824Z] fatal: not a git repository (or any parent up to mount point /)
Stopping at filesystem boundary (GIT_DISCOVERY_ACROSS_FILESYSTEM not set).
[2022-06-07T10:39:01.478Z] > git show --textconv :README.md [13ms]
[2022-06-07T10:39:01.492Z] > git ls-files --stage -- /home/jose/github/dotfiles/README.md [16ms]
[2022-06-07T10:39:01.498Z] > git cat-file -s 008e72670532cd23272c247a5a52af782a2e62e3 [1ms]
[2022-06-07T10:39:14.417Z] > git rev-parse --show-toplevel [25ms]
[2022-06-07T10:39:14.417Z] fatal: not a git repository (or any parent up to mount point /)
Stopping at filesystem boundary (GIT_DISCOVERY_ACROSS_FILESYSTEM not set).
[2022-06-07T10:39:33.278Z] > git ls-files --stage -- /home/jose/github/dotfiles/.config/qtile/README.md [12ms]
[2022-06-07T10:39:33.284Z] > git show --textconv :.config/qtile/README.md [27ms]
[2022-06-07T10:39:33.286Z] > git cat-file -s 0af61d1ae7b2b6dd34246d73c8ff53a7967a9635 [3ms]
[2022-06-07T10:39:56.412Z] > git show --textconv :README.md [26ms]
[2022-06-07T10:39:56.442Z] > git ls-files --stage -- /home/jose/github/dotfiles/README.md [41ms]
[2022-06-07T10:39:56.466Z] > git cat-file -s 008e72670532cd23272c247a5a52af782a2e62e3 [18ms]
[2022-06-07T10:43:27.871Z] > git rev-parse --show-toplevel [3ms]
[2022-06-07T10:43:27.871Z] fatal: not a git repository (or any parent up to mount point /)
Stopping at filesystem boundary (GIT_DISCOVERY_ACROSS_FILESYSTEM not set).
[2022-06-07T10:48:57.874Z] > git show --textconv :README.md [14ms]
[2022-06-07T10:48:57.882Z] > git ls-files --stage -- /home/jose/github/dotfiles/README.md [15ms]
[2022-06-07T10:48:57.887Z] > git cat-file -s 008e72670532cd23272c247a5a52af782a2e62e3 [1ms]
[2022-06-07T10:50:26.849Z] > git rev-parse --show-toplevel [2ms]
[2022-06-07T10:50:26.849Z] fatal: not a git repository (or any parent up to mount point /)
Stopping at filesystem boundary (GIT_DISCOVERY_ACROSS_FILESYSTEM not set).
[2022-06-07T10:51:41.357Z] > git rev-parse --show-toplevel [1ms]
[2022-06-07T10:51:41.367Z] > git rev-parse --git-dir --git-common-dir [1ms]
[2022-06-07T10:51:41.380Z] Open repository: /home/jose/github/Java
[2022-06-07T10:51:41.434Z] > git status -z -uall [44ms]
[2022-06-07T10:51:41.443Z] > git symbolic-ref --short HEAD [2ms]
[2022-06-07T10:51:41.450Z] > git for-each-ref --format=%(refname)%00%(upstream:short)%00%(objectname)%00%(upstream:track)%00%(upstream:remotename)%00%(upstream:remoteref) refs/heads/master refs/remotes/master [2ms]
[2022-06-07T10:51:41.460Z] > git remote --verbose [2ms]
[2022-06-07T10:51:41.469Z] > git for-each-ref --sort -committerdate --format %(refname) %(objectname) %(*objectname) [15ms]
[2022-06-07T10:51:41.478Z] > git config --get commit.template [2ms]
[2022-06-07T10:51:41.963Z] > git check-ignore -v -z --stdin [13ms]
[2022-06-07T10:51:53.471Z] > git status -z -uall [5ms]
[2022-06-07T10:51:53.482Z] > git symbolic-ref --short HEAD [2ms]
[2022-06-07T10:51:53.496Z] > git for-each-ref --format=%(refname)%00%(upstream:short)%00%(objectname)%00%(upstream:track)%00%(upstream:remotename)%00%(upstream:remoteref) refs/heads/master refs/remotes/master [5ms]
[2022-06-07T10:51:53.526Z] > git for-each-ref --sort -committerdate --format %(refname) %(objectname) %(*objectname) [15ms]
[2022-06-07T10:51:53.528Z] > git remote --verbose [4ms]
[2022-06-07T10:51:53.549Z] > git config --get commit.template [6ms]
[2022-06-07T10:52:04.286Z] > git show --textconv :README.md [15ms]
[2022-06-07T10:52:04.300Z] > git ls-files --stage -- /home/jose/github/dotfiles/README.md [17ms]
[2022-06-07T10:52:04.308Z] > git cat-file -s 008e72670532cd23272c247a5a52af782a2e62e3 [2ms]
[2022-06-07T10:52:04.555Z] > git check-ignore -v -z --stdin [14ms]
[2022-06-07T10:53:21.676Z] > git check-ignore -v -z --stdin [2ms]
[2022-06-07T10:53:21.751Z] > git check-ignore -v -z --stdin [87ms]
[2022-06-07T10:53:24.674Z] > git rev-parse --show-toplevel [7ms]
[2022-06-07T10:53:24.674Z] fatal: not a git repository (or any parent up to mount point /)
Stopping at filesystem boundary (GIT_DISCOVERY_ACROSS_FILESYSTEM not set).
[2022-06-07T10:59:41.410Z] > git ls-files --stage -- /home/jose/github/dotfiles/README.md [630ms]
[2022-06-07T10:59:41.500Z] > git cat-file -s 008e72670532cd23272c247a5a52af782a2e62e3 [1ms]
[2022-06-07T10:59:41.504Z] > git show --textconv :README.md [732ms]
[2022-06-07T11:02:24.814Z] > git status -z -uall [224ms]
[2022-06-07T11:02:24.825Z] > git symbolic-ref --short HEAD [2ms]
[2022-06-07T11:02:24.839Z] > git for-each-ref --format=%(refname)%00%(upstream:short)%00%(objectname)%00%(upstream:track)%00%(upstream:remotename)%00%(upstream:remoteref) refs/heads/master refs/remotes/master [8ms]
[2022-06-07T11:02:24.851Z] > git for-each-ref --sort -committerdate --format %(refname) %(objectname) %(*objectname) [5ms]
[2022-06-07T11:02:24.852Z] > git remote --verbose [2ms]
[2022-06-07T11:02:24.865Z] > git config --get commit.template [2ms]
[2022-06-07T11:02:30.036Z] > git status -z -uall [160ms]
[2022-06-07T11:02:30.045Z] > git symbolic-ref --short HEAD [1ms]
[2022-06-07T11:02:30.053Z] > git for-each-ref --format=%(refname)%00%(upstream:short)%00%(objectname)%00%(upstream:track)%00%(upstream:remotename)%00%(upstream:remoteref) refs/heads/master refs/remotes/master [1ms]
[2022-06-07T11:02:30.067Z] > git for-each-ref --sort -committerdate --format %(refname) %(objectname) %(*objectname) [6ms]
[2022-06-07T11:02:30.068Z] > git remote --verbose [2ms]
[2022-06-07T11:02:30.078Z] > git config --get commit.template [1ms]
[2022-06-07T11:03:55.912Z] > git status -z -uall [165ms]
[2022-06-07T11:03:55.921Z] > git symbolic-ref --short HEAD [1ms]
[2022-06-07T11:03:55.931Z] > git for-each-ref --format=%(refname)%00%(upstream:short)%00%(objectname)%00%(upstream:track)%00%(upstream:remotename)%00%(upstream:remoteref) refs/heads/master refs/remotes/master [2ms]
[2022-06-07T11:03:56.005Z] > git remote --verbose [2ms]
[2022-06-07T11:03:56.006Z] > git for-each-ref --sort -committerdate --format %(refname) %(objectname) %(*objectname) [66ms]
[2022-06-07T11:03:56.016Z] > git config --get commit.template [2ms]
[2022-06-07T11:04:06.908Z] > git status -z -uall [165ms]
[2022-06-07T11:04:06.918Z] > git symbolic-ref --short HEAD [2ms]
[2022-06-07T11:04:06.927Z] > git for-each-ref --format=%(refname)%00%(upstream:short)%00%(objectname)%00%(upstream:track)%00%(upstream:remotename)%00%(upstream:remoteref) refs/heads/master refs/remotes/master [2ms]
[2022-06-07T11:04:06.941Z] > git for-each-ref --sort -committerdate --format %(refname) %(objectname) %(*objectname) [7ms]
[2022-06-07T11:04:06.942Z] > git remote --verbose [3ms]
[2022-06-07T11:04:06.953Z] > git config --get commit.template [2ms]
[2022-06-07T11:04:14.132Z] > git status -z -uall [176ms]
[2022-06-07T11:04:14.158Z] > git symbolic-ref --short HEAD [8ms]
[2022-06-07T11:04:14.178Z] > git for-each-ref --format=%(refname)%00%(upstream:short)%00%(objectname)%00%(upstream:track)%00%(upstream:remotename)%00%(upstream:remoteref) refs/heads/master refs/remotes/master [8ms]
[2022-06-07T11:04:14.202Z] > git for-each-ref --sort -committerdate --format %(refname) %(objectname) %(*objectname) [7ms]
[2022-06-07T11:04:14.203Z] > git remote --verbose [2ms]
[2022-06-07T11:04:14.214Z] > git config --get commit.template [2ms]
[2022-06-07T11:04:19.377Z] > git status -z -uall [154ms]
[2022-06-07T11:04:19.386Z] > git symbolic-ref --short HEAD [2ms]
[2022-06-07T11:04:19.395Z] > git for-each-ref --format=%(refname)%00%(upstream:short)%00%(objectname)%00%(upstream:track)%00%(upstream:remotename)%00%(upstream:remoteref) refs/heads/master refs/remotes/master [2ms]
[2022-06-07T11:04:19.409Z] > git for-each-ref --sort -committerdate --format %(refname) %(objectname) %(*objectname) [6ms]
[2022-06-07T11:04:19.410Z] > git remote --verbose [2ms]
[2022-06-07T11:04:19.421Z] > git config --get commit.template [2ms]
[2022-06-07T11:04:28.616Z] > git status -z -uall [160ms]
[2022-06-07T11:04:28.625Z] > git symbolic-ref --short HEAD [2ms]
[2022-06-07T11:04:28.634Z] > git for-each-ref --format=%(refname)%00%(upstream:short)%00%(objectname)%00%(upstream:track)%00%(upstream:remotename)%00%(upstream:remoteref) refs/heads/master refs/remotes/master [2ms]
[2022-06-07T11:04:28.649Z] > git for-each-ref --sort -committerdate --format %(refname) %(objectname) %(*objectname) [8ms]
[2022-06-07T11:04:28.649Z] > git remote --verbose [2ms]
[2022-06-07T11:04:28.658Z] > git config --get commit.template [1ms]
[2022-06-07T11:04:33.851Z] > git status -z -uall [178ms]
[2022-06-07T11:04:33.861Z] > git symbolic-ref --short HEAD [1ms]
[2022-06-07T11:04:33.868Z] > git for-each-ref --format=%(refname)%00%(upstream:short)%00%(objectname)%00%(upstream:track)%00%(upstream:remotename)%00%(upstream:remoteref) refs/heads/master refs/remotes/master [1ms]
[2022-06-07T11:04:33.880Z] > git for-each-ref --sort -committerdate --format %(refname) %(objectname) %(*objectname) [7ms]
[2022-06-07T11:04:33.881Z] > git remote --verbose [2ms]
[2022-06-07T11:04:33.889Z] > git config --get commit.template [1ms]
[2022-06-07T11:08:26.761Z] > git status -z -uall [379ms]
[2022-06-07T11:08:26.767Z] > git symbolic-ref --short HEAD [1ms]
[2022-06-07T11:08:26.776Z] > git for-each-ref --format=%(refname)%00%(upstream:short)%00%(objectname)%00%(upstream:track)%00%(upstream:remotename)%00%(upstream:remoteref) refs/heads/master refs/remotes/master [2ms]
[2022-06-07T11:08:26.791Z] > git for-each-ref --sort -committerdate --format %(refname) %(objectname) %(*objectname) [8ms]
[2022-06-07T11:08:26.792Z] > git remote --verbose [2ms]
[2022-06-07T11:08:26.802Z] > git config --get commit.template [2ms]
[2022-06-07T11:09:22.325Z] > git status -z -uall [322ms]
[2022-06-07T11:09:22.333Z] > git symbolic-ref --short HEAD [1ms]
[2022-06-07T11:09:22.343Z] > git for-each-ref --format=%(refname)%00%(upstream:short)%00%(objectname)%00%(upstream:track)%00%(upstream:remotename)%00%(upstream:remoteref) refs/heads/master refs/remotes/master [1ms]
[2022-06-07T11:09:22.355Z] > git for-each-ref --sort -committerdate --format %(refname) %(objectname) %(*objectname) [6ms]
[2022-06-07T11:09:22.355Z] > git remote --verbose [2ms]
[2022-06-07T11:09:22.363Z] > git config --get commit.template [1ms]
[2022-06-07T11:09:31.678Z] > git status -z -uall [319ms]
[2022-06-07T11:09:31.687Z] > git symbolic-ref --short HEAD [2ms]
[2022-06-07T11:09:31.695Z] > git for-each-ref --format=%(refname)%00%(upstream:short)%00%(objectname)%00%(upstream:track)%00%(upstream:remotename)%00%(upstream:remoteref) refs/heads/master refs/remotes/master [2ms]
[2022-06-07T11:09:31.710Z] > git for-each-ref --sort -committerdate --format %(refname) %(objectname) %(*objectname) [8ms]
[2022-06-07T11:09:31.711Z] > git remote --verbose [2ms]
[2022-06-07T11:09:31.720Z] > git config --get commit.template [2ms]
[2022-06-07T11:14:08.145Z] > git status -z -uall [158ms]
[2022-06-07T11:14:08.154Z] > git symbolic-ref --short HEAD [1ms]
[2022-06-07T11:14:08.160Z] > git for-each-ref --format=%(refname)%00%(upstream:short)%00%(objectname)%00%(upstream:track)%00%(upstream:remotename)%00%(upstream:remoteref) refs/heads/master refs/remotes/master [1ms]
[2022-06-07T11:14:08.171Z] > git for-each-ref --sort -committerdate --format %(refname) %(objectname) %(*objectname) [6ms]
[2022-06-07T11:14:08.172Z] > git remote --verbose [2ms]
[2022-06-07T11:14:08.180Z] > git config --get commit.template [1ms]
[2022-06-07T11:14:16.229Z] > git status -z -uall [153ms]
[2022-06-07T11:14:16.238Z] > git symbolic-ref --short HEAD [2ms]
[2022-06-07T11:14:16.245Z] > git for-each-ref --format=%(refname)%00%(upstream:short)%00%(objectname)%00%(upstream:track)%00%(upstream:remotename)%00%(upstream:remoteref) refs/heads/master refs/remotes/master [2ms]
[2022-06-07T11:14:16.255Z] > git for-each-ref --sort -committerdate --format %(refname) %(objectname) %(*objectname) [5ms]
[2022-06-07T11:14:16.256Z] > git remote --verbose [2ms]
[2022-06-07T11:14:16.264Z] > git config --get commit.template [1ms]
[2022-06-07T11:14:45.014Z] > git status -z -uall [151ms]
[2022-06-07T11:14:45.024Z] > git symbolic-ref --short HEAD [1ms]
[2022-06-07T11:14:45.034Z] > git for-each-ref --format=%(refname)%00%(upstream:short)%00%(objectname)%00%(upstream:track)%00%(upstream:remotename)%00%(upstream:remoteref) refs/heads/master refs/remotes/master [2ms]
[2022-06-07T11:14:45.048Z] > git for-each-ref --sort -committerdate --format %(refname) %(objectname) %(*objectname) [8ms]
[2022-06-07T11:14:45.049Z] > git remote --verbose [2ms]
[2022-06-07T11:14:45.060Z] > git config --get commit.template [2ms]
[2022-06-07T11:14:50.239Z] > git status -z -uall [168ms]
[2022-06-07T11:14:50.250Z] > git symbolic-ref --short HEAD [2ms]
[2022-06-07T11:14:50.260Z] > git for-each-ref --format=%(refname)%00%(upstream:short)%00%(objectname)%00%(upstream:track)%00%(upstream:remotename)%00%(upstream:remoteref) refs/heads/master refs/remotes/master [2ms]
[2022-06-07T11:14:50.278Z] > git for-each-ref --sort -committerdate --format %(refname) %(objectname) %(*objectname) [10ms]
[2022-06-07T11:14:50.278Z] > git remote --verbose [2ms]
[2022-06-07T11:14:50.288Z] > git config --get commit.template [2ms]
[2022-06-07T11:14:55.450Z] > git status -z -uall [153ms]
[2022-06-07T11:14:55.459Z] > git symbolic-ref --short HEAD [2ms]
[2022-06-07T11:14:55.468Z] > git for-each-ref --format=%(refname)%00%(upstream:short)%00%(objectname)%00%(upstream:track)%00%(upstream:remotename)%00%(upstream:remoteref) refs/heads/master refs/remotes/master [2ms]
[2022-06-07T11:14:55.482Z] > git for-each-ref --sort -committerdate --format %(refname) %(objectname) %(*objectname) [7ms]
[2022-06-07T11:14:55.483Z] > git remote --verbose [2ms]
[2022-06-07T11:14:55.493Z] > git config --get commit.template [1ms]
[2022-06-07T11:15:08.712Z] > git status -z -uall [183ms]
[2022-06-07T11:15:08.719Z] > git symbolic-ref --short HEAD [1ms]
[2022-06-07T11:15:08.727Z] > git for-each-ref --format=%(refname)%00%(upstream:short)%00%(objectname)%00%(upstream:track)%00%(upstream:remotename)%00%(upstream:remoteref) refs/heads/master refs/remotes/master [1ms]
[2022-06-07T11:15:08.743Z] > git for-each-ref --sort -committerdate --format %(refname) %(objectname) %(*objectname) [7ms]
[2022-06-07T11:15:08.743Z] > git remote --verbose [1ms]
[2022-06-07T11:15:08.754Z] > git config --get commit.template [2ms]
[2022-06-07T11:15:18.351Z] > git status -z -uall [157ms]
[2022-06-07T11:15:18.361Z] > git symbolic-ref --short HEAD [1ms]
[2022-06-07T11:15:18.370Z] > git for-each-ref --format=%(refname)%00%(upstream:short)%00%(objectname)%00%(upstream:track)%00%(upstream:remotename)%00%(upstream:remoteref) refs/heads/master refs/remotes/master [2ms]
[2022-06-07T11:15:18.384Z] > git for-each-ref --sort -committerdate --format %(refname) %(objectname) %(*objectname) [8ms]
[2022-06-07T11:15:18.385Z] > git remote --verbose [2ms]
[2022-06-07T11:15:18.394Z] > git config --get commit.template [1ms]
[2022-06-07T11:15:23.567Z] > git status -z -uall [163ms]
[2022-06-07T11:15:23.577Z] > git symbolic-ref --short HEAD [2ms]
[2022-06-07T11:15:23.587Z] > git for-each-ref --format=%(refname)%00%(upstream:short)%00%(objectname)%00%(upstream:track)%00%(upstream:remotename)%00%(upstream:remoteref) refs/heads/master refs/remotes/master [2ms]
[2022-06-07T11:15:23.602Z] > git remote --verbose [2ms]
[2022-06-07T11:15:23.603Z] > git for-each-ref --sort -committerdate --format %(refname) %(objectname) %(*objectname) [11ms]
[2022-06-07T11:15:23.612Z] > git config --get commit.template [2ms]
[2022-06-07T11:15:28.785Z] > git status -z -uall [161ms]
[2022-06-07T11:15:28.795Z] > git symbolic-ref --short HEAD [1ms]
[2022-06-07T11:15:28.805Z] > git for-each-ref --format=%(refname)%00%(upstream:short)%00%(objectname)%00%(upstream:track)%00%(upstream:remotename)%00%(upstream:remoteref) refs/heads/master refs/remotes/master [2ms]
[2022-06-07T11:15:28.819Z] > git for-each-ref --sort -committerdate --format %(refname) %(objectname) %(*objectname) [7ms]
[2022-06-07T11:15:28.819Z] > git remote --verbose [1ms]
[2022-06-07T11:15:28.829Z] > git config --get commit.template [2ms]
[2022-06-07T11:15:33.995Z] > git status -z -uall [156ms]
[2022-06-07T11:15:34.004Z] > git symbolic-ref --short HEAD [1ms]
[2022-06-07T11:15:34.014Z] > git for-each-ref --format=%(refname)%00%(upstream:short)%00%(objectname)%00%(upstream:track)%00%(upstream:remotename)%00%(upstream:remoteref) refs/heads/master refs/remotes/master [2ms]
[2022-06-07T11:15:34.029Z] > git for-each-ref --sort -committerdate --format %(refname) %(objectname) %(*objectname) [8ms]
[2022-06-07T11:15:34.029Z] > git remote --verbose [2ms]
[2022-06-07T11:15:34.040Z] > git config --get commit.template [2ms]
[2022-06-07T11:15:39.213Z] > git status -z -uall [163ms]
[2022-06-07T11:15:39.223Z] > git symbolic-ref --short HEAD [2ms]
[2022-06-07T11:15:39.232Z] > git for-each-ref --format=%(refname)%00%(upstream:short)%00%(objectname)%00%(upstream:track)%00%(upstream:remotename)%00%(upstream:remoteref) refs/heads/master refs/remotes/master [2ms]
[2022-06-07T11:15:39.247Z] > git for-each-ref --sort -committerdate --format %(refname) %(objectname) %(*objectname) [8ms]
[2022-06-07T11:15:39.248Z] > git remote --verbose [2ms]
[2022-06-07T11:15:39.258Z] > git config --get commit.template [3ms]
[2022-06-07T11:15:49.057Z] > git status -z -uall [158ms]
[2022-06-07T11:15:49.064Z] > git symbolic-ref --short HEAD [2ms]
[2022-06-07T11:15:49.069Z] > git for-each-ref --format=%(refname)%00%(upstream:short)%00%(objectname)%00%(upstream:track)%00%(upstream:remotename)%00%(upstream:remoteref) refs/heads/master refs/remotes/master [1ms]
[2022-06-07T11:15:49.081Z] > git for-each-ref --sort -committerdate --format %(refname) %(objectname) %(*objectname) [7ms]
[2022-06-07T11:15:49.082Z] > git remote --verbose [2ms]
[2022-06-07T11:15:49.089Z] > git config --get commit.template [1ms]
[2022-06-07T11:15:54.250Z] > git status -z -uall [153ms]
[2022-06-07T11:15:54.259Z] > git symbolic-ref --short HEAD [2ms]
[2022-06-07T11:15:54.266Z] > git for-each-ref --format=%(refname)%00%(upstream:short)%00%(objectname)%00%(upstream:track)%00%(upstream:remotename)%00%(upstream:remoteref) refs/heads/master refs/remotes/master [2ms]
[2022-06-07T11:15:54.281Z] > git for-each-ref --sort -committerdate --format %(refname) %(objectname) %(*objectname) [8ms]
[2022-06-07T11:15:54.282Z] > git remote --verbose [1ms]
[2022-06-07T11:15:54.293Z] > git config --get commit.template [2ms]
[2022-06-07T11:15:59.476Z] > git status -z -uall [170ms]
[2022-06-07T11:15:59.484Z] > git symbolic-ref --short HEAD [2ms]
[2022-06-07T11:15:59.492Z] > git for-each-ref --format=%(refname)%00%(upstream:short)%00%(objectname)%00%(upstream:track)%00%(upstream:remotename)%00%(upstream:remoteref) refs/heads/master refs/remotes/master [2ms]
[2022-06-07T11:15:59.506Z] > git for-each-ref --sort -committerdate --format %(refname) %(objectname) %(*objectname) [6ms]
[2022-06-07T11:15:59.506Z] > git remote --verbose [1ms]
[2022-06-07T11:15:59.518Z] > git config --get commit.template [4ms]
[2022-06-07T11:16:55.644Z] > git status -z -uall [498ms]
[2022-06-07T11:16:55.671Z] > git symbolic-ref --short HEAD [8ms]
[2022-06-07T11:16:55.696Z] > git for-each-ref --format=%(refname)%00%(upstream:short)%00%(objectname)%00%(upstream:track)%00%(upstream:remotename)%00%(upstream:remoteref) refs/heads/master refs/remotes/master [8ms]
[2022-06-07T11:16:55.738Z] > git for-each-ref --sort -committerdate --format %(refname) %(objectname) %(*objectname) [22ms]
[2022-06-07T11:16:55.740Z] > git remote --verbose [4ms]
[2022-06-07T11:16:55.762Z] > git config --get commit.template [2ms]
[2022-06-07T11:20:03.157Z] > git status -z -uall [347ms]
[2022-06-07T11:20:03.164Z] > git symbolic-ref --short HEAD [2ms]
[2022-06-07T11:20:03.171Z] > git for-each-ref --format=%(refname)%00%(upstream:short)%00%(objectname)%00%(upstream:track)%00%(upstream:remotename)%00%(upstream:remoteref) refs/heads/master refs/remotes/master [2ms]
[2022-06-07T11:20:03.183Z] > git for-each-ref --sort -committerdate --format %(refname) %(objectname) %(*objectname) [6ms]
[2022-06-07T11:20:03.183Z] > git remote --verbose [1ms]
[2022-06-07T11:20:03.194Z] > git config --get commit.template [3ms]
[2022-06-07T11:20:13.086Z] > git status -z -uall [162ms]
[2022-06-07T11:20:13.095Z] > git symbolic-ref --short HEAD [1ms]
[2022-06-07T11:20:13.103Z] > git for-each-ref --format=%(refname)%00%(upstream:short)%00%(objectname)%00%(upstream:track)%00%(upstream:remotename)%00%(upstream:remoteref) refs/heads/master refs/remotes/master [1ms]
[2022-06-07T11:20:13.114Z] > git remote --verbose [2ms]
[2022-06-07T11:20:13.114Z] > git for-each-ref --sort -committerdate --format %(refname) %(objectname) %(*objectname) [6ms]
[2022-06-07T11:20:13.122Z] > git config --get commit.template [1ms]
[2022-06-07T11:20:19.417Z] > git status -z -uall [300ms]
[2022-06-07T11:20:19.424Z] > git symbolic-ref --short HEAD [1ms]
[2022-06-07T11:20:19.432Z] > git for-each-ref --format=%(refname)%00%(upstream:short)%00%(objectname)%00%(upstream:track)%00%(upstream:remotename)%00%(upstream:remoteref) refs/heads/master refs/remotes/master [2ms]
[2022-06-07T11:20:19.447Z] > git for-each-ref --sort -committerdate --format %(refname) %(objectname) %(*objectname) [8ms]
[2022-06-07T11:20:19.448Z] > git remote --verbose [2ms]
[2022-06-07T11:20:19.459Z] > git config --get commit.template [1ms]
[2022-06-07T11:20:41.183Z] > git status -z -uall [304ms]
[2022-06-07T11:20:41.191Z] > git symbolic-ref --short HEAD [1ms]
[2022-06-07T11:20:41.200Z] > git for-each-ref --format=%(refname)%00%(upstream:short)%00%(objectname)%00%(upstream:track)%00%(upstream:remotename)%00%(upstream:remoteref) refs/heads/master refs/remotes/master [2ms]
[2022-06-07T11:20:41.215Z] > git for-each-ref --sort -committerdate --format %(refname) %(objectname) %(*objectname) [9ms]
[2022-06-07T11:20:41.215Z] > git remote --verbose [5ms]
[2022-06-07T11:20:41.223Z] > git config --get commit.template [1ms]
[2022-06-07T11:20:46.765Z] > git status -z -uall [282ms]
[2022-06-07T11:20:46.773Z] > git symbolic-ref --short HEAD [1ms]
[2022-06-07T11:20:46.782Z] > git for-each-ref --format=%(refname)%00%(upstream:short)%00%(objectname)%00%(upstream:track)%00%(upstream:remotename)%00%(upstream:remoteref) refs/heads/master refs/remotes/master [2ms]
[2022-06-07T11:20:46.797Z] > git for-each-ref --sort -committerdate --format %(refname) %(objectname) %(*objectname) [9ms]
[2022-06-07T11:20:46.797Z] > git remote --verbose [1ms]
[2022-06-07T11:20:46.807Z] > git config --get commit.template [1ms]
[2022-06-07T11:21:06.553Z] > git status -z -uall [330ms]
[2022-06-07T11:21:06.562Z] > git symbolic-ref --short HEAD [2ms]
[2022-06-07T11:21:06.570Z] > git for-each-ref --format=%(refname)%00%(upstream:short)%00%(objectname)%00%(upstream:track)%00%(upstream:remotename)%00%(upstream:remoteref) refs/heads/master refs/remotes/master [2ms]
[2022-06-07T11:21:06.582Z] > git for-each-ref --sort -committerdate --format %(refname) %(objectname) %(*objectname) [7ms]
[2022-06-07T11:21:06.582Z] > git remote --verbose [2ms]
[2022-06-07T11:21:06.591Z] > git config --get commit.template [1ms]
[2022-06-07T11:24:44.863Z] > git status -z -uall [274ms]
[2022-06-07T11:24:44.872Z] > git symbolic-ref --short HEAD [1ms]
[2022-06-07T11:24:44.880Z] > git for-each-ref --format=%(refname)%00%(upstream:short)%00%(objectname)%00%(upstream:track)%00%(upstream:remotename)%00%(upstream:remoteref) refs/heads/master refs/remotes/master [1ms]
[2022-06-07T11:24:44.892Z] > git for-each-ref --sort -committerdate --format %(refname) %(objectname) %(*objectname) [7ms]
[2022-06-07T11:24:44.892Z] > git remote --verbose [1ms]
[2022-06-07T11:24:44.903Z] > git config --get commit.template [3ms]
[2022-06-07T11:24:50.672Z] > git rev-parse --show-toplevel [4ms]
[2022-06-07T11:24:50.672Z] fatal: not a git repository (or any parent up to mount point /)
Stopping at filesystem boundary (GIT_DISCOVERY_ACROSS_FILESYSTEM not set).
[2022-06-07T11:26:13.391Z] > git show --textconv :README.md [33ms]
[2022-06-07T11:26:13.404Z] > git ls-files --stage -- /home/jose/github/dotfiles/README.md [26ms]
[2022-06-07T11:26:13.413Z] > git cat-file -s 008e72670532cd23272c247a5a52af782a2e62e3 [3ms]
[2022-06-07T11:26:17.149Z] > git rev-parse --show-toplevel [5ms]
[2022-06-07T11:26:17.149Z] fatal: not a git repository (or any parent up to mount point /)
Stopping at filesystem boundary (GIT_DISCOVERY_ACROSS_FILESYSTEM not set).
[2022-06-07T11:27:54.380Z] > git show --textconv :README.md [18ms]
[2022-06-07T11:27:54.390Z] > git ls-files --stage -- /home/jose/github/dotfiles/README.md [16ms]
[2022-06-07T11:27:54.396Z] > git cat-file -s 008e72670532cd23272c247a5a52af782a2e62e3 [1ms]
[2022-06-07T11:42:51.775Z] > git ls-files --stage -- /home/jose/github/dotfiles/README.md [82ms]
[2022-06-07T11:42:51.859Z] > git cat-file -s 008e72670532cd23272c247a5a52af782a2e62e3 [2ms]
[2022-06-07T11:42:51.904Z] > git show --textconv :README.md [27ms]
[2022-06-07T11:42:51.946Z] > git status -z -uall [371ms]
[2022-06-07T11:42:51.955Z] > git symbolic-ref --short HEAD [2ms]
[2022-06-07T11:42:51.965Z] > git for-each-ref --format=%(refname)%00%(upstream:short)%00%(objectname)%00%(upstream:track)%00%(upstream:remotename)%00%(upstream:remoteref) refs/heads/master refs/remotes/master [3ms]
[2022-06-07T11:42:51.977Z] > git for-each-ref --sort -committerdate --format %(refname) %(objectname) %(*objectname) [6ms]
[2022-06-07T11:42:51.978Z] > git remote --verbose [2ms]
[2022-06-07T11:42:51.989Z] > git config --get commit.template [1ms]
[2022-06-07T11:42:57.291Z] > git status -z -uall [292ms]
[2022-06-07T11:42:57.301Z] > git symbolic-ref --short HEAD [1ms]
[2022-06-07T11:42:57.309Z] > git for-each-ref --format=%(refname)%00%(upstream:short)%00%(objectname)%00%(upstream:track)%00%(upstream:remotename)%00%(upstream:remoteref) refs/heads/master refs/remotes/master [2ms]
[2022-06-07T11:42:57.319Z] > git for-each-ref --sort -committerdate --format %(refname) %(objectname) %(*objectname) [5ms]
[2022-06-07T11:42:57.319Z] > git remote --verbose [1ms]
[2022-06-07T11:42:57.326Z] > git config --get commit.template [1ms]
[2022-06-07T11:43:03.327Z] > git rev-parse --show-toplevel [4ms]
[2022-06-07T11:43:03.327Z] fatal: not a git repository (or any parent up to mount point /)
Stopping at filesystem boundary (GIT_DISCOVERY_ACROSS_FILESYSTEM not set).
[2022-06-07T11:43:06.588Z] > git show --textconv :README.md [37ms]
[2022-06-07T11:43:06.606Z] > git ls-files --stage -- /home/jose/github/dotfiles/README.md [37ms]
[2022-06-07T11:43:06.612Z] > git cat-file -s 008e72670532cd23272c247a5a52af782a2e62e3 [1ms]
[2022-06-07T11:43:08.051Z] > git check-ignore -v -z --stdin [50ms]
[2022-06-07T11:43:18.062Z] > git check-ignore -v -z --stdin [33ms]
[2022-06-07T11:43:18.718Z] > git check-ignore -v -z --stdin [24ms]
