[2022-05-31T11:28:46.281Z] La validación encontró GIT en: git
[2022-05-31T11:28:46.402Z] Usando GIT 2.36.1 de git
[2022-05-31T11:28:46.460Z] > git rev-parse --show-toplevel [24ms]
[2022-05-31T11:28:46.460Z] fatal: not a git repository (or any parent up to mount point /)
Stopping at filesystem boundary (GIT_DISCOVERY_ACROSS_FILESYSTEM not set).
[2022-05-31T11:28:46.495Z] > git rev-parse --show-toplevel [7ms]
[2022-05-31T11:28:46.495Z] fatal: not a git repository (or any parent up to mount point /)
Stopping at filesystem boundary (GIT_DISCOVERY_ACROSS_FILESYSTEM not set).
[2022-05-31T11:28:52.379Z] > git rev-parse --show-toplevel [5869ms]
[2022-05-31T11:28:52.380Z] fatal: not a git repository (or any parent up to mount point /)
Stopping at filesystem boundary (GIT_DISCOVERY_ACROSS_FILESYSTEM not set).
[2022-05-31T11:28:52.467Z] > git rev-parse --show-toplevel [74ms]
[2022-05-31T11:28:52.467Z] fatal: not a git repository (or any parent up to mount point /)
Stopping at filesystem boundary (GIT_DISCOVERY_ACROSS_FILESYSTEM not set).
[2022-05-31T11:28:52.497Z] > git rev-parse --show-toplevel [17ms]
[2022-05-31T11:28:52.497Z] fatal: not a git repository (or any parent up to mount point /)
Stopping at filesystem boundary (GIT_DISCOVERY_ACROSS_FILESYSTEM not set).
[2022-05-31T11:28:52.513Z] > git rev-parse --show-toplevel [3ms]
[2022-05-31T11:28:52.513Z] fatal: not a git repository (or any parent up to mount point /)
Stopping at filesystem boundary (GIT_DISCOVERY_ACROSS_FILESYSTEM not set).
[2022-05-31T11:28:52.525Z] > git rev-parse --show-toplevel [2ms]
[2022-05-31T11:28:52.526Z] fatal: not a git repository (or any parent up to mount point /)
Stopping at filesystem boundary (GIT_DISCOVERY_ACROSS_FILESYSTEM not set).
[2022-05-31T11:28:52.544Z] > git rev-parse --show-toplevel [4ms]
[2022-05-31T11:28:52.544Z] fatal: not a git repository (or any parent up to mount point /)
Stopping at filesystem boundary (GIT_DISCOVERY_ACROSS_FILESYSTEM not set).
[2022-05-31T11:28:52.559Z] > git rev-parse --show-toplevel [2ms]
[2022-05-31T11:28:52.559Z] fatal: not a git repository (or any parent up to mount point /)
Stopping at filesystem boundary (GIT_DISCOVERY_ACROSS_FILESYSTEM not set).
[2022-05-31T11:28:52.572Z] > git rev-parse --show-toplevel [2ms]
[2022-05-31T11:28:52.572Z] fatal: not a git repository (or any parent up to mount point /)
Stopping at filesystem boundary (GIT_DISCOVERY_ACROSS_FILESYSTEM not set).
[2022-05-31T11:28:52.586Z] > git rev-parse --show-toplevel [2ms]
[2022-05-31T11:28:52.586Z] fatal: not a git repository (or any parent up to mount point /)
Stopping at filesystem boundary (GIT_DISCOVERY_ACROSS_FILESYSTEM not set).
[2022-05-31T11:28:52.600Z] > git rev-parse --show-toplevel [2ms]
[2022-05-31T11:28:52.600Z] fatal: not a git repository (or any parent up to mount point /)
Stopping at filesystem boundary (GIT_DISCOVERY_ACROSS_FILESYSTEM not set).
[2022-05-31T11:28:52.617Z] > git rev-parse --show-toplevel [7ms]
[2022-05-31T11:28:52.617Z] fatal: not a git repository (or any parent up to mount point /)
Stopping at filesystem boundary (GIT_DISCOVERY_ACROSS_FILESYSTEM not set).
[2022-05-31T11:28:52.630Z] > git rev-parse --show-toplevel [3ms]
[2022-05-31T11:28:52.644Z] > git rev-parse --git-dir --git-common-dir [2ms]
[2022-05-31T11:28:52.661Z] Open repository: /home/jose/.powerlevel10k
[2022-05-31T11:28:52.694Z] > git rev-parse --show-toplevel [6ms]
[2022-05-31T11:28:52.694Z] fatal: not a git repository (or any parent up to mount point /)
Stopping at filesystem boundary (GIT_DISCOVERY_ACROSS_FILESYSTEM not set).
[2022-05-31T11:28:52.712Z] > git rev-parse --show-toplevel [2ms]
[2022-05-31T11:28:52.712Z] fatal: not a git repository (or any parent up to mount point /)
Stopping at filesystem boundary (GIT_DISCOVERY_ACROSS_FILESYSTEM not set).
[2022-05-31T11:28:52.733Z] > git rev-parse --show-toplevel [6ms]
[2022-05-31T11:28:52.733Z] fatal: not a git repository (or any parent up to mount point /)
Stopping at filesystem boundary (GIT_DISCOVERY_ACROSS_FILESYSTEM not set).
[2022-05-31T11:28:52.759Z] > git rev-parse --show-toplevel [7ms]
[2022-05-31T11:28:52.759Z] fatal: not a git repository (or any parent up to mount point /)
Stopping at filesystem boundary (GIT_DISCOVERY_ACROSS_FILESYSTEM not set).
[2022-05-31T11:28:52.780Z] > git rev-parse --show-toplevel [3ms]
[2022-05-31T11:28:52.780Z] fatal: not a git repository (or any parent up to mount point /)
Stopping at filesystem boundary (GIT_DISCOVERY_ACROSS_FILESYSTEM not set).
[2022-05-31T11:28:52.795Z] > git rev-parse --show-toplevel [3ms]
[2022-05-31T11:28:52.795Z] fatal: not a git repository (or any parent up to mount point /)
Stopping at filesystem boundary (GIT_DISCOVERY_ACROSS_FILESYSTEM not set).
[2022-05-31T11:28:52.810Z] > git rev-parse --show-toplevel [3ms]
[2022-05-31T11:28:52.810Z] fatal: not a git repository (or any parent up to mount point /)
Stopping at filesystem boundary (GIT_DISCOVERY_ACROSS_FILESYSTEM not set).
[2022-05-31T11:28:52.825Z] > git rev-parse --show-toplevel [3ms]
[2022-05-31T11:28:52.825Z] fatal: not a git repository (or any parent up to mount point /)
Stopping at filesystem boundary (GIT_DISCOVERY_ACROSS_FILESYSTEM not set).
[2022-05-31T11:28:52.845Z] > git rev-parse --show-toplevel [2ms]
[2022-05-31T11:28:52.845Z] fatal: not a git repository (or any parent up to mount point /)
Stopping at filesystem boundary (GIT_DISCOVERY_ACROSS_FILESYSTEM not set).
[2022-05-31T11:28:52.861Z] > git rev-parse --show-toplevel [2ms]
[2022-05-31T11:28:52.861Z] fatal: not a git repository (or any parent up to mount point /home/jose)
Stopping at filesystem boundary (GIT_DISCOVERY_ACROSS_FILESYSTEM not set).
[2022-05-31T11:28:52.875Z] > git rev-parse --show-toplevel [4ms]
[2022-05-31T11:28:52.875Z] fatal: not a git repository (or any parent up to mount point /)
Stopping at filesystem boundary (GIT_DISCOVERY_ACROSS_FILESYSTEM not set).
[2022-05-31T11:28:52.887Z] > git rev-parse --show-toplevel [2ms]
[2022-05-31T11:28:52.887Z] fatal: not a git repository (or any parent up to mount point /)
Stopping at filesystem boundary (GIT_DISCOVERY_ACROSS_FILESYSTEM not set).
[2022-05-31T11:28:52.899Z] > git rev-parse --show-toplevel [3ms]
[2022-05-31T11:28:52.899Z] fatal: not a git repository (or any parent up to mount point /)
Stopping at filesystem boundary (GIT_DISCOVERY_ACROSS_FILESYSTEM not set).
[2022-05-31T11:28:52.910Z] > git rev-parse --show-toplevel [2ms]
[2022-05-31T11:28:52.923Z] > git rev-parse --git-dir --git-common-dir [3ms]
[2022-05-31T11:28:52.928Z] Open repository: /home/jose/dotfiles
[2022-05-31T11:28:52.951Z] > git rev-parse --show-toplevel [3ms]
[2022-05-31T11:28:52.951Z] fatal: not a git repository (or any parent up to mount point /)
Stopping at filesystem boundary (GIT_DISCOVERY_ACROSS_FILESYSTEM not set).
[2022-05-31T11:28:52.967Z] > git rev-parse --show-toplevel [5ms]
[2022-05-31T11:28:52.967Z] fatal: not a git repository (or any parent up to mount point /)
Stopping at filesystem boundary (GIT_DISCOVERY_ACROSS_FILESYSTEM not set).
[2022-05-31T11:28:54.067Z] > git status -z -uall [1390ms]
[2022-05-31T11:28:54.081Z] > git symbolic-ref --short HEAD [4ms]
[2022-05-31T11:28:54.134Z] > git for-each-ref --format=%(refname)%00%(upstream:short)%00%(objectname)%00%(upstream:track)%00%(upstream:remotename)%00%(upstream:remoteref) refs/heads/master refs/remotes/master [43ms]
[2022-05-31T11:28:54.160Z] > git remote --verbose [6ms]
[2022-05-31T11:28:54.166Z] > git for-each-ref --sort -committerdate --format %(refname) %(objectname) %(*objectname) [22ms]
[2022-05-31T11:28:54.186Z] > git config --get commit.template [2ms]
[2022-05-31T11:28:55.916Z] > git status -z -uall [2978ms]
[2022-05-31T11:28:55.928Z] > git symbolic-ref --short HEAD [3ms]
[2022-05-31T11:28:55.941Z] > git for-each-ref --format=%(refname)%00%(upstream:short)%00%(objectname)%00%(upstream:track)%00%(upstream:remotename)%00%(upstream:remoteref) refs/heads/master refs/remotes/master [3ms]
[2022-05-31T11:28:55.964Z] > git remote --verbose [4ms]
[2022-05-31T11:28:55.976Z] > git for-each-ref --sort -committerdate --format %(refname) %(objectname) %(*objectname) [25ms]
[2022-05-31T11:28:55.998Z] > git config --get commit.template [6ms]
[2022-05-31T11:28:56.493Z] > git rev-parse --show-toplevel [2ms]
[2022-05-31T11:28:56.505Z] > git rev-parse --show-toplevel [2ms]
[2022-05-31T12:15:32.591Z] > git rev-parse --show-toplevel [69ms]
[2022-05-31T12:15:32.591Z] fatal: not a git repository (or any parent up to mount point /)
Stopping at filesystem boundary (GIT_DISCOVERY_ACROSS_FILESYSTEM not set).
[2022-05-31T12:15:33.732Z] > git rev-parse --show-toplevel [168ms]
[2022-05-31T12:15:33.732Z] fatal: not a git repository (or any parent up to mount point /)
Stopping at filesystem boundary (GIT_DISCOVERY_ACROSS_FILESYSTEM not set).
[2022-05-31T12:58:24.807Z] > git rev-parse --show-toplevel [144ms]
[2022-05-31T12:58:24.859Z] > git rev-parse --git-dir --git-common-dir [1ms]
[2022-05-31T12:58:25.139Z] Open repository: /home/jose/rofi
[2022-05-31T12:58:25.187Z] > git status -z -uall [34ms]
[2022-05-31T12:58:25.199Z] > git symbolic-ref --short HEAD [2ms]
[2022-05-31T12:58:25.282Z] > git for-each-ref --format=%(refname)%00%(upstream:short)%00%(objectname)%00%(upstream:track)%00%(upstream:remotename)%00%(upstream:remoteref) refs/heads/master refs/remotes/master [73ms]
[2022-05-31T12:58:25.340Z] > git remote --verbose [41ms]
[2022-05-31T12:58:25.341Z] > git for-each-ref --sort -committerdate --format %(refname) %(objectname) %(*objectname) [49ms]
[2022-05-31T12:58:25.356Z] > git config --get commit.template [1ms]
[2022-05-31T12:59:06.869Z] > git status -z -uall [133ms]
[2022-05-31T12:59:06.883Z] > git symbolic-ref --short HEAD [3ms]
[2022-05-31T12:59:06.898Z] > git for-each-ref --format=%(refname)%00%(upstream:short)%00%(objectname)%00%(upstream:track)%00%(upstream:remotename)%00%(upstream:remoteref) refs/heads/master refs/remotes/master [4ms]
[2022-05-31T12:59:06.928Z] > git for-each-ref --sort -committerdate --format %(refname) %(objectname) %(*objectname) [18ms]
[2022-05-31T12:59:06.929Z] > git remote --verbose [2ms]
[2022-05-31T12:59:06.941Z] > git config --get commit.template [1ms]
[2022-05-31T13:04:34.442Z] > git status -z -uall [82ms]
[2022-05-31T13:04:34.461Z] > git symbolic-ref --short HEAD [3ms]
[2022-05-31T13:04:34.483Z] > git for-each-ref --format=%(refname)%00%(upstream:short)%00%(objectname)%00%(upstream:track)%00%(upstream:remotename)%00%(upstream:remoteref) refs/heads/master refs/remotes/master [5ms]
[2022-05-31T13:04:34.510Z] > git for-each-ref --sort -committerdate --format %(refname) %(objectname) %(*objectname) [12ms]
[2022-05-31T13:04:34.512Z] > git remote --verbose [5ms]
[2022-05-31T13:04:34.534Z] > git config --get commit.template [1ms]
[2022-05-31T13:05:48.776Z] > git status -z -uall [80ms]
[2022-05-31T13:05:48.806Z] > git symbolic-ref --short HEAD [7ms]
[2022-05-31T13:05:48.822Z] > git for-each-ref --format=%(refname)%00%(upstream:short)%00%(objectname)%00%(upstream:track)%00%(upstream:remotename)%00%(upstream:remoteref) refs/heads/master refs/remotes/master [3ms]
[2022-05-31T13:05:48.861Z] > git for-each-ref --sort -committerdate --format %(refname) %(objectname) %(*objectname) [16ms]
[2022-05-31T13:05:48.864Z] > git remote --verbose [4ms]
[2022-05-31T13:05:48.881Z] > git config --get commit.template [2ms]
[2022-05-31T13:06:21.331Z] > git status -z -uall [83ms]
[2022-05-31T13:06:21.355Z] > git symbolic-ref --short HEAD [5ms]
[2022-05-31T13:06:21.372Z] > git for-each-ref --format=%(refname)%00%(upstream:short)%00%(objectname)%00%(upstream:track)%00%(upstream:remotename)%00%(upstream:remoteref) refs/heads/master refs/remotes/master [6ms]
[2022-05-31T13:06:21.407Z] > git for-each-ref --sort -committerdate --format %(refname) %(objectname) %(*objectname) [18ms]
[2022-05-31T13:06:21.408Z] > git remote --verbose [2ms]
[2022-05-31T13:06:21.419Z] > git config --get commit.template [1ms]
[2022-05-31T13:13:21.053Z] > git rev-parse --show-toplevel [7ms]
[2022-05-31T13:13:21.053Z] fatal: not a git repository (or any parent up to mount point /)
Stopping at filesystem boundary (GIT_DISCOVERY_ACROSS_FILESYSTEM not set).
[2022-05-31T13:13:26.523Z] > git rev-parse --show-toplevel [4ms]
[2022-05-31T13:13:26.523Z] fatal: not a git repository (or any parent up to mount point /)
Stopping at filesystem boundary (GIT_DISCOVERY_ACROSS_FILESYSTEM not set).
[2022-05-31T13:13:29.209Z] > git rev-parse --show-toplevel [1ms]
[2022-05-31T13:13:29.209Z] fatal: not a git repository (or any parent up to mount point /)
Stopping at filesystem boundary (GIT_DISCOVERY_ACROSS_FILESYSTEM not set).
[2022-05-31T13:13:33.450Z] > git rev-parse --show-toplevel [5ms]
[2022-05-31T13:13:33.450Z] fatal: not a git repository (or any parent up to mount point /)
Stopping at filesystem boundary (GIT_DISCOVERY_ACROSS_FILESYSTEM not set).
[2022-05-31T13:13:34.813Z] > git rev-parse --show-toplevel [5ms]
[2022-05-31T13:13:34.813Z] fatal: not a git repository (or any parent up to mount point /)
Stopping at filesystem boundary (GIT_DISCOVERY_ACROSS_FILESYSTEM not set).
[2022-05-31T13:13:36.720Z] > git rev-parse --show-toplevel [3ms]
[2022-05-31T13:13:36.720Z] fatal: not a git repository (or any parent up to mount point /)
Stopping at filesystem boundary (GIT_DISCOVERY_ACROSS_FILESYSTEM not set).
[2022-05-31T13:13:43.035Z] > git rev-parse --show-toplevel [3ms]
[2022-05-31T13:13:43.035Z] fatal: not a git repository (or any parent up to mount point /)
Stopping at filesystem boundary (GIT_DISCOVERY_ACROSS_FILESYSTEM not set).
[2022-05-31T13:14:53.855Z] > git rev-parse --show-toplevel [4ms]
[2022-05-31T13:14:53.855Z] fatal: not a git repository (or any parent up to mount point /)
Stopping at filesystem boundary (GIT_DISCOVERY_ACROSS_FILESYSTEM not set).
[2022-05-31T13:15:58.908Z] > git rev-parse --show-toplevel [1ms]
[2022-05-31T13:15:58.908Z] fatal: not a git repository (or any parent up to mount point /)
Stopping at filesystem boundary (GIT_DISCOVERY_ACROSS_FILESYSTEM not set).
[2022-05-31T13:24:47.860Z] > git rev-parse --show-toplevel [72ms]
[2022-05-31T13:24:47.869Z] > git rev-parse --git-dir --git-common-dir [1ms]
[2022-05-31T13:24:47.873Z] Open repository: /home/jose/github/dotfiles
[2022-05-31T13:24:49.107Z] > git status -z -uall [1225ms]
[2022-05-31T13:24:49.124Z] > git symbolic-ref --short HEAD [8ms]
[2022-05-31T13:24:49.194Z] > git ls-files --stage -- /home/jose/github/dotfiles/README.md [39ms]
[2022-05-31T13:24:49.201Z] > git for-each-ref --format=%(refname)%00%(upstream:short)%00%(objectname)%00%(upstream:track)%00%(upstream:remotename)%00%(upstream:remoteref) refs/heads/master refs/remotes/master [67ms]
[2022-05-31T13:24:49.284Z] > git show --textconv :README.md [140ms]
[2022-05-31T13:24:49.284Z] > git for-each-ref --sort -committerdate --format %(refname) %(objectname) %(*objectname) [77ms]
[2022-05-31T13:24:49.285Z] > git cat-file -s d8f6b12bb40c877c5e98ab727fb6623a717fc761 [84ms]
[2022-05-31T13:24:49.286Z] > git remote --verbose [73ms]
[2022-05-31T13:24:49.368Z] > git config --get commit.template [69ms]
[2022-05-31T13:24:49.640Z] > git check-ignore -v -z --stdin [24ms]
[2022-05-31T13:24:52.452Z] > git check-ignore -v -z --stdin [58ms]
[2022-05-31T13:24:52.454Z] > git check-ignore -v -z --stdin [48ms]
[2022-05-31T13:25:00.494Z] > git check-ignore -v -z --stdin [30ms]
[2022-05-31T13:25:03.219Z] > git ls-files --stage -- /home/jose/github/dotfiles/gtk-theme/README.md [22ms]
[2022-05-31T13:25:03.279Z] > git cat-file -s 062212714ca264da0a49d11392ca42cb8fc33f0d [50ms]
[2022-05-31T13:25:03.283Z] > git show --textconv :gtk-theme/README.md [100ms]
[2022-05-31T13:25:10.244Z] > git status -z -uall [142ms]
[2022-05-31T13:25:10.256Z] > git symbolic-ref --short HEAD [1ms]
[2022-05-31T13:25:10.266Z] > git for-each-ref --format=%(refname)%00%(upstream:short)%00%(objectname)%00%(upstream:track)%00%(upstream:remotename)%00%(upstream:remoteref) refs/heads/master refs/remotes/master [2ms]
[2022-05-31T13:25:10.283Z] > git for-each-ref --sort -committerdate --format %(refname) %(objectname) %(*objectname) [8ms]
[2022-05-31T13:25:10.284Z] > git remote --verbose [2ms]
[2022-05-31T13:25:10.301Z] > git config --get commit.template [2ms]
[2022-05-31T13:25:15.466Z] > git status -z -uall [155ms]
[2022-05-31T13:25:15.478Z] > git symbolic-ref --short HEAD [2ms]
[2022-05-31T13:25:15.490Z] > git for-each-ref --format=%(refname)%00%(upstream:short)%00%(objectname)%00%(upstream:track)%00%(upstream:remotename)%00%(upstream:remoteref) refs/heads/master refs/remotes/master [3ms]
[2022-05-31T13:25:15.509Z] > git for-each-ref --sort -committerdate --format %(refname) %(objectname) %(*objectname) [12ms]
[2022-05-31T13:25:15.510Z] > git remote --verbose [5ms]
[2022-05-31T13:25:15.520Z] > git config --get commit.template [2ms]
[2022-05-31T13:25:20.670Z] > git status -z -uall [140ms]
[2022-05-31T13:25:20.681Z] > git symbolic-ref --short HEAD [1ms]
[2022-05-31T13:25:20.688Z] > git for-each-ref --format=%(refname)%00%(upstream:short)%00%(objectname)%00%(upstream:track)%00%(upstream:remotename)%00%(upstream:remoteref) refs/heads/master refs/remotes/master [2ms]
[2022-05-31T13:25:20.700Z] > git for-each-ref --sort -committerdate --format %(refname) %(objectname) %(*objectname) [7ms]
[2022-05-31T13:25:20.701Z] > git remote --verbose [2ms]
[2022-05-31T13:25:20.711Z] > git config --get commit.template [1ms]
[2022-05-31T13:25:30.305Z] > git status -z -uall [142ms]
[2022-05-31T13:25:30.314Z] > git symbolic-ref --short HEAD [2ms]
[2022-05-31T13:25:30.323Z] > git for-each-ref --format=%(refname)%00%(upstream:short)%00%(objectname)%00%(upstream:track)%00%(upstream:remotename)%00%(upstream:remoteref) refs/heads/master refs/remotes/master [2ms]
[2022-05-31T13:25:30.335Z] > git for-each-ref --sort -committerdate --format %(refname) %(objectname) %(*objectname) [7ms]
[2022-05-31T13:25:30.335Z] > git remote --verbose [1ms]
[2022-05-31T13:25:30.345Z] > git config --get commit.template [1ms]
[2022-05-31T13:25:35.520Z] > git status -z -uall [164ms]
[2022-05-31T13:25:35.530Z] > git symbolic-ref --short HEAD [2ms]
[2022-05-31T13:25:35.540Z] > git for-each-ref --format=%(refname)%00%(upstream:short)%00%(objectname)%00%(upstream:track)%00%(upstream:remotename)%00%(upstream:remoteref) refs/heads/master refs/remotes/master [2ms]
[2022-05-31T13:25:35.558Z] > git for-each-ref --sort -committerdate --format %(refname) %(objectname) %(*objectname) [11ms]
[2022-05-31T13:25:35.559Z] > git remote --verbose [4ms]
[2022-05-31T13:25:35.571Z] > git config --get commit.template [2ms]
[2022-05-31T13:25:41.707Z] > git status -z -uall [137ms]
[2022-05-31T13:25:41.717Z] > git symbolic-ref --short HEAD [2ms]
[2022-05-31T13:25:41.726Z] > git for-each-ref --format=%(refname)%00%(upstream:short)%00%(objectname)%00%(upstream:track)%00%(upstream:remotename)%00%(upstream:remoteref) refs/heads/master refs/remotes/master [2ms]
[2022-05-31T13:25:41.746Z] > git for-each-ref --sort -committerdate --format %(refname) %(objectname) %(*objectname) [10ms]
[2022-05-31T13:25:41.747Z] > git remote --verbose [3ms]
[2022-05-31T13:25:41.760Z] > git config --get commit.template [2ms]
[2022-05-31T13:25:46.911Z] > git status -z -uall [140ms]
[2022-05-31T13:25:46.921Z] > git symbolic-ref --short HEAD [1ms]
[2022-05-31T13:25:46.932Z] > git for-each-ref --format=%(refname)%00%(upstream:short)%00%(objectname)%00%(upstream:track)%00%(upstream:remotename)%00%(upstream:remoteref) refs/heads/master refs/remotes/master [2ms]
[2022-05-31T13:25:46.949Z] > git for-each-ref --sort -committerdate --format %(refname) %(objectname) %(*objectname) [9ms]
[2022-05-31T13:25:46.950Z] > git remote --verbose [3ms]
[2022-05-31T13:25:46.962Z] > git config --get commit.template [2ms]
[2022-05-31T13:25:52.118Z] > git status -z -uall [149ms]
[2022-05-31T13:25:52.126Z] > git symbolic-ref --short HEAD [1ms]
[2022-05-31T13:25:52.134Z] > git for-each-ref --format=%(refname)%00%(upstream:short)%00%(objectname)%00%(upstream:track)%00%(upstream:remotename)%00%(upstream:remoteref) refs/heads/master refs/remotes/master [2ms]
[2022-05-31T13:25:52.146Z] > git for-each-ref --sort -committerdate --format %(refname) %(objectname) %(*objectname) [7ms]
[2022-05-31T13:25:52.146Z] > git remote --verbose [1ms]
[2022-05-31T13:25:52.156Z] > git config --get commit.template [1ms]
[2022-05-31T13:25:57.313Z] > git status -z -uall [144ms]
[2022-05-31T13:25:57.324Z] > git symbolic-ref --short HEAD [2ms]
[2022-05-31T13:25:57.334Z] > git for-each-ref --format=%(refname)%00%(upstream:short)%00%(objectname)%00%(upstream:track)%00%(upstream:remotename)%00%(upstream:remoteref) refs/heads/master refs/remotes/master [1ms]
[2022-05-31T13:25:57.347Z] > git for-each-ref --sort -committerdate --format %(refname) %(objectname) %(*objectname) [7ms]
[2022-05-31T13:25:57.348Z] > git remote --verbose [1ms]
[2022-05-31T13:25:57.358Z] > git config --get commit.template [1ms]
