[2022-06-06T21:14:31.666Z] La validación encontró GIT en: git
[2022-06-06T21:14:32.112Z] Usando GIT 2.36.1 de git
[2022-06-06T21:14:32.172Z] > git rev-parse --show-toplevel [23ms]
[2022-06-06T21:14:37.036Z] > git rev-parse --git-dir --git-common-dir [4777ms]
[2022-06-06T21:14:37.046Z] Open repository: /home/jose/github/Docker
[2022-06-06T21:14:37.369Z] > git status -z -uall [292ms]
[2022-06-06T21:14:37.460Z] > git symbolic-ref --short HEAD [60ms]
[2022-06-06T21:14:37.565Z] > git for-each-ref --format=%(refname)%00%(upstream:short)%00%(objectname)%00%(upstream:track)%00%(upstream:remotename)%00%(upstream:remoteref) refs/heads/master refs/remotes/master [71ms]
[2022-06-06T21:14:37.654Z] > git show --textconv :README.md [108ms]
[2022-06-06T21:14:37.655Z] > git remote --verbose [57ms]
[2022-06-06T21:14:37.656Z] > git for-each-ref --sort -committerdate --format %(refname) %(objectname) %(*objectname) [72ms]
[2022-06-06T21:14:37.663Z] > git ls-files --stage -- /home/jose/github/Docker/README.md [100ms]
[2022-06-06T21:14:37.699Z] > git cat-file -s 427c6782f3fc4fb578bb8046ca98bd7f60d5d81d [19ms]
[2022-06-06T21:14:37.709Z] > git config --get commit.template [13ms]
[2022-06-06T21:14:37.752Z] > git check-ignore -v -z --stdin [9ms]
[2022-06-06T21:24:30.288Z] > git status -z -uall [2ms]
[2022-06-06T21:24:30.295Z] > git symbolic-ref --short HEAD [1ms]
[2022-06-06T21:24:30.303Z] > git for-each-ref --format=%(refname)%00%(upstream:short)%00%(objectname)%00%(upstream:track)%00%(upstream:remotename)%00%(upstream:remoteref) refs/heads/master refs/remotes/master [2ms]
[2022-06-06T21:24:30.316Z] > git for-each-ref --sort -committerdate --format %(refname) %(objectname) %(*objectname) [6ms]
[2022-06-06T21:24:30.317Z] > git remote --verbose [2ms]
[2022-06-06T21:24:30.328Z] > git config --get commit.template [1ms]
[2022-06-06T21:24:35.344Z] > git status -z -uall [4ms]
[2022-06-06T21:24:35.351Z] > git symbolic-ref --short HEAD [1ms]
[2022-06-06T21:24:35.360Z] > git for-each-ref --format=%(refname)%00%(upstream:short)%00%(objectname)%00%(upstream:track)%00%(upstream:remotename)%00%(upstream:remoteref) refs/heads/master refs/remotes/master [2ms]
[2022-06-06T21:24:35.372Z] > git for-each-ref --sort -committerdate --format %(refname) %(objectname) %(*objectname) [7ms]
[2022-06-06T21:24:35.373Z] > git remote --verbose [2ms]
[2022-06-06T21:24:35.383Z] > git config --get commit.template [2ms]
[2022-06-06T21:24:40.394Z] > git status -z -uall [3ms]
[2022-06-06T21:24:40.402Z] > git symbolic-ref --short HEAD [2ms]
[2022-06-06T21:24:40.410Z] > git for-each-ref --format=%(refname)%00%(upstream:short)%00%(objectname)%00%(upstream:track)%00%(upstream:remotename)%00%(upstream:remoteref) refs/heads/master refs/remotes/master [2ms]
[2022-06-06T21:24:40.426Z] > git remote --verbose [4ms]
[2022-06-06T21:24:40.426Z] > git for-each-ref --sort -committerdate --format %(refname) %(objectname) %(*objectname) [11ms]
[2022-06-06T21:24:40.434Z] > git config --get commit.template [1ms]
[2022-06-06T21:24:48.707Z] > git status -z -uall [3ms]
[2022-06-06T21:24:48.715Z] > git symbolic-ref --short HEAD [2ms]
[2022-06-06T21:24:48.726Z] > git for-each-ref --format=%(refname)%00%(upstream:short)%00%(objectname)%00%(upstream:track)%00%(upstream:remotename)%00%(upstream:remoteref) refs/heads/master refs/remotes/master [2ms]
[2022-06-06T21:24:48.744Z] > git for-each-ref --sort -committerdate --format %(refname) %(objectname) %(*objectname) [10ms]
[2022-06-06T21:24:48.744Z] > git remote --verbose [1ms]
[2022-06-06T21:24:48.755Z] > git config --get commit.template [1ms]
[2022-06-06T21:25:23.627Z] > git status -z -uall [4ms]
[2022-06-06T21:25:23.637Z] > git symbolic-ref --short HEAD [2ms]
[2022-06-06T21:25:23.645Z] > git for-each-ref --format=%(refname)%00%(upstream:short)%00%(objectname)%00%(upstream:track)%00%(upstream:remotename)%00%(upstream:remoteref) refs/heads/master refs/remotes/master [1ms]
[2022-06-06T21:25:23.660Z] > git for-each-ref --sort -committerdate --format %(refname) %(objectname) %(*objectname) [7ms]
[2022-06-06T21:25:23.661Z] > git remote --verbose [2ms]
[2022-06-06T21:25:23.670Z] > git config --get commit.template [2ms]
[2022-06-06T21:25:28.683Z] > git status -z -uall [3ms]
[2022-06-06T21:25:28.692Z] > git symbolic-ref --short HEAD [1ms]
[2022-06-06T21:25:28.701Z] > git for-each-ref --format=%(refname)%00%(upstream:short)%00%(objectname)%00%(upstream:track)%00%(upstream:remotename)%00%(upstream:remoteref) refs/heads/master refs/remotes/master [2ms]
[2022-06-06T21:25:28.715Z] > git for-each-ref --sort -committerdate --format %(refname) %(objectname) %(*objectname) [7ms]
[2022-06-06T21:25:28.716Z] > git remote --verbose [2ms]
[2022-06-06T21:25:28.726Z] > git config --get commit.template [2ms]
[2022-06-06T21:25:40.830Z] > git check-ignore -v -z --stdin [1ms]
