[2022-06-07T09:39:11.692Z] La validación encontró GIT en: git
[2022-06-07T09:39:12.454Z] Usando GIT 2.36.1 de git
[2022-06-07T09:39:23.342Z] > git rev-parse --show-toplevel [10873ms]
[2022-06-07T09:39:23.342Z] fatal: not a git repository (or any parent up to mount point /)
Stopping at filesystem boundary (GIT_DISCOVERY_ACROSS_FILESYSTEM not set).
[2022-06-07T09:39:23.384Z] > git rev-parse --show-toplevel [36ms]
[2022-06-07T09:39:23.391Z] > git rev-parse --git-dir --git-common-dir [2ms]
[2022-06-07T09:39:23.394Z] Open repository: /home/jose/github/dotfiles
[2022-06-07T09:39:23.406Z] > git rev-parse --show-toplevel [1ms]
[2022-06-07T09:39:23.406Z] fatal: not a git repository (or any parent up to mount point /)
Stopping at filesystem boundary (GIT_DISCOVERY_ACROSS_FILESYSTEM not set).
[2022-06-07T09:39:23.415Z] > git rev-parse --show-toplevel [1ms]
[2022-06-07T09:39:23.415Z] fatal: not a git repository (or any parent up to mount point /)
Stopping at filesystem boundary (GIT_DISCOVERY_ACROSS_FILESYSTEM not set).
[2022-06-07T09:39:23.423Z] > git rev-parse --show-toplevel [2ms]
[2022-06-07T09:39:23.423Z] fatal: not a git repository (or any parent up to mount point /)
Stopping at filesystem boundary (GIT_DISCOVERY_ACROSS_FILESYSTEM not set).
[2022-06-07T09:39:23.432Z] > git rev-parse --show-toplevel [2ms]
[2022-06-07T09:39:23.432Z] fatal: not a git repository (or any parent up to mount point /)
Stopping at filesystem boundary (GIT_DISCOVERY_ACROSS_FILESYSTEM not set).
[2022-06-07T09:39:23.441Z] > git rev-parse --show-toplevel [1ms]
[2022-06-07T09:39:23.441Z] fatal: not a git repository (or any parent up to mount point /)
Stopping at filesystem boundary (GIT_DISCOVERY_ACROSS_FILESYSTEM not set).
[2022-06-07T09:39:23.448Z] > git rev-parse --show-toplevel [1ms]
[2022-06-07T09:39:23.448Z] fatal: not a git repository (or any parent up to mount point /)
Stopping at filesystem boundary (GIT_DISCOVERY_ACROSS_FILESYSTEM not set).
[2022-06-07T09:39:23.455Z] > git rev-parse --show-toplevel [1ms]
[2022-06-07T09:39:23.455Z] fatal: not a git repository (or any parent up to mount point /)
Stopping at filesystem boundary (GIT_DISCOVERY_ACROSS_FILESYSTEM not set).
[2022-06-07T09:39:23.461Z] > git rev-parse --show-toplevel [1ms]
[2022-06-07T09:39:23.461Z] fatal: not a git repository (or any parent up to mount point /)
Stopping at filesystem boundary (GIT_DISCOVERY_ACROSS_FILESYSTEM not set).
[2022-06-07T09:39:23.468Z] > git rev-parse --show-toplevel [1ms]
[2022-06-07T09:39:23.468Z] fatal: not a git repository (or any parent up to mount point /)
Stopping at filesystem boundary (GIT_DISCOVERY_ACROSS_FILESYSTEM not set).
[2022-06-07T09:39:23.473Z] > git rev-parse --show-toplevel [1ms]
[2022-06-07T09:39:23.473Z] fatal: not a git repository (or any parent up to mount point /)
Stopping at filesystem boundary (GIT_DISCOVERY_ACROSS_FILESYSTEM not set).
[2022-06-07T09:39:23.479Z] > git rev-parse --show-toplevel [1ms]
[2022-06-07T09:39:23.479Z] fatal: not a git repository (or any parent up to mount point /)
Stopping at filesystem boundary (GIT_DISCOVERY_ACROSS_FILESYSTEM not set).
[2022-06-07T09:39:23.486Z] > git rev-parse --show-toplevel [1ms]
[2022-06-07T09:39:23.486Z] fatal: not a git repository (or any parent up to mount point /)
Stopping at filesystem boundary (GIT_DISCOVERY_ACROSS_FILESYSTEM not set).
[2022-06-07T09:39:23.491Z] > git rev-parse --show-toplevel [1ms]
[2022-06-07T09:39:23.491Z] fatal: not a git repository (or any parent up to mount point /)
Stopping at filesystem boundary (GIT_DISCOVERY_ACROSS_FILESYSTEM not set).
[2022-06-07T09:39:23.497Z] > git rev-parse --show-toplevel [1ms]
[2022-06-07T09:39:23.497Z] fatal: not a git repository (or any parent up to mount point /)
Stopping at filesystem boundary (GIT_DISCOVERY_ACROSS_FILESYSTEM not set).
[2022-06-07T09:39:23.503Z] > git rev-parse --show-toplevel [1ms]
[2022-06-07T09:39:23.503Z] fatal: not a git repository (or any parent up to mount point /)
Stopping at filesystem boundary (GIT_DISCOVERY_ACROSS_FILESYSTEM not set).
[2022-06-07T09:39:23.576Z] > git rev-parse --show-toplevel [68ms]
[2022-06-07T09:39:23.582Z] > git rev-parse --git-dir --git-common-dir [1ms]
[2022-06-07T09:39:23.586Z] Open repository: /home/jose/.powerlevel10k
[2022-06-07T09:39:23.608Z] > git rev-parse --show-toplevel [8ms]
[2022-06-07T09:39:23.608Z] fatal: not a git repository (or any parent up to mount point /)
Stopping at filesystem boundary (GIT_DISCOVERY_ACROSS_FILESYSTEM not set).
[2022-06-07T09:39:23.615Z] > git rev-parse --show-toplevel [1ms]
[2022-06-07T09:39:23.615Z] fatal: not a git repository (or any parent up to mount point /)
Stopping at filesystem boundary (GIT_DISCOVERY_ACROSS_FILESYSTEM not set).
[2022-06-07T09:39:23.622Z] > git rev-parse --show-toplevel [1ms]
[2022-06-07T09:39:23.622Z] fatal: not a git repository (or any parent up to mount point /)
Stopping at filesystem boundary (GIT_DISCOVERY_ACROSS_FILESYSTEM not set).
[2022-06-07T09:39:23.629Z] > git rev-parse --show-toplevel [1ms]
[2022-06-07T09:39:23.629Z] fatal: not a git repository (or any parent up to mount point /)
Stopping at filesystem boundary (GIT_DISCOVERY_ACROSS_FILESYSTEM not set).
[2022-06-07T09:39:23.637Z] > git rev-parse --show-toplevel [1ms]
[2022-06-07T09:39:23.637Z] fatal: not a git repository (or any parent up to mount point /)
Stopping at filesystem boundary (GIT_DISCOVERY_ACROSS_FILESYSTEM not set).
[2022-06-07T09:39:23.644Z] > git rev-parse --show-toplevel [1ms]
[2022-06-07T09:39:23.644Z] fatal: not a git repository (or any parent up to mount point /)
Stopping at filesystem boundary (GIT_DISCOVERY_ACROSS_FILESYSTEM not set).
[2022-06-07T09:39:23.650Z] > git rev-parse --show-toplevel [1ms]
[2022-06-07T09:39:23.650Z] fatal: not a git repository (or any parent up to mount point /)
Stopping at filesystem boundary (GIT_DISCOVERY_ACROSS_FILESYSTEM not set).
[2022-06-07T09:39:23.656Z] > git rev-parse --show-toplevel [1ms]
[2022-06-07T09:39:23.656Z] fatal: not a git repository (or any parent up to mount point /)
Stopping at filesystem boundary (GIT_DISCOVERY_ACROSS_FILESYSTEM not set).
[2022-06-07T09:39:23.664Z] > git rev-parse --show-toplevel [1ms]
[2022-06-07T09:39:23.664Z] fatal: not a git repository (or any parent up to mount point /)
Stopping at filesystem boundary (GIT_DISCOVERY_ACROSS_FILESYSTEM not set).
[2022-06-07T09:39:23.670Z] > git rev-parse --show-toplevel [1ms]
[2022-06-07T09:39:23.670Z] fatal: not a git repository (or any parent up to mount point /)
Stopping at filesystem boundary (GIT_DISCOVERY_ACROSS_FILESYSTEM not set).
[2022-06-07T09:39:23.676Z] > git rev-parse --show-toplevel [1ms]
[2022-06-07T09:39:23.676Z] fatal: not a git repository (or any parent up to mount point /)
Stopping at filesystem boundary (GIT_DISCOVERY_ACROSS_FILESYSTEM not set).
[2022-06-07T09:39:23.682Z] > git rev-parse --show-toplevel [1ms]
[2022-06-07T09:39:23.682Z] fatal: not a git repository (or any parent up to mount point /)
Stopping at filesystem boundary (GIT_DISCOVERY_ACROSS_FILESYSTEM not set).
[2022-06-07T09:39:23.689Z] > git rev-parse --show-toplevel [1ms]
[2022-06-07T09:39:23.689Z] fatal: not a git repository (or any parent up to mount point /)
Stopping at filesystem boundary (GIT_DISCOVERY_ACROSS_FILESYSTEM not set).
[2022-06-07T09:39:23.696Z] > git rev-parse --show-toplevel [2ms]
[2022-06-07T09:39:23.696Z] fatal: not a git repository (or any parent up to mount point /)
Stopping at filesystem boundary (GIT_DISCOVERY_ACROSS_FILESYSTEM not set).
[2022-06-07T09:39:23.702Z] > git rev-parse --show-toplevel [1ms]
[2022-06-07T09:39:23.702Z] fatal: not a git repository (or any parent up to mount point /)
Stopping at filesystem boundary (GIT_DISCOVERY_ACROSS_FILESYSTEM not set).
[2022-06-07T09:39:24.844Z] > git status -z -uall [1251ms]
[2022-06-07T09:39:24.855Z] > git symbolic-ref --short HEAD [2ms]
[2022-06-07T09:39:24.935Z] > git for-each-ref --format=%(refname)%00%(upstream:short)%00%(objectname)%00%(upstream:track)%00%(upstream:remotename)%00%(upstream:remoteref) refs/heads/master refs/remotes/master [71ms]
[2022-06-07T09:39:24.954Z] > git remote --verbose [4ms]
[2022-06-07T09:39:24.966Z] > git for-each-ref --sort -committerdate --format %(refname) %(objectname) %(*objectname) [22ms]
[2022-06-07T09:39:24.982Z] > git config --get commit.template [2ms]
[2022-06-07T09:39:25.114Z] > git ls-files --stage -- /home/jose/github/dotfiles/README.md [1204ms]
[2022-06-07T09:39:25.169Z] > git check-ignore -v -z --stdin [1231ms]
[2022-06-07T09:39:27.385Z] > git cat-file -s 008e72670532cd23272c247a5a52af782a2e62e3 [2266ms]
[2022-06-07T09:39:27.386Z] > git show --textconv :README.md [3485ms]
[2022-06-07T09:39:30.516Z] > git status -z -uall [7116ms]
[2022-06-07T09:39:30.526Z] > git symbolic-ref --short HEAD [2ms]
[2022-06-07T09:39:30.565Z] > git for-each-ref --format=%(refname)%00%(upstream:short)%00%(objectname)%00%(upstream:track)%00%(upstream:remotename)%00%(upstream:remoteref) refs/heads/master refs/remotes/master [31ms]
[2022-06-07T09:39:30.582Z] > git remote --verbose [1ms]
[2022-06-07T09:39:30.599Z] > git for-each-ref --sort -committerdate --format %(refname) %(objectname) %(*objectname) [25ms]
[2022-06-07T09:39:30.611Z] > git config --get commit.template [2ms]
[2022-06-07T09:45:31.262Z] > git check-ignore -v -z --stdin [70ms]
[2022-06-07T09:45:52.741Z] > git check-ignore -v -z --stdin [44ms]
[2022-06-07T09:45:53.361Z] > git check-ignore -v -z --stdin [18ms]
[2022-06-07T09:45:55.683Z] > git check-ignore -v -z --stdin [43ms]
[2022-06-07T09:45:56.970Z] > git check-ignore -v -z --stdin [107ms]
[2022-06-07T09:45:58.251Z] > git check-ignore -v -z --stdin [42ms]
[2022-06-07T09:45:59.470Z] > git check-ignore -v -z --stdin [20ms]
[2022-06-07T09:46:00.896Z] > git check-ignore -v -z --stdin [2ms]
[2022-06-07T09:46:11.845Z] > git rev-parse --show-toplevel [9ms]
[2022-06-07T09:46:11.845Z] fatal: not a git repository (or any parent up to mount point /)
Stopping at filesystem boundary (GIT_DISCOVERY_ACROSS_FILESYSTEM not set).
[2022-06-07T10:16:30.580Z] > git ls-files --stage -- /home/jose/github/dotfiles/README.md [1355ms]
[2022-06-07T10:16:30.753Z] > git cat-file -s 008e72670532cd23272c247a5a52af782a2e62e3 [126ms]
[2022-06-07T10:16:30.764Z] > git show --textconv :README.md [1550ms]
[2022-06-07T10:21:30.082Z] > git status -z -uall [1410ms]
[2022-06-07T10:21:30.091Z] > git symbolic-ref --short HEAD [1ms]
[2022-06-07T10:21:30.156Z] > git for-each-ref --format=%(refname)%00%(upstream:short)%00%(objectname)%00%(upstream:track)%00%(upstream:remotename)%00%(upstream:remoteref) refs/heads/master refs/remotes/master [56ms]
[2022-06-07T10:21:30.234Z] > git remote --verbose [62ms]
[2022-06-07T10:21:30.235Z] > git for-each-ref --sort -committerdate --format %(refname) %(objectname) %(*objectname) [70ms]
[2022-06-07T10:21:30.263Z] > git config --get commit.template [2ms]
[2022-06-07T10:23:55.592Z] > git check-ignore -v -z --stdin [17ms]
[2022-06-07T10:24:31.549Z] > git rev-parse --show-toplevel [6ms]
[2022-06-07T10:24:31.549Z] fatal: not a git repository (or any parent up to mount point /)
Stopping at filesystem boundary (GIT_DISCOVERY_ACROSS_FILESYSTEM not set).
[2022-06-07T10:25:03.590Z] > git rev-parse --show-toplevel [4ms]
[2022-06-07T10:25:03.590Z] fatal: not a git repository (or any parent up to mount point /)
Stopping at filesystem boundary (GIT_DISCOVERY_ACROSS_FILESYSTEM not set).
