[2022-06-06T16:43:35.984Z] La validación encontró GIT en: git
[2022-06-06T16:43:36.639Z] Usando GIT 2.36.1 de git
[2022-06-06T16:43:39.617Z] > git rev-parse --show-toplevel [2953ms]
[2022-06-06T16:43:39.651Z] > git rev-parse --git-dir --git-common-dir [10ms]
[2022-06-06T16:43:39.705Z] Open repository: /home/jose/github/Docker
[2022-06-06T16:43:39.832Z] > git status -z -uall [99ms]
[2022-06-06T16:43:39.854Z] > git symbolic-ref --short HEAD [8ms]
[2022-06-06T16:43:39.884Z] > git for-each-ref --format=%(refname)%00%(upstream:short)%00%(objectname)%00%(upstream:track)%00%(upstream:remotename)%00%(upstream:remoteref) refs/heads/master refs/remotes/master [10ms]
[2022-06-06T16:43:39.910Z] > git remote --verbose [5ms]
[2022-06-06T16:43:39.919Z] > git for-each-ref --sort -committerdate --format %(refname) %(objectname) %(*objectname) [23ms]
[2022-06-06T16:43:39.941Z] > git config --get commit.template [2ms]
[2022-06-06T16:43:40.303Z] > git ls-files --stage -- /home/jose/github/Docker/README.md [37ms]
[2022-06-06T16:43:40.345Z] > git show --textconv :README.md [91ms]
[2022-06-06T16:43:40.346Z] > git check-ignore -v -z --stdin [5ms]
[2022-06-06T16:43:40.350Z] > git cat-file -s a6a4466591c6b4ad47ffdf4bfd727840257cd4b3 [30ms]
[2022-06-06T16:47:42.384Z] > git status -z -uall [2ms]
[2022-06-06T16:47:42.394Z] > git symbolic-ref --short HEAD [2ms]
[2022-06-06T16:47:42.401Z] > git for-each-ref --format=%(refname)%00%(upstream:short)%00%(objectname)%00%(upstream:track)%00%(upstream:remotename)%00%(upstream:remoteref) refs/heads/master refs/remotes/master [2ms]
[2022-06-06T16:47:42.416Z] > git for-each-ref --sort -committerdate --format %(refname) %(objectname) %(*objectname) [7ms]
[2022-06-06T16:47:42.418Z] > git remote --verbose [4ms]
[2022-06-06T16:47:42.430Z] > git config --get commit.template [2ms]
[2022-06-06T16:47:53.862Z] > git status -z -uall [3ms]
[2022-06-06T16:47:53.873Z] > git symbolic-ref --short HEAD [2ms]
[2022-06-06T16:47:53.881Z] > git for-each-ref --format=%(refname)%00%(upstream:short)%00%(objectname)%00%(upstream:track)%00%(upstream:remotename)%00%(upstream:remoteref) refs/heads/master refs/remotes/master [2ms]
[2022-06-06T16:47:53.898Z] > git for-each-ref --sort -committerdate --format %(refname) %(objectname) %(*objectname) [9ms]
[2022-06-06T16:47:53.899Z] > git remote --verbose [2ms]
[2022-06-06T16:47:53.910Z] > git config --get commit.template [2ms]
[2022-06-06T16:47:58.922Z] > git status -z -uall [3ms]
[2022-06-06T16:47:58.931Z] > git symbolic-ref --short HEAD [2ms]
[2022-06-06T16:47:58.940Z] > git for-each-ref --format=%(refname)%00%(upstream:short)%00%(objectname)%00%(upstream:track)%00%(upstream:remotename)%00%(upstream:remoteref) refs/heads/master refs/remotes/master [2ms]
[2022-06-06T16:47:58.954Z] > git for-each-ref --sort -committerdate --format %(refname) %(objectname) %(*objectname) [7ms]
[2022-06-06T16:47:58.955Z] > git remote --verbose [2ms]
[2022-06-06T16:47:58.964Z] > git config --get commit.template [2ms]
[2022-06-06T16:50:47.666Z] > git status -z -uall [3ms]
[2022-06-06T16:50:47.674Z] > git symbolic-ref --short HEAD [2ms]
[2022-06-06T16:50:47.681Z] > git for-each-ref --format=%(refname)%00%(upstream:short)%00%(objectname)%00%(upstream:track)%00%(upstream:remotename)%00%(upstream:remoteref) refs/heads/master refs/remotes/master [2ms]
[2022-06-06T16:50:47.694Z] > git for-each-ref --sort -committerdate --format %(refname) %(objectname) %(*objectname) [7ms]
[2022-06-06T16:50:47.694Z] > git remote --verbose [1ms]
[2022-06-06T16:50:47.705Z] > git config --get commit.template [3ms]
[2022-06-06T16:51:46.138Z] > git status -z -uall [3ms]
[2022-06-06T16:51:46.147Z] > git symbolic-ref --short HEAD [1ms]
[2022-06-06T16:51:46.158Z] > git for-each-ref --format=%(refname)%00%(upstream:short)%00%(objectname)%00%(upstream:track)%00%(upstream:remotename)%00%(upstream:remoteref) refs/heads/master refs/remotes/master [2ms]
[2022-06-06T16:51:46.173Z] > git for-each-ref --sort -committerdate --format %(refname) %(objectname) %(*objectname) [10ms]
[2022-06-06T16:51:46.175Z] > git remote --verbose [5ms]
[2022-06-06T16:51:46.189Z] > git config --get commit.template [2ms]
[2022-06-06T16:51:51.200Z] > git status -z -uall [3ms]
[2022-06-06T16:51:51.207Z] > git symbolic-ref --short HEAD [1ms]
[2022-06-06T16:51:51.213Z] > git for-each-ref --format=%(refname)%00%(upstream:short)%00%(objectname)%00%(upstream:track)%00%(upstream:remotename)%00%(upstream:remoteref) refs/heads/master refs/remotes/master [1ms]
[2022-06-06T16:51:51.225Z] > git for-each-ref --sort -committerdate --format %(refname) %(objectname) %(*objectname) [7ms]
[2022-06-06T16:51:51.226Z] > git remote --verbose [3ms]
[2022-06-06T16:51:51.237Z] > git config --get commit.template [2ms]
[2022-06-06T16:52:35.726Z] > git status -z -uall [3ms]
[2022-06-06T16:52:35.734Z] > git symbolic-ref --short HEAD [1ms]
[2022-06-06T16:52:35.744Z] > git for-each-ref --format=%(refname)%00%(upstream:short)%00%(objectname)%00%(upstream:track)%00%(upstream:remotename)%00%(upstream:remoteref) refs/heads/master refs/remotes/master [2ms]
[2022-06-06T16:52:35.755Z] > git for-each-ref --sort -committerdate --format %(refname) %(objectname) %(*objectname) [6ms]
[2022-06-06T16:52:35.755Z] > git remote --verbose [1ms]
[2022-06-06T16:52:35.765Z] > git config --get commit.template [1ms]
[2022-06-06T16:52:40.776Z] > git status -z -uall [3ms]
[2022-06-06T16:52:40.783Z] > git symbolic-ref --short HEAD [1ms]
[2022-06-06T16:52:40.793Z] > git for-each-ref --format=%(refname)%00%(upstream:short)%00%(objectname)%00%(upstream:track)%00%(upstream:remotename)%00%(upstream:remoteref) refs/heads/master refs/remotes/master [2ms]
[2022-06-06T16:52:40.810Z] > git for-each-ref --sort -committerdate --format %(refname) %(objectname) %(*objectname) [10ms]
[2022-06-06T16:52:40.810Z] > git remote --verbose [1ms]
[2022-06-06T16:52:40.819Z] > git config --get commit.template [2ms]
[2022-06-06T16:52:45.834Z] > git status -z -uall [2ms]
[2022-06-06T16:52:45.845Z] > git symbolic-ref --short HEAD [2ms]
[2022-06-06T16:52:45.852Z] > git for-each-ref --format=%(refname)%00%(upstream:short)%00%(objectname)%00%(upstream:track)%00%(upstream:remotename)%00%(upstream:remoteref) refs/heads/master refs/remotes/master [2ms]
[2022-06-06T16:52:45.864Z] > git for-each-ref --sort -committerdate --format %(refname) %(objectname) %(*objectname) [7ms]
[2022-06-06T16:52:45.864Z] > git remote --verbose [1ms]
[2022-06-06T16:52:45.875Z] > git config --get commit.template [2ms]
[2022-06-06T16:52:50.886Z] > git status -z -uall [2ms]
[2022-06-06T16:52:50.893Z] > git symbolic-ref --short HEAD [1ms]
[2022-06-06T16:52:50.902Z] > git for-each-ref --format=%(refname)%00%(upstream:short)%00%(objectname)%00%(upstream:track)%00%(upstream:remotename)%00%(upstream:remoteref) refs/heads/master refs/remotes/master [2ms]
[2022-06-06T16:52:50.917Z] > git for-each-ref --sort -committerdate --format %(refname) %(objectname) %(*objectname) [9ms]
[2022-06-06T16:52:50.917Z] > git remote --verbose [1ms]
[2022-06-06T16:52:50.929Z] > git config --get commit.template [1ms]
[2022-06-06T16:53:27.641Z] > git status -z -uall [2ms]
[2022-06-06T16:53:27.685Z] > git symbolic-ref --short HEAD [15ms]
[2022-06-06T16:53:27.724Z] > git for-each-ref --format=%(refname)%00%(upstream:short)%00%(objectname)%00%(upstream:track)%00%(upstream:remotename)%00%(upstream:remoteref) refs/heads/master refs/remotes/master [5ms]
[2022-06-06T16:53:27.782Z] > git remote --verbose [6ms]
[2022-06-06T16:53:27.782Z] > git for-each-ref --sort -committerdate --format %(refname) %(objectname) %(*objectname) [30ms]
[2022-06-06T16:53:27.799Z] > git config --get commit.template [4ms]
[2022-06-06T16:53:47.970Z] > git status -z -uall [3ms]
[2022-06-06T16:53:47.978Z] > git symbolic-ref --short HEAD [2ms]
[2022-06-06T16:53:47.984Z] > git for-each-ref --format=%(refname)%00%(upstream:short)%00%(objectname)%00%(upstream:track)%00%(upstream:remotename)%00%(upstream:remoteref) refs/heads/master refs/remotes/master [2ms]
[2022-06-06T16:53:47.995Z] > git for-each-ref --sort -committerdate --format %(refname) %(objectname) %(*objectname) [5ms]
[2022-06-06T16:53:47.996Z] > git remote --verbose [2ms]
[2022-06-06T16:53:48.007Z] > git config --get commit.template [2ms]
[2022-06-06T16:53:53.019Z] > git status -z -uall [3ms]
[2022-06-06T16:53:53.028Z] > git symbolic-ref --short HEAD [1ms]
[2022-06-06T16:53:53.038Z] > git for-each-ref --format=%(refname)%00%(upstream:short)%00%(objectname)%00%(upstream:track)%00%(upstream:remotename)%00%(upstream:remoteref) refs/heads/master refs/remotes/master [2ms]
[2022-06-06T16:53:53.059Z] > git for-each-ref --sort -committerdate --format %(refname) %(objectname) %(*objectname) [10ms]
[2022-06-06T16:53:53.060Z] > git remote --verbose [4ms]
[2022-06-06T16:53:53.076Z] > git config --get commit.template [3ms]
[2022-06-06T16:53:58.381Z] > git status -z -uall [2ms]
[2022-06-06T16:53:58.392Z] > git symbolic-ref --short HEAD [1ms]
[2022-06-06T16:53:58.398Z] > git for-each-ref --format=%(refname)%00%(upstream:short)%00%(objectname)%00%(upstream:track)%00%(upstream:remotename)%00%(upstream:remoteref) refs/heads/master refs/remotes/master [1ms]
[2022-06-06T16:53:58.412Z] > git for-each-ref --sort -committerdate --format %(refname) %(objectname) %(*objectname) [7ms]
[2022-06-06T16:53:58.412Z] > git remote --verbose [2ms]
[2022-06-06T16:53:58.421Z] > git config --get commit.template [2ms]
[2022-06-06T16:54:03.433Z] > git status -z -uall [3ms]
[2022-06-06T16:54:03.440Z] > git symbolic-ref --short HEAD [1ms]
[2022-06-06T16:54:03.449Z] > git for-each-ref --format=%(refname)%00%(upstream:short)%00%(objectname)%00%(upstream:track)%00%(upstream:remotename)%00%(upstream:remoteref) refs/heads/master refs/remotes/master [2ms]
[2022-06-06T16:54:03.462Z] > git for-each-ref --sort -committerdate --format %(refname) %(objectname) %(*objectname) [6ms]
[2022-06-06T16:54:03.463Z] > git remote --verbose [2ms]
[2022-06-06T16:54:03.474Z] > git config --get commit.template [1ms]
[2022-06-06T16:54:11.923Z] > git status -z -uall [3ms]
[2022-06-06T16:54:11.929Z] > git symbolic-ref --short HEAD [1ms]
[2022-06-06T16:54:11.936Z] > git for-each-ref --format=%(refname)%00%(upstream:short)%00%(objectname)%00%(upstream:track)%00%(upstream:remotename)%00%(upstream:remoteref) refs/heads/master refs/remotes/master [2ms]
[2022-06-06T16:54:11.947Z] > git for-each-ref --sort -committerdate --format %(refname) %(objectname) %(*objectname) [7ms]
[2022-06-06T16:54:11.948Z] > git remote --verbose [3ms]
[2022-06-06T16:54:11.957Z] > git config --get commit.template [2ms]
[2022-06-06T16:54:18.684Z] > git status -z -uall [3ms]
[2022-06-06T16:54:18.693Z] > git symbolic-ref --short HEAD [2ms]
[2022-06-06T16:54:18.703Z] > git for-each-ref --format=%(refname)%00%(upstream:short)%00%(objectname)%00%(upstream:track)%00%(upstream:remotename)%00%(upstream:remoteref) refs/heads/master refs/remotes/master [3ms]
[2022-06-06T16:54:18.715Z] > git for-each-ref --sort -committerdate --format %(refname) %(objectname) %(*objectname) [7ms]
[2022-06-06T16:54:18.716Z] > git remote --verbose [3ms]
[2022-06-06T16:54:18.726Z] > git config --get commit.template [3ms]
[2022-06-06T17:16:06.583Z] > git status -z -uall [10ms]
[2022-06-06T17:16:06.627Z] > git symbolic-ref --short HEAD [7ms]
[2022-06-06T17:16:06.659Z] > git for-each-ref --format=%(refname)%00%(upstream:short)%00%(objectname)%00%(upstream:track)%00%(upstream:remotename)%00%(upstream:remoteref) refs/heads/master refs/remotes/master [6ms]
[2022-06-06T17:16:06.709Z] > git for-each-ref --sort -committerdate --format %(refname) %(objectname) %(*objectname) [24ms]
[2022-06-06T17:16:06.714Z] > git remote --verbose [8ms]
[2022-06-06T17:16:06.746Z] > git config --get commit.template [4ms]
[2022-06-06T17:17:49.947Z] > git status -z -uall [2ms]
[2022-06-06T17:17:49.956Z] > git symbolic-ref --short HEAD [2ms]
[2022-06-06T17:17:49.962Z] > git for-each-ref --format=%(refname)%00%(upstream:short)%00%(objectname)%00%(upstream:track)%00%(upstream:remotename)%00%(upstream:remoteref) refs/heads/master refs/remotes/master [2ms]
[2022-06-06T17:17:49.974Z] > git for-each-ref --sort -committerdate --format %(refname) %(objectname) %(*objectname) [6ms]
[2022-06-06T17:17:49.974Z] > git remote --verbose [1ms]
[2022-06-06T17:17:49.982Z] > git config --get commit.template [1ms]
[2022-06-06T17:18:00.417Z] > git status -z -uall [3ms]
[2022-06-06T17:18:00.425Z] > git symbolic-ref --short HEAD [2ms]
[2022-06-06T17:18:00.435Z] > git for-each-ref --format=%(refname)%00%(upstream:short)%00%(objectname)%00%(upstream:track)%00%(upstream:remotename)%00%(upstream:remoteref) refs/heads/master refs/remotes/master [3ms]
[2022-06-06T17:18:00.451Z] > git for-each-ref --sort -committerdate --format %(refname) %(objectname) %(*objectname) [8ms]
[2022-06-06T17:18:00.452Z] > git remote --verbose [2ms]
[2022-06-06T17:18:00.462Z] > git config --get commit.template [2ms]
[2022-06-06T17:18:07.790Z] > git status -z -uall [4ms]
[2022-06-06T17:18:07.801Z] > git symbolic-ref --short HEAD [2ms]
[2022-06-06T17:18:07.813Z] > git for-each-ref --format=%(refname)%00%(upstream:short)%00%(objectname)%00%(upstream:track)%00%(upstream:remotename)%00%(upstream:remoteref) refs/heads/master refs/remotes/master [2ms]
[2022-06-06T17:18:07.828Z] > git for-each-ref --sort -committerdate --format %(refname) %(objectname) %(*objectname) [8ms]
[2022-06-06T17:18:07.828Z] > git remote --verbose [2ms]
[2022-06-06T17:18:07.836Z] > git config --get commit.template [1ms]
[2022-06-06T17:19:54.536Z] > git status -z -uall [7ms]
[2022-06-06T17:19:54.563Z] > git symbolic-ref --short HEAD [5ms]
[2022-06-06T17:19:54.601Z] > git for-each-ref --format=%(refname)%00%(upstream:short)%00%(objectname)%00%(upstream:track)%00%(upstream:remotename)%00%(upstream:remoteref) refs/heads/master refs/remotes/master [12ms]
[2022-06-06T17:19:54.638Z] > git for-each-ref --sort -committerdate --format %(refname) %(objectname) %(*objectname) [16ms]
[2022-06-06T17:19:54.639Z] > git remote --verbose [3ms]
[2022-06-06T17:19:54.657Z] > git config --get commit.template [4ms]
[2022-06-06T17:20:31.845Z] > git status -z -uall [3ms]
[2022-06-06T17:20:31.853Z] > git symbolic-ref --short HEAD [2ms]
[2022-06-06T17:20:31.862Z] > git for-each-ref --format=%(refname)%00%(upstream:short)%00%(objectname)%00%(upstream:track)%00%(upstream:remotename)%00%(upstream:remoteref) refs/heads/master refs/remotes/master [2ms]
[2022-06-06T17:20:31.874Z] > git for-each-ref --sort -committerdate --format %(refname) %(objectname) %(*objectname) [7ms]
[2022-06-06T17:20:31.874Z] > git remote --verbose [1ms]
[2022-06-06T17:20:31.884Z] > git config --get commit.template [2ms]
[2022-06-06T17:20:36.896Z] > git status -z -uall [3ms]
[2022-06-06T17:20:36.905Z] > git symbolic-ref --short HEAD [2ms]
[2022-06-06T17:20:36.912Z] > git for-each-ref --format=%(refname)%00%(upstream:short)%00%(objectname)%00%(upstream:track)%00%(upstream:remotename)%00%(upstream:remoteref) refs/heads/master refs/remotes/master [2ms]
[2022-06-06T17:20:36.926Z] > git for-each-ref --sort -committerdate --format %(refname) %(objectname) %(*objectname) [7ms]
[2022-06-06T17:20:36.926Z] > git remote --verbose [1ms]
[2022-06-06T17:20:36.939Z] > git config --get commit.template [1ms]
[2022-06-06T17:20:41.952Z] > git status -z -uall [3ms]
[2022-06-06T17:20:41.961Z] > git symbolic-ref --short HEAD [1ms]
[2022-06-06T17:20:41.969Z] > git for-each-ref --format=%(refname)%00%(upstream:short)%00%(objectname)%00%(upstream:track)%00%(upstream:remotename)%00%(upstream:remoteref) refs/heads/master refs/remotes/master [3ms]
[2022-06-06T17:20:41.983Z] > git for-each-ref --sort -committerdate --format %(refname) %(objectname) %(*objectname) [8ms]
[2022-06-06T17:20:41.983Z] > git remote --verbose [3ms]
[2022-06-06T17:20:41.993Z] > git config --get commit.template [2ms]
[2022-06-06T17:20:47.002Z] > git status -z -uall [2ms]
[2022-06-06T17:20:47.009Z] > git symbolic-ref --short HEAD [2ms]
[2022-06-06T17:20:47.017Z] > git for-each-ref --format=%(refname)%00%(upstream:short)%00%(objectname)%00%(upstream:track)%00%(upstream:remotename)%00%(upstream:remoteref) refs/heads/master refs/remotes/master [2ms]
[2022-06-06T17:20:47.060Z] > git remote --verbose [1ms]
[2022-06-06T17:20:47.061Z] > git for-each-ref --sort -committerdate --format %(refname) %(objectname) %(*objectname) [39ms]
[2022-06-06T17:20:47.072Z] > git config --get commit.template [1ms]
[2022-06-06T17:20:52.083Z] > git status -z -uall [3ms]
[2022-06-06T17:20:52.091Z] > git symbolic-ref --short HEAD [1ms]
[2022-06-06T17:20:52.102Z] > git for-each-ref --format=%(refname)%00%(upstream:short)%00%(objectname)%00%(upstream:track)%00%(upstream:remotename)%00%(upstream:remoteref) refs/heads/master refs/remotes/master [2ms]
[2022-06-06T17:20:52.112Z] > git for-each-ref --sort -committerdate --format %(refname) %(objectname) %(*objectname) [6ms]
[2022-06-06T17:20:52.112Z] > git remote --verbose [1ms]
[2022-06-06T17:20:52.124Z] > git config --get commit.template [1ms]
[2022-06-06T17:20:57.138Z] > git status -z -uall [2ms]
[2022-06-06T17:20:57.147Z] > git symbolic-ref --short HEAD [2ms]
[2022-06-06T17:20:57.155Z] > git for-each-ref --format=%(refname)%00%(upstream:short)%00%(objectname)%00%(upstream:track)%00%(upstream:remotename)%00%(upstream:remoteref) refs/heads/master refs/remotes/master [2ms]
[2022-06-06T17:20:57.167Z] > git for-each-ref --sort -committerdate --format %(refname) %(objectname) %(*objectname) [7ms]
[2022-06-06T17:20:57.168Z] > git remote --verbose [2ms]
[2022-06-06T17:20:57.177Z] > git config --get commit.template [1ms]
[2022-06-06T17:21:38.622Z] > git status -z -uall [4ms]
[2022-06-06T17:21:38.630Z] > git symbolic-ref --short HEAD [2ms]
[2022-06-06T17:21:38.640Z] > git for-each-ref --format=%(refname)%00%(upstream:short)%00%(objectname)%00%(upstream:track)%00%(upstream:remotename)%00%(upstream:remoteref) refs/heads/master refs/remotes/master [4ms]
[2022-06-06T17:21:38.656Z] > git for-each-ref --sort -committerdate --format %(refname) %(objectname) %(*objectname) [10ms]
[2022-06-06T17:21:38.656Z] > git remote --verbose [2ms]
[2022-06-06T17:21:38.664Z] > git config --get commit.template [1ms]
[2022-06-06T17:21:45.665Z] > git status -z -uall [4ms]
[2022-06-06T17:21:45.673Z] > git symbolic-ref --short HEAD [1ms]
[2022-06-06T17:21:45.680Z] > git for-each-ref --format=%(refname)%00%(upstream:short)%00%(objectname)%00%(upstream:track)%00%(upstream:remotename)%00%(upstream:remoteref) refs/heads/master refs/remotes/master [2ms]
[2022-06-06T17:21:45.692Z] > git for-each-ref --sort -committerdate --format %(refname) %(objectname) %(*objectname) [7ms]
[2022-06-06T17:21:45.692Z] > git remote --verbose [2ms]
[2022-06-06T17:21:45.702Z] > git config --get commit.template [3ms]
[2022-06-06T17:21:52.473Z] > git status -z -uall [3ms]
[2022-06-06T17:21:52.482Z] > git symbolic-ref --short HEAD [2ms]
[2022-06-06T17:21:52.488Z] > git for-each-ref --format=%(refname)%00%(upstream:short)%00%(objectname)%00%(upstream:track)%00%(upstream:remotename)%00%(upstream:remoteref) refs/heads/master refs/remotes/master [1ms]
[2022-06-06T17:21:52.503Z] > git remote --verbose [2ms]
[2022-06-06T17:21:52.503Z] > git for-each-ref --sort -committerdate --format %(refname) %(objectname) %(*objectname) [9ms]
[2022-06-06T17:21:52.513Z] > git config --get commit.template [1ms]
[2022-06-06T17:21:57.526Z] > git status -z -uall [3ms]
[2022-06-06T17:21:57.535Z] > git symbolic-ref --short HEAD [2ms]
[2022-06-06T17:21:57.542Z] > git for-each-ref --format=%(refname)%00%(upstream:short)%00%(objectname)%00%(upstream:track)%00%(upstream:remotename)%00%(upstream:remoteref) refs/heads/master refs/remotes/master [2ms]
[2022-06-06T17:21:57.556Z] > git for-each-ref --sort -committerdate --format %(refname) %(objectname) %(*objectname) [7ms]
[2022-06-06T17:21:57.556Z] > git remote --verbose [1ms]
[2022-06-06T17:21:57.566Z] > git config --get commit.template [2ms]
[2022-06-06T17:22:32.663Z] > git status -z -uall [3ms]
[2022-06-06T17:22:32.672Z] > git symbolic-ref --short HEAD [2ms]
[2022-06-06T17:22:32.680Z] > git for-each-ref --format=%(refname)%00%(upstream:short)%00%(objectname)%00%(upstream:track)%00%(upstream:remotename)%00%(upstream:remoteref) refs/heads/master refs/remotes/master [1ms]
[2022-06-06T17:22:32.693Z] > git for-each-ref --sort -committerdate --format %(refname) %(objectname) %(*objectname) [7ms]
[2022-06-06T17:22:32.694Z] > git remote --verbose [2ms]
[2022-06-06T17:22:32.702Z] > git config --get commit.template [1ms]
[2022-06-06T17:22:37.712Z] > git status -z -uall [2ms]
[2022-06-06T17:22:37.719Z] > git symbolic-ref --short HEAD [2ms]
[2022-06-06T17:22:37.730Z] > git for-each-ref --format=%(refname)%00%(upstream:short)%00%(objectname)%00%(upstream:track)%00%(upstream:remotename)%00%(upstream:remoteref) refs/heads/master refs/remotes/master [3ms]
[2022-06-06T17:22:37.745Z] > git for-each-ref --sort -committerdate --format %(refname) %(objectname) %(*objectname) [7ms]
[2022-06-06T17:22:37.745Z] > git remote --verbose [1ms]
[2022-06-06T17:22:37.757Z] > git config --get commit.template [1ms]
[2022-06-06T17:22:42.765Z] > git status -z -uall [2ms]
[2022-06-06T17:22:42.774Z] > git symbolic-ref --short HEAD [1ms]
[2022-06-06T17:22:42.782Z] > git for-each-ref --format=%(refname)%00%(upstream:short)%00%(objectname)%00%(upstream:track)%00%(upstream:remotename)%00%(upstream:remoteref) refs/heads/master refs/remotes/master [1ms]
[2022-06-06T17:22:42.796Z] > git for-each-ref --sort -committerdate --format %(refname) %(objectname) %(*objectname) [7ms]
[2022-06-06T17:22:42.796Z] > git remote --verbose [1ms]
[2022-06-06T17:22:42.805Z] > git config --get commit.template [1ms]
[2022-06-06T17:22:47.819Z] > git status -z -uall [2ms]
[2022-06-06T17:22:47.827Z] > git symbolic-ref --short HEAD [1ms]
[2022-06-06T17:22:47.834Z] > git for-each-ref --format=%(refname)%00%(upstream:short)%00%(objectname)%00%(upstream:track)%00%(upstream:remotename)%00%(upstream:remoteref) refs/heads/master refs/remotes/master [2ms]
[2022-06-06T17:22:47.845Z] > git for-each-ref --sort -committerdate --format %(refname) %(objectname) %(*objectname) [6ms]
[2022-06-06T17:22:47.845Z] > git remote --verbose [1ms]
[2022-06-06T17:22:47.856Z] > git config --get commit.template [1ms]
[2022-06-06T17:22:58.930Z] > git status -z -uall [4ms]
[2022-06-06T17:22:58.940Z] > git symbolic-ref --short HEAD [2ms]
[2022-06-06T17:22:58.951Z] > git for-each-ref --format=%(refname)%00%(upstream:short)%00%(objectname)%00%(upstream:track)%00%(upstream:remotename)%00%(upstream:remoteref) refs/heads/master refs/remotes/master [2ms]
[2022-06-06T17:22:58.967Z] > git for-each-ref --sort -committerdate --format %(refname) %(objectname) %(*objectname) [10ms]
[2022-06-06T17:22:58.968Z] > git remote --verbose [2ms]
[2022-06-06T17:22:58.976Z] > git config --get commit.template [1ms]
