[2022-06-06T21:34:26.869Z] La validación encontró GIT en: git
[2022-06-06T21:34:27.018Z] Usando GIT 2.36.1 de git
[2022-06-06T21:34:27.238Z] > git rev-parse --show-toplevel [172ms]
[2022-06-06T21:34:27.905Z] > git rev-parse --git-dir --git-common-dir [645ms]
[2022-06-06T21:34:27.920Z] Open repository: /home/jose/github/Java
[2022-06-06T21:34:27.998Z] > git status -z -uall [63ms]
[2022-06-06T21:34:28.012Z] > git symbolic-ref --short HEAD [4ms]
[2022-06-06T21:34:28.030Z] > git for-each-ref --format=%(refname)%00%(upstream:short)%00%(objectname)%00%(upstream:track)%00%(upstream:remotename)%00%(upstream:remoteref) refs/heads/master refs/remotes/master [5ms]
[2022-06-06T21:34:28.060Z] > git remote --verbose [5ms]
[2022-06-06T21:34:28.079Z] > git for-each-ref --sort -committerdate --format %(refname) %(objectname) %(*objectname) [37ms]
[2022-06-06T21:34:28.102Z] > git config --get commit.template [3ms]
[2022-06-06T21:34:29.438Z] > git show --textconv :README.md [179ms]
[2022-06-06T21:34:29.439Z] > git ls-files --stage -- /home/jose/github/Java/README.md [157ms]
[2022-06-06T21:34:29.531Z] > git check-ignore -v -z --stdin [99ms]
[2022-06-06T21:34:29.539Z] > git cat-file -s 9d0361533d73f1304ae03988ffccd124463a4f9a [12ms]
[2022-06-06T21:35:59.186Z] > git status -z -uall [13ms]
[2022-06-06T21:35:59.206Z] > git symbolic-ref --short HEAD [4ms]
[2022-06-06T21:35:59.224Z] > git for-each-ref --format=%(refname)%00%(upstream:short)%00%(objectname)%00%(upstream:track)%00%(upstream:remotename)%00%(upstream:remoteref) refs/heads/master refs/remotes/master [5ms]
[2022-06-06T21:35:59.256Z] > git for-each-ref --sort -committerdate --format %(refname) %(objectname) %(*objectname) [18ms]
[2022-06-06T21:35:59.259Z] > git remote --verbose [7ms]
[2022-06-06T21:35:59.286Z] > git config --get commit.template [4ms]
[2022-06-06T21:39:09.819Z] > git status -z -uall [6ms]
[2022-06-06T21:39:09.832Z] > git symbolic-ref --short HEAD [3ms]
[2022-06-06T21:39:09.857Z] > git for-each-ref --format=%(refname)%00%(upstream:short)%00%(objectname)%00%(upstream:track)%00%(upstream:remotename)%00%(upstream:remoteref) refs/heads/master refs/remotes/master [14ms]
[2022-06-06T21:39:09.881Z] > git check-ignore -v -z --stdin [26ms]
[2022-06-06T21:39:09.882Z] > git for-each-ref --sort -committerdate --format %(refname) %(objectname) %(*objectname) [15ms]
[2022-06-06T21:39:09.884Z] > git remote --verbose [8ms]
[2022-06-06T21:39:09.907Z] > git config --get commit.template [4ms]
[2022-06-06T21:39:29.136Z] > git status -z -uall [17ms]
[2022-06-06T21:39:29.150Z] > git check-ignore -v -z --stdin [16ms]
[2022-06-06T21:39:29.153Z] > git symbolic-ref --short HEAD [4ms]
[2022-06-06T21:39:29.167Z] > git for-each-ref --format=%(refname)%00%(upstream:short)%00%(objectname)%00%(upstream:track)%00%(upstream:remotename)%00%(upstream:remoteref) refs/heads/master refs/remotes/master [4ms]
[2022-06-06T21:39:29.195Z] > git for-each-ref --sort -committerdate --format %(refname) %(objectname) %(*objectname) [15ms]
[2022-06-06T21:39:29.196Z] > git remote --verbose [5ms]
[2022-06-06T21:39:29.212Z] > git config --get commit.template [2ms]
[2022-06-06T21:40:48.346Z] > git status -z -uall [6ms]
[2022-06-06T21:40:48.361Z] > git symbolic-ref --short HEAD [4ms]
[2022-06-06T21:40:48.376Z] > git for-each-ref --format=%(refname)%00%(upstream:short)%00%(objectname)%00%(upstream:track)%00%(upstream:remotename)%00%(upstream:remoteref) refs/heads/master refs/remotes/master [4ms]
[2022-06-06T21:40:48.399Z] > git for-each-ref --sort -committerdate --format %(refname) %(objectname) %(*objectname) [13ms]
[2022-06-06T21:40:48.400Z] > git remote --verbose [4ms]
[2022-06-06T21:40:48.418Z] > git config --get commit.template [4ms]
[2022-06-06T21:40:48.538Z] > git ls-files --stage -- /home/jose/github/Java/README.md [4ms]
[2022-06-06T21:40:48.553Z] > git cat-file -s 9d0361533d73f1304ae03988ffccd124463a4f9a [3ms]
[2022-06-06T21:40:48.574Z] > git show --textconv :README.md [4ms]
[2022-06-06T21:41:01.102Z] > git status -z -uall [9ms]
[2022-06-06T21:41:01.116Z] > git symbolic-ref --short HEAD [4ms]
[2022-06-06T21:41:01.131Z] > git for-each-ref --format=%(refname)%00%(upstream:short)%00%(objectname)%00%(upstream:track)%00%(upstream:remotename)%00%(upstream:remoteref) refs/heads/master refs/remotes/master [5ms]
[2022-06-06T21:41:01.154Z] > git for-each-ref --sort -committerdate --format %(refname) %(objectname) %(*objectname) [13ms]
[2022-06-06T21:41:01.155Z] > git remote --verbose [3ms]
[2022-06-06T21:41:01.179Z] > git config --get commit.template [3ms]
[2022-06-06T21:41:01.212Z] > git ls-files --stage -- /home/jose/github/Java/README.md [4ms]
[2022-06-06T21:41:01.225Z] > git cat-file -s 9d0361533d73f1304ae03988ffccd124463a4f9a [3ms]
[2022-06-06T21:41:01.245Z] > git show --textconv :README.md [4ms]
[2022-06-06T21:41:13.188Z] > git status -z -uall [3ms]
[2022-06-06T21:41:13.198Z] > git symbolic-ref --short HEAD [3ms]
[2022-06-06T21:41:13.207Z] > git for-each-ref --format=%(refname)%00%(upstream:short)%00%(objectname)%00%(upstream:track)%00%(upstream:remotename)%00%(upstream:remoteref) refs/heads/master refs/remotes/master [2ms]
[2022-06-06T21:41:13.223Z] > git for-each-ref --sort -committerdate --format %(refname) %(objectname) %(*objectname) [9ms]
[2022-06-06T21:41:13.223Z] > git remote --verbose [2ms]
[2022-06-06T21:41:13.235Z] > git config --get commit.template [1ms]
[2022-06-06T21:41:13.292Z] > git ls-files --stage -- /home/jose/github/Java/README.md [3ms]
[2022-06-06T21:41:13.300Z] > git cat-file -s 9d0361533d73f1304ae03988ffccd124463a4f9a [2ms]
[2022-06-06T21:41:13.312Z] > git show --textconv :README.md [2ms]
[2022-06-06T21:41:22.451Z] > git status -z -uall [3ms]
[2022-06-06T21:41:22.462Z] > git symbolic-ref --short HEAD [2ms]
[2022-06-06T21:41:22.470Z] > git for-each-ref --format=%(refname)%00%(upstream:short)%00%(objectname)%00%(upstream:track)%00%(upstream:remotename)%00%(upstream:remoteref) refs/heads/master refs/remotes/master [2ms]
[2022-06-06T21:41:22.486Z] > git for-each-ref --sort -committerdate --format %(refname) %(objectname) %(*objectname) [8ms]
[2022-06-06T21:41:22.487Z] > git remote --verbose [3ms]
[2022-06-06T21:41:22.498Z] > git config --get commit.template [1ms]
[2022-06-06T21:41:22.551Z] > git ls-files --stage -- /home/jose/github/Java/README.md [1ms]
[2022-06-06T21:41:22.561Z] > git cat-file -s 9d0361533d73f1304ae03988ffccd124463a4f9a [1ms]
[2022-06-06T21:41:22.572Z] > git show --textconv :README.md [2ms]
[2022-06-06T21:42:30.191Z] > git status -z -uall [8ms]
[2022-06-06T21:42:30.215Z] > git symbolic-ref --short HEAD [5ms]
[2022-06-06T21:42:30.236Z] > git for-each-ref --format=%(refname)%00%(upstream:short)%00%(objectname)%00%(upstream:track)%00%(upstream:remotename)%00%(upstream:remoteref) refs/heads/master refs/remotes/master [5ms]
[2022-06-06T21:42:30.260Z] > git remote --verbose [1ms]
[2022-06-06T21:42:30.260Z] > git for-each-ref --sort -committerdate --format %(refname) %(objectname) %(*objectname) [13ms]
[2022-06-06T21:42:30.278Z] > git config --get commit.template [2ms]
[2022-06-06T21:42:35.290Z] > git status -z -uall [2ms]
[2022-06-06T21:42:35.299Z] > git symbolic-ref --short HEAD [2ms]
[2022-06-06T21:42:35.307Z] > git for-each-ref --format=%(refname)%00%(upstream:short)%00%(objectname)%00%(upstream:track)%00%(upstream:remotename)%00%(upstream:remoteref) refs/heads/master refs/remotes/master [2ms]
[2022-06-06T21:42:35.320Z] > git for-each-ref --sort -committerdate --format %(refname) %(objectname) %(*objectname) [8ms]
[2022-06-06T21:42:35.320Z] > git remote --verbose [2ms]
[2022-06-06T21:42:35.330Z] > git config --get commit.template [1ms]
[2022-06-06T21:42:40.342Z] > git status -z -uall [3ms]
[2022-06-06T21:42:40.351Z] > git symbolic-ref --short HEAD [2ms]
[2022-06-06T21:42:40.361Z] > git for-each-ref --format=%(refname)%00%(upstream:short)%00%(objectname)%00%(upstream:track)%00%(upstream:remotename)%00%(upstream:remoteref) refs/heads/master refs/remotes/master [2ms]
[2022-06-06T21:42:40.375Z] > git for-each-ref --sort -committerdate --format %(refname) %(objectname) %(*objectname) [6ms]
[2022-06-06T21:42:40.375Z] > git remote --verbose [2ms]
[2022-06-06T21:42:40.384Z] > git config --get commit.template [2ms]
[2022-06-06T21:42:45.398Z] > git status -z -uall [3ms]
[2022-06-06T21:42:45.407Z] > git symbolic-ref --short HEAD [1ms]
[2022-06-06T21:42:45.415Z] > git for-each-ref --format=%(refname)%00%(upstream:short)%00%(objectname)%00%(upstream:track)%00%(upstream:remotename)%00%(upstream:remoteref) refs/heads/master refs/remotes/master [3ms]
[2022-06-06T21:42:45.426Z] > git for-each-ref --sort -committerdate --format %(refname) %(objectname) %(*objectname) [5ms]
[2022-06-06T21:42:45.426Z] > git remote --verbose [1ms]
[2022-06-06T21:42:45.436Z] > git config --get commit.template [1ms]
